【登录信息】
[616a3f39c6e3c5632fd0210a65318c96]
`登陆天数: 166天 / 2479天
等级: 157
石头: 406
呼符: 179
友情点: 0 / 19575450`
*連続ログイン5日目
※ログインが途切れるか、7日到達すると
1日目から再開されます*
`叡智の業火 X 2
8月交換券(2023) X 1
`*8周年記念特別回数ログインボーナス*
*開催期間中、1日1回 最大10回 回数ログインボーナスをプレゼント！*
`QP X 3000000
星見のティーポット X 10
`_2023-08-01 19:35:48_
--------
[759adb97f1408e3d56e5b840a52a406c]
`登陆天数: 231天 / 2459天
等级: 146
石头: 384
呼符: 22
友情点: 115 / 6558200`
*連続ログイン7日間到達おめでとうございます！
明日は1日目からリスタートされます。*
`獣の足跡 X 1
呼符 X 1
8月交換券(2023) X 1
`*8周年記念特別回数ログインボーナス*
*開催期間中、1日1回 最大10回 回数ログインボーナスをプレゼント！*
`QP X 3000000
星見のティーポット X 10
`_2023-08-01 19:35:56_
--------
