【登录信息】
[616a3f39c6e3c5632fd0210a65318c96]
`登陆天数: 167天 / 2480天
等级: 157
石头: 410
呼符: 179
友情点: 50 / 19577550`
*連続ログイン6日目
※ログインが途切れるか、7日到達すると
1日目から再開されます*
`聖晶石 X 2
8月交換券(2023) X 1
`*8周年記念特別回数ログインボーナス*
*開催期間中、1日1回 最大10回 回数ログインボーナスをプレゼント！*
`QP X 3000000
マナプリズム X 100
`_2023-08-02 19:35:32_
--------
[759adb97f1408e3d56e5b840a52a406c]
`登陆天数: 232天 / 2460天
等级: 146
石头: 392
呼符: 23
友情点: 110 / 6560085`
*連続ログイン1日目
※ログインが途切れるか、7日到達すると
1日目から再開されます*
`フレンドポイント X 2000
8月交換券(2023) X 1
`*8周年記念特別回数ログインボーナス*
*開催期間中、1日1回 最大10回 回数ログインボーナスをプレゼント！*
`QP X 3000000
マナプリズム X 100
`_2023-08-02 19:35:41_
--------
