【登录信息】
[616a3f39c6e3c5632fd0210a65318c96]
`登陆天数: 168天 / 2481天
等级: 158
石头: 456
呼符: 194
友情点: 0 / 19578750`
*連続ログイン7日間到達おめでとうございます！
明日は1日目からリスタートされます。*
`獣の足跡 X 1
呼符 X 1
8月交換券(2023) X 1
`*8周年記念特別回数ログインボーナス*
*開催期間中、1日1回 最大10回 回数ログインボーナスをプレゼント！*
`英霊結晶・星のフォウくん X 10
英霊結晶・太陽のフォウくん X 10
QP X 3000000
`_2023-08-03 19:35:45_
--------
[759adb97f1408e3d56e5b840a52a406c]
`登陆天数: 233天 / 2461天
等级: 146
石头: 397
呼符: 23
友情点: 730 / 6563785`
*連続ログイン2日目
※ログインが途切れるか、7日到達すると
1日目から再開されます*
`聖晶石 X 1
8月交換券(2023) X 1
`*8周年記念特別回数ログインボーナス*
*開催期間中、1日1回 最大10回 回数ログインボーナスをプレゼント！*
`英霊結晶・星のフォウくん X 10
英霊結晶・太陽のフォウくん X 10
QP X 3000000
`_2023-08-03 19:35:54_
--------
