【登录信息】
[616a3f39c6e3c5632fd0210a65318c96]
`登陆天数: 169天 / 2482天
等级: 158
石头: 456
呼符: 194
友情点: 50 / 19578800`
*連続ログイン1日目
※ログインが途切れるか、7日到達すると
1日目から再開されます*
`フレンドポイント X 2000
8月交換券(2023) X 1
`*8周年記念特別回数ログインボーナス*
*開催期間中、1日1回 最大10回 回数ログインボーナスをプレゼント！*
`英霊結晶・流星のフォウくん X 1
英霊結晶・日輪のフォウくん X 1
QP X 3000000
`_2023-08-04 19:35:30_
--------
[759adb97f1408e3d56e5b840a52a406c]
`登陆天数: 234天 / 2462天
等级: 146
石头: 399
呼符: 23
友情点: 270 / 6565510`
*連続ログイン3日目
※ログインが途切れるか、7日到達すると
1日目から再開されます*
`叡智の業火 X 1
8月交換券(2023) X 1
`*8周年記念特別回数ログインボーナス*
*開催期間中、1日1回 最大10回 回数ログインボーナスをプレゼント！*
`英霊結晶・流星のフォウくん X 1
英霊結晶・日輪のフォウくん X 1
QP X 3000000
`_2023-08-04 19:35:39_
--------
