【登录信息】
[616a3f39c6e3c5632fd0210a65318c96]
`登陆天数: 173天 / 2486天
等级: 158
石头: 456
呼符: 194
友情点: 0 / 19578825`
*連続ログイン5日目
※ログインが途切れるか、7日到達すると
1日目から再開されます*
`叡智の業火 X 2
8月交換券(2023) X 1
`*8周年記念特別回数ログインボーナス*
*開催期間中、1日1回 最大10回 回数ログインボーナスをプレゼント！*
`QP X 3000000
伝承結晶 X 1
`_2023-08-08 19:35:49_
--------
[759adb97f1408e3d56e5b840a52a406c]
`登陆天数: 238天 / 2466天
等级: 146
石头: 445
呼符: 33
友情点: 140 / 6571310`
*連続ログイン7日間到達おめでとうございます！
明日は1日目からリスタートされます。*
`獣の足跡 X 1
呼符 X 1
8月交換券(2023) X 1
`*8周年記念特別回数ログインボーナス*
*開催期間中、1日1回 最大10回 回数ログインボーナスをプレゼント！*
`QP X 3000000
伝承結晶 X 1
`_2023-08-08 19:35:59_
--------
