【登录信息】
[616a3f39c6e3c5632fd0210a65318c96]
`登陆天数: 1天 / 2487天
等级: 158
石头: 456
呼符: 194
友情点: 25 / 19578850`
*連続ログイン1日目
※ログインが途切れるか、7日到達すると
1日目から再開されます*
`フレンドポイント X 2000
8月交換券(2023) X 1
`*「マンガで分かる！Fate/Grand Order」4巻発売記念 特別ログインボーナス*
*開催期間中、初回ログインで「限定概念礼装×1」をプレゼント！*
`米の数だけ抱きしめて X 1
`_2023-08-10 19:35:36_
--------
[759adb97f1408e3d56e5b840a52a406c]
`登陆天数: 240天 / 2468天
等级: 146
石头: 479
呼符: 34
友情点: 20 / 6575340`
*連続ログイン2日目
※ログインが途切れるか、7日到達すると
1日目から再開されます*
`聖晶石 X 1
8月交換券(2023) X 1
`*FGO カルデア放送局 ライト版 ～サバフェス2023～ サバフェス2023開幕直前 初回ログインボーナス*
*開催期間中、初回ログインで「聖晶石×14」をプレゼント！*
`聖晶石 X 14
`_2023-08-10 19:35:45_
--------
