【登录信息】
[616a3f39c6e3c5632fd0210a65318c96]
`登陆天数: 9天 / 2495天
等级: 158
石头: 189
呼符: 205
友情点: 25 / 19685850`
*連続ログイン2日目
※ログインが途切れるか、7日到達すると
1日目から再開されます*
`聖晶石 X 1
8月交換券(2023) X 1
`*サーヴァント・サマー・フェスティバル2023！開幕記念 ログインボーナス*
*開催期間中、1日1回 最大21回ログインボーナスをプレゼント！*
`白銀の果実 X 1
`_2023-08-18 19:35:29_
--------
[759adb97f1408e3d56e5b840a52a406c]
`登陆天数: 248天 / 2476天
等级: 146
石头: 167
呼符: 8
友情点: 240 / 6588930`
*連続ログイン3日目
※ログインが途切れるか、7日到達すると
1日目から再開されます*
`叡智の業火 X 1
8月交換券(2023) X 1
`*サーヴァント・サマー・フェスティバル2023！開幕記念 ログインボーナス*
*開催期間中、1日1回 最大21回ログインボーナスをプレゼント！*
`白銀の果実 X 1
`_2023-08-18 19:35:39_
--------
