【登录信息】
[616a3f39c6e3c5632fd0210a65318c96]
`登陆天数: 12天 / 2498天
等级: 158
石头: 189
呼符: 205
友情点: 25 / 19686200`
*連続ログイン5日目
※ログインが途切れるか、7日到達すると
1日目から再開されます*
`叡智の業火 X 2
8月交換券(2023) X 1
`*サーヴァント・サマー・フェスティバル2023！開幕記念 ログインボーナス*
*開催期間中、1日1回 最大21回ログインボーナスをプレゼント！*
`白銀の果実 X 1
`_2023-08-21 19:35:43_
--------
[759adb97f1408e3d56e5b840a52a406c]
`登陆天数: 251天 / 2479天
等级: 146
石头: 170
呼符: 7
友情点: 200 / 6594595`
*連続ログイン6日目
※ログインが途切れるか、7日到達すると
1日目から再開されます*
`聖晶石 X 2
8月交換券(2023) X 1
`*サーヴァント・サマー・フェスティバル2023！開幕記念 ログインボーナス*
*開催期間中、1日1回 最大21回ログインボーナスをプレゼント！*
`白銀の果実 X 1
`_2023-08-21 19:35:52_
--------
