【登录信息】
[616a3f39c6e3c5632fd0210a65318c96]
`登陆天数: 20天 / 2506天
等级: 158
石头: 256
呼符: 210
友情点: 25 / 19693365`
*連続ログイン6日目
※ログインが途切れるか、7日到達すると
1日目から再開されます*
`聖晶石 X 2
8月交換券(2023) X 1
`*サーヴァント・サマー・フェスティバル2023！開幕記念 ログインボーナス*
*開催期間中、1日1回 最大21回ログインボーナスをプレゼント！*
`白銀の果実 X 1
`_2023-08-29 19:35:37_
--------
[759adb97f1408e3d56e5b840a52a406c]
`登陆天数: 259天 / 2487天
等级: 147
石头: 179
呼符: 7
友情点: 675 / 6606410`
*連続ログイン7日間到達おめでとうございます！
明日は1日目からリスタートされます。*
`獣の足跡 X 1
呼符 X 1
8月交換券(2023) X 1
`*サーヴァント・サマー・フェスティバル2023！開幕記念 ログインボーナス*
*開催期間中、1日1回 最大21回ログインボーナスをプレゼント！*
`白銀の果実 X 1
`_2023-08-29 19:35:47_
--------
