【登录信息】
[616a3f39c6e3c5632fd0210a65318c96]
`登陆天数: 21天 / 2507天
等级: 158
石头: 256
呼符: 210
友情点: 50 / 19693415`
*連続ログイン7日間到達おめでとうございます！
明日は1日目からリスタートされます。*
`獣の足跡 X 1
呼符 X 1
8月交換券(2023) X 1
`*サーヴァント・サマー・フェスティバル2023！開幕記念 ログインボーナス*
*開催期間中、1日1回 最大21回ログインボーナスをプレゼント！*
`白銀の果実 X 1
`_2023-08-30 19:35:31_
--------
[759adb97f1408e3d56e5b840a52a406c]
`登陆天数: 260天 / 2488天
等级: 147
石头: 179
呼符: 8
友情点: 560 / 6609310`
*連続ログイン1日目
※ログインが途切れるか、7日到達すると
1日目から再開されます*
`フレンドポイント X 2000
8月交換券(2023) X 1
`*サーヴァント・サマー・フェスティバル2023！開幕記念 ログインボーナス*
*開催期間中、1日1回 最大21回ログインボーナスをプレゼント！*
`白銀の果実 X 1
`_2023-08-30 19:35:40_
--------
