【登录信息】
[616a3f39c6e3c5632fd0210a65318c96]
`登陆天数: 144天 / 2630天
等级: 159
石头: 176
呼符: 234
友情点: 0 / 20760130`
*連続ログイン4日目
※ログインが途切れるか、7日到達すると
1日目から再開されます*
`聖晶石 X 1
1月交換券(2024) X 1
`*2024年お正月キャンペーン　三が日限定ログインボーナス*
*開催期間中、三が日限定のログインボーナスをプレゼント！*
`叡智の業火 X 30
QP X 10000000
`_2023-12-31 19:34:06_
--------
[759adb97f1408e3d56e5b840a52a406c]
`登陆天数: 383天 / 2611天
等级: 147
石头: 106
呼符: 20
友情点: 35 / 6820725`
*連続ログイン5日目
※ログインが途切れるか、7日到達すると
1日目から再開されます*
`叡智の業火 X 2
1月交換券(2024) X 1
`*2024年お正月キャンペーン　三が日限定ログインボーナス*
*開催期間中、三が日限定のログインボーナスをプレゼント！*
`叡智の業火 X 30
QP X 10000000
`_2023-12-31 19:34:14_
--------
