【登录信息】
[616a3f39c6e3c5632fd0210a65318c96]
`登陆天数: 145天 / 2631天
等级: 159
石头: 176
呼符: 234
友情点: 0 / 20760130`
*連続ログイン5日目
※ログインが途切れるか、7日到達すると
1日目から再開されます*
`叡智の業火 X 2
1月交換券(2024) X 1
`*2024年お正月キャンペーン　三が日限定ログインボーナス*
*開催期間中、三が日限定のログインボーナスをプレゼント！*
`伝承結晶 X 1
`_2024-01-01 19:33:52_
--------
[759adb97f1408e3d56e5b840a52a406c]
`登陆天数: 384天 / 2612天
等级: 147
石头: 106
呼符: 20
友情点: 130 / 6820855`
*連続ログイン6日目
※ログインが途切れるか、7日到達すると
1日目から再開されます*
`聖晶石 X 2
1月交換券(2024) X 1
`*2024年お正月キャンペーン　三が日限定ログインボーナス*
*開催期間中、三が日限定のログインボーナスをプレゼント！*
`伝承結晶 X 1
`_2024-01-01 19:34:01_
--------
