【登录信息】
[616a3f39c6e3c5632fd0210a65318c96]
`登陆天数: 154天 / 2640天
等级: 159
石头: 80
呼符: 160
友情点: 0 / 20758730`
*連続ログイン7日間到達おめでとうございます！
明日は1日目からリスタートされます。*
`獣の足跡 X 1
呼符 X 1
1月交換券(2024) X 1
`*「FGO カルデア・サテライトステーション 2023-2024」宮崎会場開催直前 ログインボーナス*
*開催期間中、1日1回 最大3回 ログインボーナスをプレゼント！*
`黄金の果実 X 1
`_2024-01-10 19:34:12_
--------
[759adb97f1408e3d56e5b840a52a406c]
`登陆天数: 393天 / 2621天
等级: 147
石头: 204
呼符: 7
友情点: 140 / 7156275`
*連続ログイン1日目
※ログインが途切れるか、7日到達すると
1日目から再開されます*
`フレンドポイント X 2000
1月交換券(2024) X 1
`*「FGO カルデア・サテライトステーション 2023-2024」宮崎会場開催直前 ログインボーナス*
*開催期間中、1日1回 最大3回 ログインボーナスをプレゼント！*
`黄金の果実 X 1
`_2024-01-10 19:34:21_
--------
