【登录信息】
[616a3f39c6e3c5632fd0210a65318c96]
`登陆天数: 157天 / 2643天
等级: 159
石头: 80
呼符: 160
友情点: 0 / 20758730`
*連続ログイン3日目
※ログインが途切れるか、7日到達すると
1日目から再開されます*
`叡智の業火 X 1
1月交換券(2024) X 1
`*「FGO カルデア・サテライトステーション 2023-2024」宮崎会場開催記念 3万リポスト達成プレゼント*
*開催期間中、初回ログインで「聖晶石×6」をプレゼント！*
`聖晶石 X 6
`_2024-01-13 19:33:52_
--------
[759adb97f1408e3d56e5b840a52a406c]
`登陆天数: 396天 / 2624天
等级: 148
石头: 228
呼符: 7
友情点: 120 / 7160690`
*連続ログイン4日目
※ログインが途切れるか、7日到達すると
1日目から再開されます*
`聖晶石 X 1
1月交換券(2024) X 1
`*「FGO カルデア・サテライトステーション 2023-2024」宮崎会場開催記念 3万リポスト達成プレゼント*
*開催期間中、初回ログインで「聖晶石×6」をプレゼント！*
`聖晶石 X 6
`_2024-01-13 19:34:02_
--------
