【登录信息】
[616a3f39c6e3c5632fd0210a65318c96]
`登陆天数: 159天 / 2645天
等级: 159
石头: 80
呼符: 160
友情点: 0 / 20758730`
*連続ログイン5日目
※ログインが途切れるか、7日到達すると
1日目から再開されます*
`叡智の業火 X 2
1月交換券(2024) X 1
`*Fate/Samurai Remnant×Fate/Grand Order
コラボレーションイベント
開幕直前特別ログインボーナス*
*開催期間中、1日1回 最大7回ログインボーナスをプレゼント！*
`QP X 2000000
聖晶石 X 1
`_2024-01-15 19:34:03_
--------
[759adb97f1408e3d56e5b840a52a406c]
`登陆天数: 398天 / 2626天
等级: 148
石头: 250
呼符: 7
友情点: 160 / 7143845`
*連続ログイン6日目
※ログインが途切れるか、7日到達すると
1日目から再開されます*
`聖晶石 X 2
1月交換券(2024) X 1
`*Fate/Samurai Remnant×Fate/Grand Order
コラボレーションイベント
開幕直前特別ログインボーナス*
*開催期間中、1日1回 最大7回ログインボーナスをプレゼント！*
`QP X 2000000
聖晶石 X 1
`_2024-01-15 19:34:13_
--------
