【登录信息】
[616a3f39c6e3c5632fd0210a65318c96]
`登陆天数: 160天 / 2646天
等级: 159
石头: 80
呼符: 160
友情点: 0 / 20758730`
*連続ログイン6日目
※ログインが途切れるか、7日到達すると
1日目から再開されます*
`聖晶石 X 2
1月交換券(2024) X 1
`*Fate/Samurai Remnant×Fate/Grand Order
コラボレーションイベント
開幕直前特別ログインボーナス*
*開催期間中、1日1回 最大7回ログインボーナスをプレゼント！*
`聖晶石 X 1
白銀の果実 X 1
`_2024-01-16 19:34:12_
--------
[759adb97f1408e3d56e5b840a52a406c]
`登陆天数: 399天 / 2627天
等级: 148
石头: 253
呼符: 7
友情点: 360 / 7144665`
*連続ログイン7日間到達おめでとうございます！
明日は1日目からリスタートされます。*
`獣の足跡 X 1
呼符 X 1
1月交換券(2024) X 1
`*Fate/Samurai Remnant×Fate/Grand Order
コラボレーションイベント
開幕直前特別ログインボーナス*
*開催期間中、1日1回 最大7回ログインボーナスをプレゼント！*
`聖晶石 X 1
白銀の果実 X 1
`_2024-01-16 19:34:22_
--------
