【登录信息】
[616a3f39c6e3c5632fd0210a65318c96]
`登陆天数: 162天 / 2648天
等级: 159
石头: 81
呼符: 160
友情点: 25 / 20758855`
*連続ログイン1日目
※ログインが途切れるか、7日到達すると
1日目から再開されます*
`フレンドポイント X 2000
1月交換券(2024) X 1
`*Fate/Samurai Remnant×Fate/Grand Order
コラボレーションイベント
開幕直前特別ログインボーナス*
*開催期間中、1日1回 最大7回ログインボーナスをプレゼント！*
`英霊結晶・太陽のフォウくん X 5
聖晶石 X 1
`_2024-01-18 19:34:12_
--------
[759adb97f1408e3d56e5b840a52a406c]
`登陆天数: 401天 / 2629天
等级: 148
石头: 261
呼符: 7
友情点: 90 / 7147305`
*連続ログイン2日目
※ログインが途切れるか、7日到達すると
1日目から再開されます*
`聖晶石 X 1
1月交換券(2024) X 1
`*Fate/Samurai Remnant×Fate/Grand Order
コラボレーションイベント
開幕直前特別ログインボーナス*
*開催期間中、1日1回 最大7回ログインボーナスをプレゼント！*
`英霊結晶・太陽のフォウくん X 5
聖晶石 X 1
`_2024-01-18 19:34:21_
--------
