【登录信息】
[616a3f39c6e3c5632fd0210a65318c96]
`登陆天数: 163天 / 2649天
等级: 159
石头: 23
呼符: 148
友情点: 0 / 20759355`
*連続ログイン2日目
※ログインが途切れるか、7日到達すると
1日目から再開されます*
`聖晶石 X 1
1月交換券(2024) X 1
`*Fate/Samurai Remnant×Fate/Grand Order
コラボレーションイベント
開幕直前特別ログインボーナス*
*開催期間中、1日1回 最大7回ログインボーナスをプレゼント！*
`聖晶石 X 1
マナプリズム X 50
`_2024-01-19 19:33:53_
--------
[759adb97f1408e3d56e5b840a52a406c]
`登陆天数: 402天 / 2630天
等级: 148
石头: 266
呼符: 7
友情点: 110 / 7148440`
*連続ログイン3日目
※ログインが途切れるか、7日到達すると
1日目から再開されます*
`叡智の業火 X 1
1月交換券(2024) X 1
`*Fate/Samurai Remnant×Fate/Grand Order
コラボレーションイベント
開幕直前特別ログインボーナス*
*開催期間中、1日1回 最大7回ログインボーナスをプレゼント！*
`聖晶石 X 1
マナプリズム X 50
`_2024-01-19 19:34:03_
--------
