【登录信息】
[616a3f39c6e3c5632fd0210a65318c96]
`登陆天数: 164天 / 2650天
等级: 159
石头: 23
呼符: 148
友情点: 0 / 20759355`
*連続ログイン3日目
※ログインが途切れるか、7日到達すると
1日目から再開されます*
`叡智の業火 X 1
1月交換券(2024) X 1
`*盈月剣風帖開幕記念 ログインボーナス*
*開催期間中、1日1回 最大21回ログインボーナスをプレゼント！*
`白銀の果実 X 1
`_2024-01-20 19:34:03_
--------
[759adb97f1408e3d56e5b840a52a406c]
`登陆天数: 403天 / 2631天
等级: 148
石头: 269
呼符: 7
友情点: 830 / 7150250`
*連続ログイン4日目
※ログインが途切れるか、7日到達すると
1日目から再開されます*
`聖晶石 X 1
1月交換券(2024) X 1
`*盈月剣風帖開幕記念 ログインボーナス*
*開催期間中、1日1回 最大21回ログインボーナスをプレゼント！*
`白銀の果実 X 1
`_2024-01-20 19:34:12_
--------
