【登录信息】
*616a3f39c6e3c5632fd0210a65318c96*
`登陆天数: 47天 / 2794天
等级: 160
石头: 220
呼符: 112
体力: 1611.6133333333332 / 144
友情点: 870 / 21174435`
*連続ログイン5日目
※ログインが途切れるか、7日到達すると
1日目から再開されます*
`叡智の業火 X 2
8月交換券(2024) X 1
`*使用期限付コンティニューアイテムプレゼント！*
*開催期間中、1日1回 最大7回 コンティニューアイテム「霊脈石」をプレゼント！*
`霊脈石 X 1
`_2024-08-01 19:38:14_
--------
*759adb97f1408e3d56e5b840a52a406c*
`登陆天数: 71天 / 2819天
等级: 150
石头: 162
呼符: 16
体力: 84.56666666666666 / 142
友情点: 535 / 7767880`
*連続ログイン1日目
※ログインが途切れるか、7日到達すると
1日目から再開されます*
`フレンドポイント X 2000
8月交換券(2024) X 1
`*使用期限付コンティニューアイテムプレゼント！*
*開催期間中、1日1回 最大7回 コンティニューアイテム「霊脈石」をプレゼント！*
`霊脈石 X 1
`_2024-08-01 19:38:24_
--------
