【登录信息】
*616a3f39c6e3c5632fd0210a65318c96*
`登陆天数: 48天 / 2795天
等级: 160
石头: 220
呼符: 112
体力: 1899.6033333333332 / 144
友情点: 1110 / 21177145`
*連続ログイン6日目
※ログインが途切れるか、7日到達すると
1日目から再開されます*
`聖晶石 X 2
8月交換券(2024) X 1
`*使用期限付コンティニューアイテムプレゼント！*
*開催期間中、1日1回 最大7回 コンティニューアイテム「霊脈石」をプレゼント！*
`霊脈石 X 1
`_2024-08-02 19:38:11_
--------
*759adb97f1408e3d56e5b840a52a406c*
`登陆天数: 72天 / 2820天
等级: 150
石头: 163
呼符: 16
体力: 136.79 / 142
友情点: 310 / 7774835`
*連続ログイン2日目
※ログインが途切れるか、7日到達すると
1日目から再開されます*
`聖晶石 X 1
8月交換券(2024) X 1
`*使用期限付コンティニューアイテムプレゼント！*
*開催期間中、1日1回 最大7回 コンティニューアイテム「霊脈石」をプレゼント！*
`霊脈石 X 1
`_2024-08-02 19:38:21_
--------
