【登录信息】
*616a3f39c6e3c5632fd0210a65318c96*
`登陆天数: 49天 / 2796天
等级: 160
石头: 220
呼符: 112
体力: 2187.4266666666667 / 144
友情点: 990 / 21181855`
*連続ログイン7日間到達おめでとうございます！
明日は1日目からリスタートされます。*
`獣の足跡 X 1
呼符 X 1
8月交換券(2024) X 1
`*使用期限付コンティニューアイテムプレゼント！*
*開催期間中、1日1回 最大7回 コンティニューアイテム「霊脈石」をプレゼント！*
`霊脈石 X 1
`_2024-08-03 19:37:18_
--------
*759adb97f1408e3d56e5b840a52a406c*
`登陆天数: 73天 / 2821天
等级: 150
石头: 179
呼符: 17
体力: 168.62 / 142
友情点: 2300 / 7785690`
*連続ログイン3日目
※ログインが途切れるか、7日到達すると
1日目から再開されます*
`叡智の業火 X 1
8月交換券(2024) X 1
`*使用期限付コンティニューアイテムプレゼント！*
*開催期間中、1日1回 最大7回 コンティニューアイテム「霊脈石」をプレゼント！*
`霊脈石 X 1
`_2024-08-03 19:37:27_
--------
