【登录信息】
*616a3f39c6e3c5632fd0210a65318c96*
`登陆天数: 50天 / 2797天
等级: 160
石头: 57
呼符: 61
体力: 97.62333333333333 / 144
友情点: 150 / 21221115`
*連続ログイン1日目
※ログインが途切れるか、7日到達すると
1日目から再開されます*
`フレンドポイント X 2000
8月交換券(2024) X 1
`*「FGO Expo ～Fate/Grand Order Fes. 2024 9th Anniversary～」配信番組連動キャンペーン報酬プレゼント*
*開催期間中、初回ログインで「聖晶石×100」をプレゼント！*
`聖晶石 X 100
`_2024-08-04 19:37:04_
--------
*759adb97f1408e3d56e5b840a52a406c*
`登陆天数: 74天 / 2822天
等级: 150
石头: 31
呼符: 0
体力: 68.79666666666667 / 142
友情点: 340 / 7794000`
_2024-08-04 19:37:14_
--------
