【登录信息】
*616a3f39c6e3c5632fd0210a65318c96*
`登陆天数: 51天 / 2798天
等级: 160
石头: 57
呼符: 61
体力: 385.69 / 144
友情点: 60 / 21222145`
*連続ログイン2日目
※ログインが途切れるか、7日到達すると
1日目から再開されます*
`聖晶石 X 1
8月交換券(2024) X 1
`*9周年記念特別回数ログインボーナス*
*開催期間中、1日1回 最大10回 回数ログインボーナスをプレゼント！*
`QP X 3000000
フレンドポイント X 100000
獣の足跡 X 3
`_2024-08-05 19:37:25_
--------
*759adb97f1408e3d56e5b840a52a406c*
`登陆天数: 75天 / 2823天
等级: 150
石头: 40
呼符: 0
体力: 34.18000000000001 / 142
友情点: 1770 / 7796615`
*連続ログイン5日目
※ログインが途切れるか、7日到達すると
1日目から再開されます*
`叡智の業火 X 2
8月交換券(2024) X 1
`*9周年記念特別回数ログインボーナス*
*開催期間中、1日1回 最大10回 回数ログインボーナスをプレゼント！*
`QP X 3000000
フレンドポイント X 100000
獣の足跡 X 3
`_2024-08-05 19:37:34_
--------
