【登录信息】
*616a3f39c6e3c5632fd0210a65318c96*
`登陆天数: 54天 / 2801天
等级: 160
石头: 279
呼符: 61
体力: 704.2266666666667 / 144
友情点: 450 / 21330755`
*連続ログイン5日目
※ログインが途切れるか、7日到達すると
1日目から再開されます*
`叡智の業火 X 2
8月交換券(2024) X 1
`*使用期限付コンティニューアイテムプレゼント！*
*開催期間中、1日1回 最大7回 コンティニューアイテム「霊脈石」をプレゼント！*
`霊脈石 X 1
`_2024-08-08 19:39:18_
--------
*759adb97f1408e3d56e5b840a52a406c*
`登陆天数: 78天 / 2826天
等级: 150
石头: 107
呼符: 0
体力: 50.623333333333335 / 142
友情点: 805 / 7925040`
*連続ログイン1日目
※ログインが途切れるか、7日到達すると
1日目から再開されます*
`フレンドポイント X 2000
8月交換券(2024) X 1
`*使用期限付コンティニューアイテムプレゼント！*
*開催期間中、1日1回 最大7回 コンティニューアイテム「霊脈石」をプレゼント！*
`霊脈石 X 1
`_2024-08-08 19:39:28_
--------
