【登录信息】
*616a3f39c6e3c5632fd0210a65318c96*
`登陆天数: 57天 / 2804天
等级: 160
石头: 315
呼符: 61
体力: 354.1 / 144
友情点: 600 / 21336400`
*連続ログイン1日目
※ログインが途切れるか、7日到達すると
1日目から再開されます*
`フレンドポイント X 2000
8月交換券(2024) X 1
`*「水着イベント2024」開幕直前カウントダウンログインボーナス*
*開催期間中、1日1回 7日間日替わりでログインボーナスをプレゼント！*
`英霊結晶・太陽のフォウくん X 10
`_2024-08-11 19:38:21_
--------
*759adb97f1408e3d56e5b840a52a406c*
`登陆天数: 81天 / 2829天
等级: 150
石头: 139
呼符: 10
体力: 61.05 / 142
友情点: 1760 / 7938125`
*連続ログイン4日目
※ログインが途切れるか、7日到達すると
1日目から再開されます*
`聖晶石 X 1
8月交換券(2024) X 1
`*使用期限付コンティニューアイテムプレゼント！*
*開催期間中、1日1回 最大7回 コンティニューアイテム「霊脈石」をプレゼント！*
`霊脈石 X 1
`_2024-08-11 19:38:30_
--------
