【登录信息】
*616a3f39c6e3c5632fd0210a65318c96*
`登陆天数: 58天 / 2805天
等级: 160
石头: 315
呼符: 61
体力: 641.88 / 144
友情点: 590 / 21338780`
*連続ログイン2日目
※ログインが途切れるか、7日到達すると
1日目から再開されます*
`聖晶石 X 1
8月交換券(2024) X 1
`*「水着イベント2024」開幕直前カウントダウンログインボーナス*
*開催期間中、1日1回 7日間日替わりでログインボーナスをプレゼント！*
`黄金の果実 X 1
`_2024-08-12 19:37:15_
--------
*759adb97f1408e3d56e5b840a52a406c*
`登陆天数: 82天 / 2830天
等级: 150
石头: 143
呼符: 10
体力: 51.55333333333333 / 142
友情点: 1840 / 7952595`
*連続ログイン5日目
※ログインが途切れるか、7日到達すると
1日目から再開されます*
`叡智の業火 X 2
8月交換券(2024) X 1
`*使用期限付コンティニューアイテムプレゼント！*
*開催期間中、1日1回 最大7回 コンティニューアイテム「霊脈石」をプレゼント！*
`霊脈石 X 1
`_2024-08-12 19:37:24_
--------
