【登录信息】
*616a3f39c6e3c5632fd0210a65318c96*
`登陆天数: 59天 / 2806天
等级: 160
石头: 315
呼符: 61
体力: 929.89 / 144
友情点: 565 / 21339945`
*連続ログイン3日目
※ログインが途切れるか、7日到達すると
1日目から再開されます*
`叡智の業火 X 1
8月交換券(2024) X 1
`*「水着イベント2024」開幕直前カウントダウンログインボーナス*
*開催期間中、1日1回 7日間日替わりでログインボーナスをプレゼント！*
`獣の足跡 X 1
`_2024-08-13 19:37:18_
--------
*759adb97f1408e3d56e5b840a52a406c*
`登陆天数: 83天 / 2831天
等级: 150
石头: 144
呼符: 10
体力: 276.56666666666666 / 142
友情点: 1760 / 7958220`
*連続ログイン6日目
※ログインが途切れるか、7日到達すると
1日目から再開されます*
`聖晶石 X 2
8月交換券(2024) X 1
`*「水着イベント2024」開幕直前カウントダウンログインボーナス*
*開催期間中、1日1回 7日間日替わりでログインボーナスをプレゼント！*
`獣の足跡 X 1
`_2024-08-13 19:37:28_
--------
