【登录信息】
[616a3f39c6e3c5632fd0210a65318c96]
`登陆天数: 22天 / 2300天
等级: 157
石头: 61
呼符: 114
友情点: 0 / 18906280`
*連続ログイン1日目
※ログインが途切れるか、7日到達すると
1日目から再開されます*
`フレンドポイント X 2000
2月交換券(2023) X 1
`*FGO カルデア放送局 Vol.19 第2部 第7章 ナウイ･ミクトラン(後編) 開幕直前SP 放送記念 初回ログインボーナス*
*開催期間中、初回ログインで「聖晶石×14」をプレゼント！*
`聖晶石 X 14
`_2023-01-31 19:38:18_
--------
[759adb97f1408e3d56e5b840a52a406c]
`登陆天数: 49天 / 2277天
等级: 146
石头: 26
呼符: 2
友情点: 110 / 7181720`
*連続ログイン7日間到達おめでとうございます！
明日は1日目からリスタートされます。*
`獣の足跡 X 1
呼符 X 1
2月交換券(2023) X 1
`*FGO カルデア放送局 Vol.19 第2部 第7章 ナウイ･ミクトラン(後編) 開幕直前SP 放送記念 初回ログインボーナス*
*開催期間中、初回ログインで「聖晶石×14」をプレゼント！*
`聖晶石 X 14
`_2023-01-31 19:38:27_
--------
