【登录信息】
[616a3f39c6e3c5632fd0210a65318c96]
`登陆天数: 23天 / 2301天
等级: 157
石头: 61
呼符: 114
友情点: 0 / 18906280`
*連続ログイン2日目
※ログインが途切れるか、7日到達すると
1日目から再開されます*
`聖晶石 X 1
2月交換券(2023) X 1
`*「FGO ウィンターパーティー 2022-2023」宮城会場開催直前 ログインボーナス*
*開催期間中、1日1回 最大3回 ログインボーナスをプレゼント！*
`黄金の果実 X 1
`_2023-02-01 19:38:11_
--------
[759adb97f1408e3d56e5b840a52a406c]
`登陆天数: 50天 / 2278天
等级: 146
石头: 57
呼符: 7
友情点: 0 / 7182260`
*連続ログイン1日目
※ログインが途切れるか、7日到達すると
1日目から再開されます*
`フレンドポイント X 2000
2月交換券(2023) X 1
`*「FGO ウィンターパーティー 2022-2023」宮城会場開催直前 ログインボーナス*
*開催期間中、1日1回 最大3回 ログインボーナスをプレゼント！*
`黄金の果実 X 1
`_2023-02-01 19:38:21_
--------
