【登录信息】
[616a3f39c6e3c5632fd0210a65318c96]
`登陆天数: 26天 / 2304天
等级: 157
石头: 61
呼符: 114
友情点: 100 / 18906380`
*連続ログイン5日目
※ログインが途切れるか、7日到達すると
1日目から再開されます*
`叡智の業火 X 2
2月交換券(2023) X 1
`*「FGO ウィンターパーティー 2022-2023」宮城会場開催記念 初回ログインボーナス*
*開催期間中、初回ログインで「聖晶石×10」をプレゼント！*
`聖晶石 X 10
`_2023-02-04 19:38:12_
--------
[759adb97f1408e3d56e5b840a52a406c]
`登陆天数: 53天 / 2281天
等级: 146
石头: 58
呼符: 11
友情点: 0 / 7184460`
*連続ログイン4日目
※ログインが途切れるか、7日到達すると
1日目から再開されます*
`聖晶石 X 1
2月交換券(2023) X 1
`*「FGO ウィンターパーティー 2022-2023」宮城会場開催記念 初回ログインボーナス*
*開催期間中、初回ログインで「聖晶石×10」をプレゼント！*
`聖晶石 X 10
`_2023-02-04 19:38:22_
--------
