【登录信息】
[616a3f39c6e3c5632fd0210a65318c96]
`登陆天数: 35天 / 2313天
等级: 157
石头: 214
呼符: 126
友情点: 0 / 18994380`
*連続ログイン7日間到達おめでとうございます！
明日は1日目からリスタートされます。*
`獣の足跡 X 1
呼符 X 1
2月交換券(2023) X 1
`*2700万DL突破記念 特別連続ログインボーナス*
*開催期間中、1日1回 最大7回 連続ログインボーナスをプレゼント！*
`白銀の果実 X 10
`_2023-02-13 19:38:23_
--------
[759adb97f1408e3d56e5b840a52a406c]
`登陆天数: 62天 / 2290天
等级: 146
石头: 88
呼符: 12
友情点: 40 / 7191795`
*連続ログイン6日目
※ログインが途切れるか、7日到達すると
1日目から再開されます*
`聖晶石 X 2
2月交換券(2023) X 1
`*2700万DL突破記念 特別連続ログインボーナス*
*開催期間中、1日1回 最大7回 連続ログインボーナスをプレゼント！*
`白銀の果実 X 10
`_2023-02-13 19:38:32_
--------
