【登录信息】
[616a3f39c6e3c5632fd0210a65318c96]
`登陆天数: 3天 / 2316天
等级: 157
石头: 34
呼符: 126
友情点: 50 / 18994430`
*連続ログイン3日目
※ログインが途切れるか、7日到達すると
1日目から再開されます*
`叡智の業火 X 1
2月交換券(2023) X 1
`*2700万DL突破記念 特別回数ログインボーナス*
*開催期間中、1日1回 最大5回 回数ログインボーナスをプレゼント！*
`レアプリズム X 1
`_2023-02-19 19:35:41_
--------
[759adb97f1408e3d56e5b840a52a406c]
`登陆天数: 68天 / 2296天
等级: 146
石头: 1
呼符: 0
友情点: 30 / 7111075`
*連続ログイン5日目
※ログインが途切れるか、7日到達すると
1日目から再開されます*
`叡智の業火 X 2
2月交換券(2023) X 1
`*2700万DL突破記念 特別連続ログインボーナス*
*開催期間中、1日1回 最大7回 連続ログインボーナスをプレゼント！*
`聖晶石 X 30
`_2023-02-19 19:35:49_
--------
