【登录信息】
*616a3f39c6e3c5632fd0210a65318c96*
`登陆天数: 60天 / 2884天
等级: 160
石头: 244
呼符: 8
体力: 318.18666666666667 / 144
友情点: 1690 / 21642740`
*連続ログイン4日目
※ログインが途切れるか、7日到達すると
1日目から再開されます*
`聖晶石 X 1
11月交換券(2024) X 1
`*秋の戦力増強キャンペーン特別ログインボーナス！*
*開催期間中、1日1回 最大7回 ログインボーナスをプレゼント！*
`QP X 2000000
`_2024-10-31 19:39:19_
--------
*759adb97f1408e3d56e5b840a52a406c*
`登陆天数: 162天 / 2910天
等级: 151
石头: 446
呼符: 21
体力: 366.58000000000004 / 142
友情点: 6570 / 7940480`
*連続ログイン1日目
※ログインが途切れるか、7日到達すると
1日目から再開されます*
`フレンドポイント X 2000
11月交換券(2024) X 1
`*秋の戦力増強キャンペーン特別ログインボーナス！*
*開催期間中、1日1回 最大7回 ログインボーナスをプレゼント！*
`QP X 2000000
`_2024-10-31 19:39:29_
--------
