【登录信息】
*616a3f39c6e3c5632fd0210a65318c96*
`登陆天数: 2天 / 2888天
等级: 160
石头: 261
呼符: 15
体力: 2054.5066666666667 / 144
友情点: 1965 / 21655830`
*連続ログイン2日目
※ログインが途切れるか、7日到達すると
1日目から再開されます*
`聖晶石 X 1
11月交換券(2024) X 1
`*「ぶち壊せ！ ミステリーハウス・クラフターズ ～星の鉱員と日の出の翼～」開幕直前特別ログインボーナス*
*開催期間中、1日1回 最大7回 ログインボーナスをプレゼント！*
`黄金の果実 X 1
`_2024-11-11 19:32:45_
--------
*759adb97f1408e3d56e5b840a52a406c*
`登陆天数: 173天 / 2921天
等级: 151
石头: 473
呼符: 25
体力: 1343.0033333333333 / 142
友情点: 3170 / 8007285`
*連続ログイン5日目
※ログインが途切れるか、7日到達すると
1日目から再開されます*
`叡智の業火 X 2
11月交換券(2024) X 1
`*「ぶち壊せ！ ミステリーハウス・クラフターズ ～星の鉱員と日の出の翼～」開幕直前特別ログインボーナス*
*開催期間中、1日1回 最大7回 ログインボーナスをプレゼント！*
`黄金の果実 X 1
`_2024-11-11 19:32:56_
--------
