【登录信息】
*616a3f39c6e3c5632fd0210a65318c96*
`登陆天数: 3天 / 2889天
等级: 160
石头: 261
呼符: 15
体力: 2342.5066666666667 / 144
友情点: 3290 / 21662520`
*連続ログイン3日目
※ログインが途切れるか、7日到達すると
1日目から再開されます*
`叡智の業火 X 1
11月交換券(2024) X 1
`*「ぶち壊せ！ ミステリーハウス・クラフターズ ～星の鉱員と日の出の翼～」開幕直前特別ログインボーナス*
*開催期間中、1日1回 最大7回 ログインボーナスをプレゼント！*
`QP X 1000000
`_2024-11-12 19:32:45_
--------
*759adb97f1408e3d56e5b840a52a406c*
`登陆天数: 174天 / 2922天
等级: 151
石头: 473
呼符: 25
体力: 1631.0 / 142
友情点: 1895 / 8014960`
*連続ログイン6日目
※ログインが途切れるか、7日到達すると
1日目から再開されます*
`聖晶石 X 2
11月交換券(2024) X 1
`*「ぶち壊せ！ ミステリーハウス・クラフターズ ～星の鉱員と日の出の翼～」開幕直前特別ログインボーナス*
*開催期間中、1日1回 最大7回 ログインボーナスをプレゼント！*
`聖晶石 X 2
`_2024-11-12 19:32:55_
--------
