【登录信息】
[616a3f39c6e3c5632fd0210a65318c96]
`登陆天数: 7天 / 2659天
等级: 159
石头: 138
呼符: 152
友情点: 0 / 20774005`
*連続ログイン7日間到達おめでとうございます！
明日は1日目からリスタートされます。*
`獣の足跡 X 1
呼符 X 1
2月交換券(2024) X 1
`*日替りログインボーナス*
*開催期間中、1日1回 2週間日替りでログインボーナスをプレゼント！*
`聖晶石 X 1
巡霊の葉 X 50
`_2024-02-01 19:37:13_
--------
[759adb97f1408e3d56e5b840a52a406c]
`登陆天数: 10天 / 2642天
等级: 148
石头: 313
呼符: 14
友情点: 50 / 7165850`
*連続ログイン3日目
※ログインが途切れるか、7日到達すると
1日目から再開されます*
`叡智の業火 X 1
2月交換券(2024) X 1
`*日替りログインボーナス*
*開催期間中、1日1回 2週間日替りでログインボーナスをプレゼント！*
`聖晶石 X 1
巡霊の葉 X 50
`_2024-02-01 19:37:23_
--------
