【登录信息】
[616a3f39c6e3c5632fd0210a65318c96]
`登陆天数: 9天 / 2661天
等级: 159
石头: 162
呼符: 153
友情点: 25 / 20780255`
*連続ログイン2日目
※ログインが途切れるか、7日到達すると
1日目から再開されます*
`聖晶石 X 1
2月交換券(2024) X 1
`*日替りログインボーナス*
*開催期間中、1日1回 2週間日替りでログインボーナスをプレゼント！*
`巡霊の葉 X 30
`_2024-02-03 19:37:04_
--------
[759adb97f1408e3d56e5b840a52a406c]
`登陆天数: 12天 / 2644天
等级: 148
石头: 339
呼符: 13
友情点: 120 / 7170925`
*連続ログイン5日目
※ログインが途切れるか、7日到達すると
1日目から再開されます*
`叡智の業火 X 2
2月交換券(2024) X 1
`*日替りログインボーナス*
*開催期間中、1日1回 2週間日替りでログインボーナスをプレゼント！*
`巡霊の葉 X 30
`_2024-02-03 19:37:14_
--------
