【登录信息】
[616a3f39c6e3c5632fd0210a65318c96]
`登陆天数: 10天 / 2662天
等级: 159
石头: 162
呼符: 153
友情点: 0 / 20781455`
*連続ログイン3日目
※ログインが途切れるか、7日到達すると
1日目から再開されます*
`叡智の業火 X 1
2月交換券(2024) X 1
`*日替りログインボーナス*
*開催期間中、1日1回 2週間日替りでログインボーナスをプレゼント！*
`聖晶石 X 1
巡霊の葉 X 80
`_2024-02-04 19:37:28_
--------
[759adb97f1408e3d56e5b840a52a406c]
`登陆天数: 13天 / 2645天
等级: 148
石头: 342
呼符: 13
友情点: 140 / 7171780`
*連続ログイン6日目
※ログインが途切れるか、7日到達すると
1日目から再開されます*
`聖晶石 X 2
2月交換券(2024) X 1
`*日替りログインボーナス*
*開催期間中、1日1回 2週間日替りでログインボーナスをプレゼント！*
`聖晶石 X 1
巡霊の葉 X 80
`_2024-02-04 19:37:38_
--------
