【登录信息】
[616a3f39c6e3c5632fd0210a65318c96]
`登陆天数: 11天 / 2663天
等级: 159
石头: 169
呼符: 158
友情点: 0 / 20782655`
*連続ログイン4日目
※ログインが途切れるか、7日到達すると
1日目から再開されます*
`聖晶石 X 1
2月交換券(2024) X 1
`*日替りログインボーナス*
*開催期間中、1日1回 2週間日替りでログインボーナスをプレゼント！*
`巡霊の葉 X 30
`_2024-02-05 19:37:27_
--------
[759adb97f1408e3d56e5b840a52a406c]
`登陆天数: 14天 / 2646天
等级: 148
石头: 365
呼符: 13
友情点: 515 / 7173180`
*連続ログイン7日間到達おめでとうございます！
明日は1日目からリスタートされます。*
`獣の足跡 X 1
呼符 X 1
2月交換券(2024) X 1
`*日替りログインボーナス*
*開催期間中、1日1回 2週間日替りでログインボーナスをプレゼント！*
`巡霊の葉 X 30
`_2024-02-05 19:37:37_
--------
