【登录信息】
[616a3f39c6e3c5632fd0210a65318c96]
`登陆天数: 12天 / 2664天
等级: 159
石头: 169
呼符: 158
友情点: 0 / 20782655`
*連続ログイン5日目
※ログインが途切れるか、7日到達すると
1日目から再開されます*
`叡智の業火 X 2
2月交換券(2024) X 1
`*盈月剣風帖開幕記念 ログインボーナス*
*開催期間中、1日1回 最大21回ログインボーナスをプレゼント！*
`白銀の果実 X 1
`_2024-02-06 19:37:21_
--------
[759adb97f1408e3d56e5b840a52a406c]
`登陆天数: 15天 / 2647天
等级: 148
石头: 365
呼符: 14
友情点: 220 / 7173540`
*連続ログイン1日目
※ログインが途切れるか、7日到達すると
1日目から再開されます*
`フレンドポイント X 2000
2月交換券(2024) X 1
`*盈月剣風帖開幕記念 ログインボーナス*
*開催期間中、1日1回 最大21回ログインボーナスをプレゼント！*
`白銀の果実 X 1
`_2024-02-06 19:37:31_
--------
