【登录信息】
[616a3f39c6e3c5632fd0210a65318c96]
`登陆天数: 13天 / 2665天
等级: 159
石头: 169
呼符: 158
友情点: 0 / 20782655`
*連続ログイン6日目
※ログインが途切れるか、7日到達すると
1日目から再開されます*
`聖晶石 X 2
2月交換券(2024) X 1
`*日替りログインボーナス*
*開催期間中、1日1回 2週間日替りでログインボーナスをプレゼント！*
`聖晶石 X 3
巡霊の葉 X 50
`_2024-02-07 19:37:21_
--------
[759adb97f1408e3d56e5b840a52a406c]
`登陆天数: 16天 / 2648天
等级: 148
石头: 367
呼符: 14
友情点: 330 / 7176265`
*連続ログイン2日目
※ログインが途切れるか、7日到達すると
1日目から再開されます*
`聖晶石 X 1
2月交換券(2024) X 1
`*日替りログインボーナス*
*開催期間中、1日1回 2週間日替りでログインボーナスをプレゼント！*
`聖晶石 X 3
巡霊の葉 X 50
`_2024-02-07 19:37:31_
--------
