【登录信息】
[616a3f39c6e3c5632fd0210a65318c96]
`登陆天数: 16天 / 2668天
等级: 159
石头: 57
呼符: 158
友情点: 0 / 20782780`
*連続ログイン2日目
※ログインが途切れるか、7日到達すると
1日目から再開されます*
`聖晶石 X 1
2月交換券(2024) X 1
`*日替りログインボーナス*
*開催期間中、1日1回 2週間日替りでログインボーナスをプレゼント！*
`巡霊の葉 X 30
`_2024-02-10 19:37:16_
--------
[759adb97f1408e3d56e5b840a52a406c]
`登陆天数: 19天 / 2651天
等级: 148
石头: 43
呼符: 4
友情点: 9810 / 7189805`
*連続ログイン5日目
※ログインが途切れるか、7日到達すると
1日目から再開されます*
`叡智の業火 X 2
2月交換券(2024) X 1
`*日替りログインボーナス*
*開催期間中、1日1回 2週間日替りでログインボーナスをプレゼント！*
`巡霊の葉 X 30
`_2024-02-10 19:37:26_
--------
