【登录信息】
[616a3f39c6e3c5632fd0210a65318c96]
`登陆天数: 17天 / 2669天
等级: 159
石头: 57
呼符: 158
友情点: 0 / 20782780`
*連続ログイン3日目
※ログインが途切れるか、7日到達すると
1日目から再開されます*
`叡智の業火 X 1
2月交換券(2024) X 1
`*「FGO カルデア・サテライトステーション 2023-2024」新潟会場開催記念 3万リポスト達成プレゼント*
*開催期間中、初回ログインで「聖晶石×6」をプレゼント！*
`聖晶石 X 6
`_2024-02-11 19:37:18_
--------
[759adb97f1408e3d56e5b840a52a406c]
`登陆天数: 20天 / 2652天
等级: 148
石头: 66
呼符: 4
友情点: 13415 / 7209990`
*連続ログイン6日目
※ログインが途切れるか、7日到達すると
1日目から再開されます*
`聖晶石 X 2
2月交換券(2024) X 1
`*「FGO カルデア・サテライトステーション 2023-2024」新潟会場開催記念 3万リポスト達成プレゼント*
*開催期間中、初回ログインで「聖晶石×6」をプレゼント！*
`聖晶石 X 6
`_2024-02-11 19:37:28_
--------
