【登录信息】
[616a3f39c6e3c5632fd0210a65318c96]
`登陆天数: 19天 / 2671天
等级: 159
石头: 65
呼符: 158
友情点: 0 / 20783130`
*連続ログイン5日目
※ログインが途切れるか、7日到達すると
1日目から再開されます*
`叡智の業火 X 2
2月交換券(2024) X 1
`*バレンタイン2024
開幕直前特別ログインボーナス*
*開催期間中、1日1回 最大7回ログインボーナスをプレゼント！*
`マナプリズム X 50
`_2024-02-13 19:37:18_
--------
[759adb97f1408e3d56e5b840a52a406c]
`登陆天数: 22天 / 2654天
等级: 148
石头: 76
呼符: 4
友情点: 130 / 7212250`
*連続ログイン1日目
※ログインが途切れるか、7日到達すると
1日目から再開されます*
`フレンドポイント X 2000
2月交換券(2024) X 1
`*日替りログインボーナス*
*開催期間中、1日1回 2週間日替りでログインボーナスをプレゼント！*
`巡霊の葉 X 30
`_2024-02-13 19:37:30_
--------
