【登录信息】
*616a3f39c6e3c5632fd0210a65318c96*
`登陆天数: 15天 / 2762天
等级: 160
石头: 86
呼符: 91
体力: 3693.38 / 144
友情点: 850 / 20961685`
*連続ログイン1日目
※ログインが途切れるか、7日到達すると
1日目から再開されます*
`フレンドポイント X 2000
7月交換券(2024) X 1
`*踊るドラゴン・キャッスル！ ～深海の姫君とふたつの宝玉～ 開幕記念 ログインボーナス*
*開催期間中、1日1回 最大21回 ログインボーナスをプレゼント！*
`白銀の果実 X 1
`_2024-06-30 19:37:29_
--------
*759adb97f1408e3d56e5b840a52a406c*
`登陆天数: 39天 / 2787天
等级: 149
石头: 26
呼符: 0
体力: 309.39666666666665 / 142
友情点: 790 / 7503120`
*連続ログイン4日目
※ログインが途切れるか、7日到達すると
1日目から再開されます*
`聖晶石 X 1
7月交換券(2024) X 1
`*踊るドラゴン・キャッスル！ ～深海の姫君とふたつの宝玉～ 開幕記念 ログインボーナス*
*開催期間中、1日1回 最大21回 ログインボーナスをプレゼント！*
`白銀の果実 X 1
`_2024-06-30 19:37:39_
--------
