【登录信息】
*616a3f39c6e3c5632fd0210a65318c96*
`登陆天数: 17天 / 2764天
等级: 160
石头: 86
呼符: 91
体力: 4269.6033333333335 / 144
友情点: 1180 / 20968205`
*連続ログイン3日目
※ログインが途切れるか、7日到達すると
1日目から再開されます*
`叡智の業火 X 1
7月交換券(2024) X 1
`*踊るドラゴン・キャッスル！ ～深海の姫君とふたつの宝玉～ 開幕記念 ログインボーナス*
*開催期間中、1日1回 最大21回 ログインボーナスをプレゼント！*
`白銀の果実 X 1
`_2024-07-02 19:38:36_
--------
*759adb97f1408e3d56e5b840a52a406c*
`登陆天数: 41天 / 2789天
等级: 149
石头: 28
呼符: 4
体力: 96.96333333333334 / 142
友情点: 570 / 7513450`
*連続ログイン6日目
※ログインが途切れるか、7日到達すると
1日目から再開されます*
`聖晶石 X 2
7月交換券(2024) X 1
`*踊るドラゴン・キャッスル！ ～深海の姫君とふたつの宝玉～ 開幕記念 ログインボーナス*
*開催期間中、1日1回 最大21回 ログインボーナスをプレゼント！*
`白銀の果実 X 1
`_2024-07-02 19:38:47_
--------
