【登录信息】
*616a3f39c6e3c5632fd0210a65318c96*
`登陆天数: 18天 / 2765天
等级: 160
石头: 86
呼符: 91
体力: 4557.51 / 144
友情点: 1690 / 20972695`
*連続ログイン4日目
※ログインが途切れるか、7日到達すると
1日目から再開されます*
`聖晶石 X 1
7月交換券(2024) X 1
`*踊るドラゴン・キャッスル！ ～深海の姫君とふたつの宝玉～ 開幕記念 ログインボーナス*
*開催期間中、1日1回 最大21回 ログインボーナスをプレゼント！*
`白銀の果実 X 1
`_2024-07-03 19:38:08_
--------
*759adb97f1408e3d56e5b840a52a406c*
`登陆天数: 42天 / 2790天
等级: 149
石头: 30
呼符: 4
体力: 57.19333333333333 / 142
友情点: 940 / 7522490`
*連続ログイン7日間到達おめでとうございます！
明日は1日目からリスタートされます。*
`獣の足跡 X 1
呼符 X 1
7月交換券(2024) X 1
`*踊るドラゴン・キャッスル！ ～深海の姫君とふたつの宝玉～ 開幕記念 ログインボーナス*
*開催期間中、1日1回 最大21回 ログインボーナスをプレゼント！*
`白銀の果実 X 1
`_2024-07-03 19:38:18_
--------
