【登录信息】
*616a3f39c6e3c5632fd0210a65318c96*
`登陆天数: 19天 / 2766天
等级: 160
石头: 86
呼符: 91
体力: 4845.373333333333 / 144
友情点: 975 / 20975070`
*連続ログイン5日目
※ログインが途切れるか、7日到達すると
1日目から再開されます*
`叡智の業火 X 2
7月交換券(2024) X 1
`*踊るドラゴン・キャッスル！ ～深海の姫君とふたつの宝玉～ 開幕記念 ログインボーナス*
*開催期間中、1日1回 最大21回 ログインボーナスをプレゼント！*
`白銀の果実 X 1
`_2024-07-04 19:37:28_
--------
*759adb97f1408e3d56e5b840a52a406c*
`登陆天数: 43天 / 2791天
等级: 149
石头: 33
呼符: 5
体力: 105.75999999999999 / 142
友情点: 650 / 7530455`
*連続ログイン1日目
※ログインが途切れるか、7日到達すると
1日目から再開されます*
`フレンドポイント X 2000
7月交換券(2024) X 1
`*踊るドラゴン・キャッスル！ ～深海の姫君とふたつの宝玉～ 開幕記念 ログインボーナス*
*開催期間中、1日1回 最大21回 ログインボーナスをプレゼント！*
`黄金の果実 X 1
`_2024-07-04 19:37:38_
--------
