【登录信息】
*616a3f39c6e3c5632fd0210a65318c96*
`登陆天数: 20天 / 2767天
等级: 160
石头: 86
呼符: 91
体力: 5133.36 / 144
友情点: 900 / 20980370`
*連続ログイン6日目
※ログインが途切れるか、7日到達すると
1日目から再開されます*
`聖晶石 X 2
7月交換券(2024) X 1
`*踊るドラゴン・キャッスル！ ～深海の姫君とふたつの宝玉～ 開幕記念 ログインボーナス*
*開催期間中、1日1回 最大21回 ログインボーナスをプレゼント！*
`黄金の果実 X 1
`_2024-07-05 19:37:23_
--------
*759adb97f1408e3d56e5b840a52a406c*
`登陆天数: 44天 / 2792天
等级: 149
石头: 33
呼符: 5
体力: 393.74666666666667 / 142
友情点: 640 / 7536495`
*連続ログイン2日目
※ログインが途切れるか、7日到達すると
1日目から再開されます*
`聖晶石 X 1
7月交換券(2024) X 1
`*踊るドラゴン・キャッスル！ ～深海の姫君とふたつの宝玉～ 開幕記念 ログインボーナス*
*開催期間中、1日1回 最大21回 ログインボーナスをプレゼント！*
`白銀の果実 X 1
`_2024-07-05 19:37:33_
--------
