【登录信息】
*616a3f39c6e3c5632fd0210a65318c96*
`登陆天数: 22天 / 2769天
等级: 160
石头: 86
呼符: 91
体力: 5709.3966666666665 / 144
友情点: 1615 / 20989595`
*連続ログイン1日目
※ログインが途切れるか、7日到達すると
1日目から再開されます*
`フレンドポイント X 2000
7月交換券(2024) X 1
`*踊るドラゴン・キャッスル！ ～深海の姫君とふたつの宝玉～ 開幕記念 ログインボーナス*
*開催期間中、1日1回 最大21回 ログインボーナスをプレゼント！*
`白銀の果実 X 1
`_2024-07-07 19:37:34_
--------
*759adb97f1408e3d56e5b840a52a406c*
`登陆天数: 46天 / 2794天
等级: 149
石头: 34
呼符: 5
体力: 426.7866666666667 / 142
友情点: 700 / 7552690`
*連続ログイン4日目
※ログインが途切れるか、7日到達すると
1日目から再開されます*
`聖晶石 X 1
7月交換券(2024) X 1
`*踊るドラゴン・キャッスル！ ～深海の姫君とふたつの宝玉～ 開幕記念 ログインボーナス*
*開催期間中、1日1回 最大21回 ログインボーナスをプレゼント！*
`白銀の果実 X 1
`_2024-07-07 19:37:44_
--------
