【登录信息】
*616a3f39c6e3c5632fd0210a65318c96*
`登陆天数: 25天 / 2772天
等级: 160
石头: 86
呼符: 91
体力: 6573.326666666667 / 144
友情点: 1860 / 21003265`
*連続ログイン4日目
※ログインが途切れるか、7日到達すると
1日目から再開されます*
`聖晶石 X 1
7月交換券(2024) X 1
`*「水着イベント2024」参加条件クリア応援キャンペーン 第2弾
特別ログインボーナス*
*開催期間中、1日1回 最大7回 ログインボーナスをプレゼント！*
`黄金の果実 X 1
`_2024-07-10 19:37:14_
--------
*759adb97f1408e3d56e5b840a52a406c*
`登陆天数: 49天 / 2797天
等级: 149
石头: 52
呼符: 5
体力: 145.17 / 142
友情点: 1230 / 7581135`
*連続ログイン7日間到達おめでとうございます！
明日は1日目からリスタートされます。*
`獣の足跡 X 1
呼符 X 1
7月交換券(2024) X 1
`*「水着イベント2024」参加条件クリア応援キャンペーン 第2弾
特別ログインボーナス*
*開催期間中、1日1回 最大7回 ログインボーナスをプレゼント！*
`黄金の果実 X 1
`_2024-07-10 19:37:23_
--------
