【登录信息】
*616a3f39c6e3c5632fd0210a65318c96*
`登陆天数: 26天 / 2773天
等级: 160
石头: 86
呼符: 91
体力: 6861.62 / 144
友情点: 1570 / 21007235`
*連続ログイン5日目
※ログインが途切れるか、7日到達すると
1日目から再開されます*
`叡智の業火 X 2
7月交換券(2024) X 1
`*「水着イベント2024」参加条件クリア応援キャンペーン 第2弾
特別ログインボーナス*
*開催期間中、1日1回 最大7回 ログインボーナスをプレゼント！*
`叡智の業火 X 10
`_2024-07-11 19:38:41_
--------
*759adb97f1408e3d56e5b840a52a406c*
`登陆天数: 50天 / 2798天
等级: 149
石头: 52
呼符: 5
体力: 433.46 / 142
友情点: 1500 / 7594915`
*連続ログイン1日目
※ログインが途切れるか、7日到達すると
1日目から再開されます*
`フレンドポイント X 2000
7月交換券(2024) X 1
`*「水着イベント2024」参加条件クリア応援キャンペーン 第2弾
特別ログインボーナス*
*開催期間中、1日1回 最大7回 ログインボーナスをプレゼント！*
`叡智の業火 X 10
`_2024-07-11 19:38:51_
--------
