【登录信息】
*616a3f39c6e3c5632fd0210a65318c96*
`登陆天数: 27天 / 2774天
等级: 160
石头: 86
呼符: 91
体力: 7149.416666666667 / 144
友情点: 1250 / 21011285`
*連続ログイン6日目
※ログインが途切れるか、7日到達すると
1日目から再開されます*
`聖晶石 X 2
7月交換券(2024) X 1
`*「水着イベント2024」参加条件クリア応援キャンペーン 第2弾
特別ログインボーナス*
*開催期間中、1日1回 最大7回 ログインボーナスをプレゼント！*
`QP X 2000000
`_2024-07-12 19:37:40_
--------
*759adb97f1408e3d56e5b840a52a406c*
`登陆天数: 51天 / 2799天
等级: 149
石头: 52
呼符: 5
体力: 77.42666666666666 / 142
友情点: 550 / 7606510`
*連続ログイン2日目
※ログインが途切れるか、7日到達すると
1日目から再開されます*
`聖晶石 X 1
7月交換券(2024) X 1
`*「水着イベント2024」参加条件クリア応援キャンペーン 第2弾
特別ログインボーナス*
*開催期間中、1日1回 最大7回 ログインボーナスをプレゼント！*
`QP X 2000000
`_2024-07-12 19:37:50_
--------
