【登录信息】
*616a3f39c6e3c5632fd0210a65318c96*
`登陆天数: 28天 / 2775天
等级: 160
石头: 173
呼符: 101
体力: 7437.59 / 144
友情点: 680 / 21020585`
*連続ログイン7日間到達おめでとうございます！
明日は1日目からリスタートされます。*
`獣の足跡 X 1
呼符 X 1
7月交換券(2024) X 1
`*「水着イベント2024」参加条件クリア応援キャンペーン 第2弾
特別ログインボーナス*
*開催期間中、1日1回 最大7回 ログインボーナスをプレゼント！*
`黄金の果実 X 1
`_2024-07-13 19:38:33_
--------
*759adb97f1408e3d56e5b840a52a406c*
`登陆天数: 52天 / 2800天
等级: 149
石头: 55
呼符: 5
体力: 225.39666666666665 / 142
友情点: 990 / 7612010`
*連続ログイン3日目
※ログインが途切れるか、7日到達すると
1日目から再開されます*
`叡智の業火 X 1
7月交換券(2024) X 1
`*「水着イベント2024」参加条件クリア応援キャンペーン 第2弾
特別ログインボーナス*
*開催期間中、1日1回 最大7回 ログインボーナスをプレゼント！*
`黄金の果実 X 1
`_2024-07-13 19:38:42_
--------
