【登录信息】
*616a3f39c6e3c5632fd0210a65318c96*
`登陆天数: 30天 / 2777天
等级: 160
石头: 177
呼符: 101
体力: 247.08333333333331 / 144
友情点: 500 / 21035635`
*連続ログイン2日目
※ログインが途切れるか、7日到達すると
1日目から再開されます*
`聖晶石 X 1
7月交換券(2024) X 1
`*「水着イベント2024」参加条件クリア応援キャンペーン 第2弾
特別ログインボーナス*
*開催期間中、1日1回 最大7回 ログインボーナスをプレゼント！*
`英霊結晶・太陽のフォウくん X 10
`_2024-07-15 19:37:22_
--------
*759adb97f1408e3d56e5b840a52a406c*
`登陆天数: 54天 / 2802天
等级: 149
石头: 86
呼符: 6
体力: 428.17 / 142
友情点: 560 / 7626655`
*連続ログイン5日目
※ログインが途切れるか、7日到達すると
1日目から再開されます*
`叡智の業火 X 2
7月交換券(2024) X 1
`*「水着イベント2024」参加条件クリア応援キャンペーン 第2弾
特別ログインボーナス*
*開催期間中、1日1回 最大7回 ログインボーナスをプレゼント！*
`英霊結晶・太陽のフォウくん X 10
`_2024-07-15 19:37:32_
--------
