【登录信息】
*616a3f39c6e3c5632fd0210a65318c96*
`登陆天数: 31天 / 2778天
等级: 160
石头: 182
呼符: 103
体力: 114.47666666666666 / 144
友情点: 1450 / 21056050`
*連続ログイン3日目
※ログインが途切れるか、7日到達すると
1日目から再開されます*
`叡智の業火 X 1
7月交換券(2024) X 1
`*「水着イベント2024」参加条件クリア応援キャンペーン 第2弾
特別ログインボーナス*
*開催期間中、1日1回 最大7回 ログインボーナスをプレゼント！*
`マナプリズム X 50
`_2024-07-16 19:37:10_
--------
*759adb97f1408e3d56e5b840a52a406c*
`登陆天数: 55天 / 2803天
等级: 149
石头: 86
呼符: 6
体力: 90.86333333333334 / 142
友情点: 550 / 7628400`
*連続ログイン6日目
※ログインが途切れるか、7日到達すると
1日目から再開されます*
`聖晶石 X 2
7月交換券(2024) X 1
`*「水着イベント2024」参加条件クリア応援キャンペーン 第2弾
特別ログインボーナス*
*開催期間中、1日1回 最大7回 ログインボーナスをプレゼント！*
`マナプリズム X 50
`_2024-07-16 19:37:20_
--------
