【登录信息】
*616a3f39c6e3c5632fd0210a65318c96*
`登陆天数: 32天 / 2779天
等级: 160
石头: 182
呼符: 103
体力: 176.99 / 144
友情点: 200 / 21066935`
*連続ログイン4日目
※ログインが途切れるか、7日到達すると
1日目から再開されます*
`聖晶石 X 1
7月交換券(2024) X 1
`*使用期限付コンティニューアイテムプレゼント！*
*開催期間中、1日1回 最大7回 コンティニューアイテム「霊脈石」をプレゼント！*
`霊脈石 X 1
`_2024-07-17 19:37:26_
--------
*759adb97f1408e3d56e5b840a52a406c*
`登陆天数: 56天 / 2804天
等级: 149
石头: 86
呼符: 6
体力: 378.91666666666663 / 142
友情点: 1590 / 7631190`
*連続ログイン7日間到達おめでとうございます！
明日は1日目からリスタートされます。*
`獣の足跡 X 1
呼符 X 1
7月交換券(2024) X 1
`*使用期限付コンティニューアイテムプレゼント！*
*開催期間中、1日1回 最大7回 コンティニューアイテム「霊脈石」をプレゼント！*
`霊脈石 X 1
`_2024-07-17 19:37:36_
--------
