【登录信息】
*616a3f39c6e3c5632fd0210a65318c96*
`登陆天数: 33天 / 2780天
等级: 160
石头: 182
呼符: 105
体力: 117.44333333333333 / 144
友情点: 2640 / 21090140`
*連続ログイン5日目
※ログインが途切れるか、7日到達すると
1日目から再開されます*
`叡智の業火 X 2
7月交換券(2024) X 1
`*使用期限付コンティニューアイテムプレゼント！*
*開催期間中、1日1回 最大7回 コンティニューアイテム「霊脈石」をプレゼント！*
`霊脈石 X 1
`_2024-07-18 19:37:04_
--------
*759adb97f1408e3d56e5b840a52a406c*
`登陆天数: 57天 / 2805天
等级: 149
石头: 93
呼符: 7
体力: 130.41666666666666 / 142
友情点: 1460 / 7639050`
*連続ログイン1日目
※ログインが途切れるか、7日到達すると
1日目から再開されます*
`フレンドポイント X 2000
7月交換券(2024) X 1
`*使用期限付コンティニューアイテムプレゼント！*
*開催期間中、1日1回 最大7回 コンティニューアイテム「霊脈石」をプレゼント！*
`霊脈石 X 1
`_2024-07-18 19:37:13_
--------
