【登录信息】
*616a3f39c6e3c5632fd0210a65318c96*
`登陆天数: 34天 / 2781天
等级: 160
石头: 182
呼符: 105
体力: 405.78 / 144
友情点: 1530 / 21093670`
*連続ログイン6日目
※ログインが途切れるか、7日到達すると
1日目から再開されます*
`聖晶石 X 2
7月交換券(2024) X 1
`*使用期限付コンティニューアイテムプレゼント！*
*開催期間中、1日1回 最大7回 コンティニューアイテム「霊脈石」をプレゼント！*
`霊脈石 X 1
`_2024-07-19 19:38:44_
--------
*759adb97f1408e3d56e5b840a52a406c*
`登陆天数: 58天 / 2806天
等级: 149
石头: 96
呼符: 7
体力: 158.15 / 142
友情点: 570 / 7646725`
*連続ログイン2日目
※ログインが途切れるか、7日到達すると
1日目から再開されます*
`聖晶石 X 1
7月交換券(2024) X 1
`*使用期限付コンティニューアイテムプレゼント！*
*開催期間中、1日1回 最大7回 コンティニューアイテム「霊脈石」をプレゼント！*
`霊脈石 X 1
`_2024-07-19 19:38:54_
--------
