【登录信息】
*616a3f39c6e3c5632fd0210a65318c96*
`登陆天数: 35天 / 2782天
等级: 160
石头: 185
呼符: 105
体力: 179.72333333333333 / 144
友情点: 1070 / 21101855`
*連続ログイン7日間到達おめでとうございます！
明日は1日目からリスタートされます。*
`獣の足跡 X 1
呼符 X 1
7月交換券(2024) X 1
`*使用期限付コンティニューアイテムプレゼント！*
*開催期間中、1日1回 最大7回 コンティニューアイテム「霊脈石」をプレゼント！*
`霊脈石 X 1
`_2024-07-20 19:37:05_
--------
*759adb97f1408e3d56e5b840a52a406c*
`登陆天数: 59天 / 2807天
等级: 149
石头: 108
呼符: 7
体力: 32.900000000000006 / 142
友情点: 1340 / 7657880`
*連続ログイン3日目
※ログインが途切れるか、7日到達すると
1日目から再開されます*
`叡智の業火 X 1
7月交換券(2024) X 1
`*使用期限付コンティニューアイテムプレゼント！*
*開催期間中、1日1回 最大7回 コンティニューアイテム「霊脈石」をプレゼント！*
`霊脈石 X 1
`_2024-07-20 19:37:14_
--------
