【登录信息】
*616a3f39c6e3c5632fd0210a65318c96*
`登陆天数: 36天 / 2783天
等级: 160
石头: 185
呼符: 105
体力: 467.79 / 144
友情点: 1810 / 21109065`
*連続ログイン1日目
※ログインが途切れるか、7日到達すると
1日目から再開されます*
`フレンドポイント X 2000
7月交換券(2024) X 1
`*使用期限付コンティニューアイテムプレゼント！*
*開催期間中、1日1回 最大7回 コンティニューアイテム「霊脈石」をプレゼント！*
`霊脈石 X 1
`_2024-07-21 19:37:25_
--------
*759adb97f1408e3d56e5b840a52a406c*
`登陆天数: 60天 / 2808天
等级: 149
石头: 110
呼符: 7
体力: 101.67333333333333 / 142
友情点: 1930 / 7677940`
*連続ログイン4日目
※ログインが途切れるか、7日到達すると
1日目から再開されます*
`聖晶石 X 1
7月交換券(2024) X 1
`*使用期限付コンティニューアイテムプレゼント！*
*開催期間中、1日1回 最大7回 コンティニューアイテム「霊脈石」をプレゼント！*
`霊脈石 X 1
`_2024-07-21 19:37:34_
--------
