【登录信息】
*616a3f39c6e3c5632fd0210a65318c96*
`登陆天数: 37天 / 2784天
等级: 160
石头: 187
呼符: 105
体力: 125.15666666666667 / 144
友情点: 490 / 21124600`
*連続ログイン2日目
※ログインが途切れるか、7日到達すると
1日目から再開されます*
`聖晶石 X 1
7月交換券(2024) X 1
`*使用期限付コンティニューアイテムプレゼント！*
*開催期間中、1日1回 最大7回 コンティニューアイテム「霊脈石」をプレゼント！*
`霊脈石 X 1
`_2024-07-22 19:38:09_
--------
*759adb97f1408e3d56e5b840a52a406c*
`登陆天数: 61天 / 2809天
等级: 150
石头: 112
呼符: 7
体力: 260.48 / 142
友情点: 810 / 7682330`
*連続ログイン5日目
※ログインが途切れるか、7日到達すると
1日目から再開されます*
`叡智の業火 X 2
7月交換券(2024) X 1
`*使用期限付コンティニューアイテムプレゼント！*
*開催期間中、1日1回 最大7回 コンティニューアイテム「霊脈石」をプレゼント！*
`霊脈石 X 1
`_2024-07-22 19:38:19_
--------
