【登录信息】
*616a3f39c6e3c5632fd0210a65318c96*
`登陆天数: 39天 / 2786天
等级: 160
石头: 187
呼符: 105
体力: 701.1166666666667 / 144
友情点: 1840 / 21134710`
*連続ログイン4日目
※ログインが途切れるか、7日到達すると
1日目から再開されます*
`聖晶石 X 1
7月交換券(2024) X 1
`*ハンティングクエスト 第14弾
特別ログインボーナス*
*開催期間中、1日1回 最大7回 ログインボーナスをプレゼント！*
`黄金の果実 X 1
`_2024-07-24 19:37:56_
--------
*759adb97f1408e3d56e5b840a52a406c*
`登陆天数: 63天 / 2811天
等级: 150
石头: 119
呼符: 7
体力: 34.24333333333334 / 142
友情点: 1270 / 7699340`
*連続ログイン7日間到達おめでとうございます！
明日は1日目からリスタートされます。*
`獣の足跡 X 1
呼符 X 1
7月交換券(2024) X 1
`*ハンティングクエスト 第14弾
特別ログインボーナス*
*開催期間中、1日1回 最大7回 ログインボーナスをプレゼント！*
`黄金の果実 X 1
`_2024-07-24 19:38:06_
--------
