【登录信息】
*616a3f39c6e3c5632fd0210a65318c96*
`登陆天数: 40天 / 2787天
等级: 160
石头: 209
呼符: 106
体力: 158.55333333333334 / 144
友情点: 1610 / 21143625`
*連続ログイン5日目
※ログインが途切れるか、7日到達すると
1日目から再開されます*
`叡智の業火 X 2
7月交換券(2024) X 1
`*ハンティングクエスト 第14弾
特別ログインボーナス*
*開催期間中、1日1回 最大7回 ログインボーナスをプレゼント！*
`黄金の果実 X 1
`_2024-07-25 19:37:25_
--------
*759adb97f1408e3d56e5b840a52a406c*
`登陆天数: 64天 / 2812天
等级: 150
石头: 119
呼符: 8
体力: 204.03 / 142
友情点: 740 / 7706840`
*連続ログイン1日目
※ログインが途切れるか、7日到達すると
1日目から再開されます*
`フレンドポイント X 2000
7月交換券(2024) X 1
`*ハンティングクエスト 第14弾
特別ログインボーナス*
*開催期間中、1日1回 最大7回 ログインボーナスをプレゼント！*
`黄金の果実 X 1
`_2024-07-25 19:37:35_
--------
