【登录信息】
*616a3f39c6e3c5632fd0210a65318c96*
`登陆天数: 41天 / 2788天
等级: 160
石头: 209
呼符: 106
体力: 446.54 / 144
友情点: 1155 / 21146580`
*連続ログイン6日目
※ログインが途切れるか、7日到達すると
1日目から再開されます*
`聖晶石 X 2
7月交換券(2024) X 1
`*「FGO Expo ～Fate/Grand Order Fes. 2024 9th Anniversary～」 開催直前カウントダウン ログインボーナス*
*開催期間中、1日1回 9日間日替りでログインボーナスをプレゼント！*
`叡智の業火 X 5
`_2024-07-26 19:37:21_
--------
*759adb97f1408e3d56e5b840a52a406c*
`登陆天数: 65天 / 2813天
等级: 150
石头: 119
呼符: 8
体力: 131.6 / 142
友情点: 445 / 7712750`
*連続ログイン2日目
※ログインが途切れるか、7日到達すると
1日目から再開されます*
`聖晶石 X 1
7月交換券(2024) X 1
`*「FGO Expo ～Fate/Grand Order Fes. 2024 9th Anniversary～」 開催直前カウントダウン ログインボーナス*
*開催期間中、1日1回 9日間日替りでログインボーナスをプレゼント！*
`叡智の業火 X 5
`_2024-07-26 19:37:31_
--------
