【登录信息】
*616a3f39c6e3c5632fd0210a65318c96*
`登陆天数: 42天 / 2789天
等级: 160
石头: 211
呼符: 106
体力: 171.7 / 144
友情点: 1070 / 21153475`
*連続ログイン7日間到達おめでとうございます！
明日は1日目からリスタートされます。*
`獣の足跡 X 1
呼符 X 1
7月交換券(2024) X 1
`*「FGO Expo ～Fate/Grand Order Fes. 2024 9th Anniversary～」 開催直前カウントダウン ログインボーナス*
*開催期間中、1日1回 9日間日替りでログインボーナスをプレゼント！*
`QP X 2000000
`_2024-07-27 19:38:40_
--------
*759adb97f1408e3d56e5b840a52a406c*
`登陆天数: 66天 / 2814天
等级: 150
石头: 129
呼符: 8
体力: 101.12333333333333 / 142
友情点: 290 / 7720115`
_2024-07-27 19:38:49_
--------
