【登录信息】
*616a3f39c6e3c5632fd0210a65318c96*
`登陆天数: 43天 / 2790天
等级: 160
石头: 211
呼符: 106
体力: 459.4266666666667 / 144
友情点: 2210 / 21158355`
*連続ログイン1日目
※ログインが途切れるか、7日到達すると
1日目から再開されます*
`フレンドポイント X 2000
7月交換券(2024) X 1
`*「FGO Expo ～Fate/Grand Order Fes. 2024 9th Anniversary～」 開催直前カウントダウン ログインボーナス*
*開催期間中、1日1回 9日間日替りでログインボーナスをプレゼント！*
`星見のティーポット X 1
`_2024-07-28 19:37:17_
--------
*759adb97f1408e3d56e5b840a52a406c*
`登陆天数: 67天 / 2815天
等级: 150
石头: 133
呼符: 8
体力: 33.54666666666667 / 142
友情点: 700 / 7730890`
_2024-07-28 19:37:27_
--------
