【登录信息】
*616a3f39c6e3c5632fd0210a65318c96*
`登陆天数: 44天 / 2791天
等级: 160
石头: 211
呼符: 106
体力: 747.6466666666666 / 144
友情点: 1770 / 21161925`
*連続ログイン2日目
※ログインが途切れるか、7日到達すると
1日目から再開されます*
`聖晶石 X 1
7月交換券(2024) X 1
`*「FGO Expo ～Fate/Grand Order Fes. 2024 9th Anniversary～」 開催直前カウントダウン ログインボーナス*
*開催期間中、1日1回 9日間日替りでログインボーナスをプレゼント！*
`叡智の業火 X 10
`_2024-07-29 19:38:24_
--------
*759adb97f1408e3d56e5b840a52a406c*
`登陆天数: 68天 / 2816天
等级: 150
石头: 141
呼符: 8
体力: 246.76999999999998 / 142
友情点: 1210 / 7739445`
*連続ログイン5日目
※ログインが途切れるか、7日到達すると
1日目から再開されます*
`叡智の業火 X 2
7月交換券(2024) X 1
`*「FGO Expo ～Fate/Grand Order Fes. 2024 9th Anniversary～」 開催直前カウントダウン ログインボーナス*
*開催期間中、1日1回 9日間日替りでログインボーナスをプレゼント！*
`叡智の業火 X 10
`_2024-07-29 19:38:34_
--------
