【登录信息】
*616a3f39c6e3c5632fd0210a65318c96*
`登陆天数: 45天 / 2792天
等级: 160
石头: 211
呼符: 106
体力: 1035.5533333333333 / 144
友情点: 840 / 21163565`
*連続ログイン3日目
※ログインが途切れるか、7日到達すると
1日目から再開されます*
`叡智の業火 X 1
7月交換券(2024) X 1
`*「FGO Expo ～Fate/Grand Order Fes. 2024 9th Anniversary～」 開催直前カウントダウン ログインボーナス*
*開催期間中、1日1回 9日間日替りでログインボーナスをプレゼント！*
`QP X 3000000
`_2024-07-30 19:37:56_
--------
*759adb97f1408e3d56e5b840a52a406c*
`登陆天数: 69天 / 2817天
等级: 150
石头: 144
呼符: 8
体力: 6.01666666666668 / 142
友情点: 350 / 7745635`
_2024-07-30 19:38:05_
--------
