【登录信息】
[616a3f39c6e3c5632fd0210a65318c96]
`登陆天数: 134天 / 2447天
等级: 157
石头: 215
呼符: 164
友情点: 0 / 19564100`
*連続ログイン1日目
※ログインが途切れるか、7日到達すると
1日目から再開されます*
`フレンドポイント X 2000
7月交換券(2023) X 1
`*TVスペシャルアニメ「Fate/strange Fake -Whispers of Dawn-」放送記念
特別ログインボーナス*
*開催期間中、1日1回 最大3回 ログインボーナスをプレゼント！*
`マナプリズム X 50
`_2023-06-30 19:35:42_
--------
[759adb97f1408e3d56e5b840a52a406c]
`登陆天数: 199天 / 2427天
等级: 146
石头: 15
呼符: 4
友情点: 80 / 7305285`
*連続ログイン3日目
※ログインが途切れるか、7日到達すると
1日目から再開されます*
`叡智の業火 X 1
7月交換券(2023) X 1
`*TVスペシャルアニメ「Fate/strange Fake -Whispers of Dawn-」放送記念
特別ログインボーナス*
*開催期間中、1日1回 最大3回 ログインボーナスをプレゼント！*
`マナプリズム X 50
`_2023-06-30 19:35:51_
--------
