【登录信息】
[616a3f39c6e3c5632fd0210a65318c96]
`登陆天数: 135天 / 2448天
等级: 157
石头: 215
呼符: 164
友情点: 0 / 19564100`
*連続ログイン2日目
※ログインが途切れるか、7日到達すると
1日目から再開されます*
`聖晶石 X 1
7月交換券(2023) X 1
`*TVスペシャルアニメ「Fate/strange Fake -Whispers of Dawn-」放送記念
特別ログインボーナス*
*開催期間中、1日1回 最大3回 ログインボーナスをプレゼント！*
`QP X 5000000
`_2023-07-01 19:35:29_
--------
[759adb97f1408e3d56e5b840a52a406c]
`登陆天数: 200天 / 2428天
等级: 146
石头: 15
呼符: 14
友情点: 260 / 7306045`
*連続ログイン4日目
※ログインが途切れるか、7日到達すると
1日目から再開されます*
`聖晶石 X 1
7月交換券(2023) X 1
`*TVスペシャルアニメ「Fate/strange Fake -Whispers of Dawn-」放送記念
特別ログインボーナス*
*開催期間中、1日1回 最大3回 ログインボーナスをプレゼント！*
`QP X 5000000
`_2023-07-01 19:35:38_
--------
