【登录信息】
[616a3f39c6e3c5632fd0210a65318c96]
`登陆天数: 136天 / 2449天
等级: 157
石头: 215
呼符: 164
友情点: 25 / 19564125`
*連続ログイン3日目
※ログインが途切れるか、7日到達すると
1日目から再開されます*
`叡智の業火 X 1
7月交換券(2023) X 1
`*TVスペシャルアニメ「Fate/strange Fake -Whispers of Dawn-」放送記念
特別ログインボーナス*
*開催期間中、1日1回 最大3回 ログインボーナスをプレゼント！*
`strange Fake X 1
`_2023-07-02 19:35:47_
--------
[759adb97f1408e3d56e5b840a52a406c]
`登陆天数: 201天 / 2429天
等级: 146
石头: 16
呼符: 14
友情点: 265 / 7306760`
*連続ログイン5日目
※ログインが途切れるか、7日到達すると
1日目から再開されます*
`叡智の業火 X 2
7月交換券(2023) X 1
`*TVスペシャルアニメ「Fate/strange Fake -Whispers of Dawn-」放送記念
特別ログインボーナス*
*開催期間中、1日1回 最大3回 ログインボーナスをプレゼント！*
`strange Fake X 1
`_2023-07-02 19:35:57_
--------
