【登录信息】
[616a3f39c6e3c5632fd0210a65318c96]
`登陆天数: 137天 / 2450天
等级: 157
石头: 215
呼符: 164
友情点: 0 / 19564125`
*連続ログイン4日目
※ログインが途切れるか、7日到達すると
1日目から再開されます*
`聖晶石 X 1
7月交換券(2023) X 1
`*日替りログインボーナス*
*開催期間中、1日1回 2週間日替りでログインボーナスをプレゼント！*
`巡霊の葉 X 30
`_2023-07-03 19:36:01_
--------
[759adb97f1408e3d56e5b840a52a406c]
`登陆天数: 202天 / 2430天
等级: 146
石头: 16
呼符: 14
友情点: 930 / 7308490`
*連続ログイン6日目
※ログインが途切れるか、7日到達すると
1日目から再開されます*
`聖晶石 X 2
7月交換券(2023) X 1
`*日替りログインボーナス*
*開催期間中、1日1回 2週間日替りでログインボーナスをプレゼント！*
`巡霊の葉 X 30
`_2023-07-03 19:36:11_
--------
