【登录信息】
[616a3f39c6e3c5632fd0210a65318c96]
`登陆天数: 138天 / 2451天
等级: 157
石头: 215
呼符: 164
友情点: 50 / 19564175`
*連続ログイン5日目
※ログインが途切れるか、7日到達すると
1日目から再開されます*
`叡智の業火 X 2
7月交換券(2023) X 1
`*日替りログインボーナス*
*開催期間中、1日1回 2週間日替りでログインボーナスをプレゼント！*
`巡霊の葉 X 30
`_2023-07-04 19:35:50_
--------
[759adb97f1408e3d56e5b840a52a406c]
`登陆天数: 203天 / 2431天
等级: 146
石头: 21
呼符: 14
友情点: 470 / 7309490`
*連続ログイン7日間到達おめでとうございます！
明日は1日目からリスタートされます。*
`獣の足跡 X 1
呼符 X 1
7月交換券(2023) X 1
`*日替りログインボーナス*
*開催期間中、1日1回 2週間日替りでログインボーナスをプレゼント！*
`巡霊の葉 X 30
`_2023-07-04 19:36:00_
--------
