【登录信息】
[616a3f39c6e3c5632fd0210a65318c96]
`登陆天数: 140天 / 2453天
等级: 157
石头: 215
呼符: 164
友情点: 25 / 19564200`
*連続ログイン7日間到達おめでとうございます！
明日は1日目からリスタートされます。*
`獣の足跡 X 1
呼符 X 1
7月交換券(2023) X 1
`*リリース2900日突破キャンペーン 初回ログインボーナス*
*開催期間中、初回ログインで「聖晶石×10」をプレゼント！*
`聖晶石 X 10
`_2023-07-06 19:35:42_
--------
[759adb97f1408e3d56e5b840a52a406c]
`登陆天数: 205天 / 2433天
等级: 146
石头: 53
呼符: 13
友情点: 60 / 7312785`
*連続ログイン2日目
※ログインが途切れるか、7日到達すると
1日目から再開されます*
`聖晶石 X 1
7月交換券(2023) X 1
`*日替りログインボーナス*
*開催期間中、1日1回 2週間日替りでログインボーナスをプレゼント！*
`巡霊の葉 X 30
`_2023-07-06 19:35:51_
--------
