【登录信息】
[616a3f39c6e3c5632fd0210a65318c96]
`登陆天数: 141天 / 2454天
等级: 157
石头: 215
呼符: 169
友情点: 25 / 19564225`
*連続ログイン1日目
※ログインが途切れるか、7日到達すると
1日目から再開されます*
`フレンドポイント X 2000
7月交換券(2023) X 1
`*日替りログインボーナス*
*開催期間中、1日1回 2週間日替りでログインボーナスをプレゼント！*
`巡霊の葉 X 30
`_2023-07-07 19:35:31_
--------
[759adb97f1408e3d56e5b840a52a406c]
`登陆天数: 206天 / 2434天
等级: 146
石头: 64
呼符: 13
友情点: 1060 / 7315205`
*連続ログイン3日目
※ログインが途切れるか、7日到達すると
1日目から再開されます*
`叡智の業火 X 1
7月交換券(2023) X 1
`*日替りログインボーナス*
*開催期間中、1日1回 2週間日替りでログインボーナスをプレゼント！*
`巡霊の葉 X 30
`_2023-07-07 19:35:40_
--------
