【登录信息】
[616a3f39c6e3c5632fd0210a65318c96]
`登陆天数: 142天 / 2455天
等级: 157
石头: 215
呼符: 169
友情点: 0 / 19564225`
*連続ログイン2日目
※ログインが途切れるか、7日到達すると
1日目から再開されます*
`聖晶石 X 1
7月交換券(2023) X 1
`*日替りログインボーナス*
*開催期間中、1日1回 2週間日替りでログインボーナスをプレゼント！*
`巡霊の葉 X 30
`_2023-07-08 19:35:36_
--------
[759adb97f1408e3d56e5b840a52a406c]
`登陆天数: 207天 / 2435天
等级: 146
石头: 95
呼符: 12
友情点: 1135 / 7318020`
*連続ログイン4日目
※ログインが途切れるか、7日到達すると
1日目から再開されます*
`聖晶石 X 1
7月交換券(2023) X 1
`*日替りログインボーナス*
*開催期間中、1日1回 2週間日替りでログインボーナスをプレゼント！*
`巡霊の葉 X 30
`_2023-07-08 19:35:45_
--------
