【登录信息】
[616a3f39c6e3c5632fd0210a65318c96]
`登陆天数: 144天 / 2457天
等级: 157
石头: 215
呼符: 169
友情点: 0 / 19564225`
*連続ログイン4日目
※ログインが途切れるか、7日到達すると
1日目から再開されます*
`聖晶石 X 1
7月交換券(2023) X 1
`*日替りログインボーナス*
*開催期間中、1日1回 2週間日替りでログインボーナスをプレゼント！*
`巡霊の葉 X 30
`_2023-07-10 19:35:54_
--------
[759adb97f1408e3d56e5b840a52a406c]
`登陆天数: 209天 / 2437天
等级: 146
石头: 105
呼符: 12
友情点: 220 / 7322550`
*連続ログイン6日目
※ログインが途切れるか、7日到達すると
1日目から再開されます*
`聖晶石 X 2
7月交換券(2023) X 1
`*日替りログインボーナス*
*開催期間中、1日1回 2週間日替りでログインボーナスをプレゼント！*
`巡霊の葉 X 30
`_2023-07-10 19:36:03_
--------
