【登录信息】
[616a3f39c6e3c5632fd0210a65318c96]
`登陆天数: 147天 / 2460天
等级: 157
石头: 215
呼符: 169
友情点: 0 / 19564225`
*連続ログイン7日間到達おめでとうございます！
明日は1日目からリスタートされます。*
`獣の足跡 X 1
呼符 X 1
7月交換券(2023) X 1
`*日替りログインボーナス*
*開催期間中、1日1回 2週間日替りでログインボーナスをプレゼント！*
`巡霊の葉 X 30
`_2023-07-13 19:35:42_
--------
[759adb97f1408e3d56e5b840a52a406c]
`登陆天数: 212天 / 2440天
等级: 146
石头: 110
呼符: 13
友情点: 55 / 7326390`
*連続ログイン2日目
※ログインが途切れるか、7日到達すると
1日目から再開されます*
`聖晶石 X 1
7月交換券(2023) X 1
`*日替りログインボーナス*
*開催期間中、1日1回 2週間日替りでログインボーナスをプレゼント！*
`巡霊の葉 X 30
`_2023-07-13 19:35:51_
--------
