【登录信息】
[616a3f39c6e3c5632fd0210a65318c96]
`登陆天数: 150天 / 2463天
等级: 157
石头: 215
呼符: 169
友情点: 0 / 19564225`
*連続ログイン3日目
※ログインが途切れるか、7日到達すると
1日目から再開されます*
`叡智の業火 X 1
7月交換券(2023) X 1
`*日替りログインボーナス*
*開催期間中、1日1回 2週間日替りでログインボーナスをプレゼント！*
`聖晶石 X 3
巡霊の葉 X 50
`_2023-07-16 19:35:50_
--------
[759adb97f1408e3d56e5b840a52a406c]
`登陆天数: 215天 / 2443天
等级: 146
石头: 112
呼符: 13
友情点: 210 / 7327130`
*連続ログイン5日目
※ログインが途切れるか、7日到達すると
1日目から再開されます*
`叡智の業火 X 2
7月交換券(2023) X 1
`*日替りログインボーナス*
*開催期間中、1日1回 2週間日替りでログインボーナスをプレゼント！*
`聖晶石 X 3
巡霊の葉 X 50
`_2023-07-16 19:36:01_
--------
