【登录信息】
[616a3f39c6e3c5632fd0210a65318c96]
`登陆天数: 151天 / 2464天
等级: 157
石头: 223
呼符: 169
友情点: 0 / 19564425`
*連続ログイン4日目
※ログインが途切れるか、7日到達すると
1日目から再開されます*
`聖晶石 X 1
7月交換券(2023) X 1
`*ミスティックアイズ・シンフォニー開幕記念 ログインボーナス*
*開催期間中、1日1回 最大21回ログインボーナスをプレゼント！*
`白銀の果実 X 1
`_2023-07-17 19:35:48_
--------
[759adb97f1408e3d56e5b840a52a406c]
`登陆天数: 216天 / 2444天
等级: 146
石头: 115
呼符: 13
友情点: 100 / 7327630`
*連続ログイン6日目
※ログインが途切れるか、7日到達すると
1日目から再開されます*
`聖晶石 X 2
7月交換券(2023) X 1
`*ミスティックアイズ・シンフォニー開幕記念 ログインボーナス*
*開催期間中、1日1回 最大21回ログインボーナスをプレゼント！*
`白銀の果実 X 1
`_2023-07-17 19:35:57_
--------
