【登录信息】
[616a3f39c6e3c5632fd0210a65318c96]
`登陆天数: 152天 / 2465天
等级: 157
石头: 223
呼符: 169
友情点: 0 / 19564425`
*連続ログイン5日目
※ログインが途切れるか、7日到達すると
1日目から再開されます*
`叡智の業火 X 2
7月交換券(2023) X 1
`*ミスティックアイズ・シンフォニー開幕記念 ログインボーナス*
*開催期間中、1日1回 最大21回ログインボーナスをプレゼント！*
`黄金の果実 X 1
`_2023-07-18 19:35:35_
--------
[759adb97f1408e3d56e5b840a52a406c]
`登陆天数: 217天 / 2445天
等级: 146
石头: 117
呼符: 13
友情点: 770 / 7329500`
*連続ログイン7日間到達おめでとうございます！
明日は1日目からリスタートされます。*
`獣の足跡 X 1
呼符 X 1
7月交換券(2023) X 1
`*ミスティックアイズ・シンフォニー開幕記念 ログインボーナス*
*開催期間中、1日1回 最大21回ログインボーナスをプレゼント！*
`黄金の果実 X 1
`_2023-07-18 19:35:45_
--------
