【登录信息】
[616a3f39c6e3c5632fd0210a65318c96]
`登陆天数: 153天 / 2466天
等级: 157
石头: 223
呼符: 169
友情点: 0 / 19564425`
*連続ログイン6日目
※ログインが途切れるか、7日到達すると
1日目から再開されます*
`聖晶石 X 2
7月交換券(2023) X 1
`*ミスティックアイズ・シンフォニー開幕記念 ログインボーナス*
*開催期間中、1日1回 最大21回ログインボーナスをプレゼント！*
`白銀の果実 X 1
`_2023-07-19 19:35:40_
--------
[759adb97f1408e3d56e5b840a52a406c]
`登陆天数: 218天 / 2446天
等级: 146
石头: 117
呼符: 14
友情点: 790 / 7330685`
*連続ログイン1日目
※ログインが途切れるか、7日到達すると
1日目から再開されます*
`フレンドポイント X 2000
7月交換券(2023) X 1
`*ミスティックアイズ・シンフォニー開幕記念 ログインボーナス*
*開催期間中、1日1回 最大21回ログインボーナスをプレゼント！*
`白銀の果実 X 1
`_2023-07-19 19:35:49_
--------
