【登录信息】
[616a3f39c6e3c5632fd0210a65318c96]
`登陆天数: 156天 / 2469天
等级: 157
石头: 228
呼符: 169
友情点: 0 / 19564900`
*連続ログイン2日目
※ログインが途切れるか、7日到達すると
1日目から再開されます*
`聖晶石 X 1
7月交換券(2023) X 1
`*「Fate/Grand Order Fes. 2023 夏祭り ～8th Anniversary～」開催直前カウントダウンログインボーナス*
*開催期間中、1日1回 8日間日替りでログインボーナスをプレゼント！*
`QP X 2000000
`_2023-07-22 19:35:40_
--------
[759adb97f1408e3d56e5b840a52a406c]
`登陆天数: 221天 / 2449天
等级: 146
石头: 118
呼符: 14
友情点: 110 / 7335815`
*連続ログイン4日目
※ログインが途切れるか、7日到達すると
1日目から再開されます*
`聖晶石 X 1
7月交換券(2023) X 1
`*「Fate/Grand Order Fes. 2023 夏祭り ～8th Anniversary～」開催直前カウントダウンログインボーナス*
*開催期間中、1日1回 8日間日替りでログインボーナスをプレゼント！*
`QP X 2000000
`_2023-07-22 19:35:49_
--------
