【登录信息】
[616a3f39c6e3c5632fd0210a65318c96]
`登陆天数: 158天 / 2471天
等级: 157
石头: 228
呼符: 169
友情点: 0 / 19564900`
*連続ログイン4日目
※ログインが途切れるか、7日到達すると
1日目から再開されます*
`聖晶石 X 1
7月交換券(2023) X 1
`*「Fate/Grand Order Fes. 2023 夏祭り ～8th Anniversary～」開催直前カウントダウンログインボーナス*
*開催期間中、1日1回 8日間日替りでログインボーナスをプレゼント！*
`QP X 3000000
`_2023-07-24 19:35:43_
--------
[759adb97f1408e3d56e5b840a52a406c]
`登陆天数: 223天 / 2451天
等级: 146
石头: 149
呼符: 14
友情点: 360 / 7336965`
*連続ログイン6日目
※ログインが途切れるか、7日到達すると
1日目から再開されます*
`聖晶石 X 2
7月交換券(2023) X 1
`*「Fate/Grand Order Fes. 2023 夏祭り ～8th Anniversary～」開催直前カウントダウンログインボーナス*
*開催期間中、1日1回 8日間日替りでログインボーナスをプレゼント！*
`QP X 3000000
`_2023-07-24 19:35:52_
--------
