【登录信息】
[616a3f39c6e3c5632fd0210a65318c96]
`登陆天数: 159天 / 2472天
等级: 157
石头: 238
呼符: 169
友情点: 0 / 19561550`
*連続ログイン5日目
※ログインが途切れるか、7日到達すると
1日目から再開されます*
`叡智の業火 X 2
7月交換券(2023) X 1
`*ミスティックアイズ・シンフォニー開幕記念 ログインボーナス*
*開催期間中、1日1回 最大21回ログインボーナスをプレゼント！*
`黄金の果実 X 1
`_2023-07-25 19:35:40_
--------
[759adb97f1408e3d56e5b840a52a406c]
`登陆天数: 224天 / 2452天
等级: 146
石头: 151
呼符: 14
友情点: 230 / 7338085`
*連続ログイン7日間到達おめでとうございます！
明日は1日目からリスタートされます。*
`獣の足跡 X 1
呼符 X 1
7月交換券(2023) X 1
`*ミスティックアイズ・シンフォニー開幕記念 ログインボーナス*
*開催期間中、1日1回 最大21回ログインボーナスをプレゼント！*
`黄金の果実 X 1
`_2023-07-25 19:35:49_
--------
