【登录信息】
[616a3f39c6e3c5632fd0210a65318c96]
`登陆天数: 160天 / 2473天
等级: 157
石头: 238
呼符: 169
友情点: 0 / 19561550`
*連続ログイン6日目
※ログインが途切れるか、7日到達すると
1日目から再開されます*
`聖晶石 X 2
7月交換券(2023) X 1
`*「Fate/Grand Order Fes. 2023 夏祭り ～8th Anniversary～」開催直前カウントダウンログインボーナス*
*開催期間中、1日1回 8日間日替りでログインボーナスをプレゼント！*
`QP X 3000000
`_2023-07-26 19:35:31_
--------
[759adb97f1408e3d56e5b840a52a406c]
`登陆天数: 225天 / 2453天
等级: 146
石头: 151
呼符: 15
友情点: 190 / 7338855`
*連続ログイン1日目
※ログインが途切れるか、7日到達すると
1日目から再開されます*
`フレンドポイント X 2000
7月交換券(2023) X 1
`*「Fate/Grand Order Fes. 2023 夏祭り ～8th Anniversary～」開催直前カウントダウンログインボーナス*
*開催期間中、1日1回 8日間日替りでログインボーナスをプレゼント！*
`QP X 3000000
`_2023-07-26 19:35:40_
--------
