【登录信息】
[616a3f39c6e3c5632fd0210a65318c96]
`登陆天数: 161天 / 2474天
等级: 157
石头: 238
呼符: 169
友情点: 0 / 19561550`
*連続ログイン7日間到達おめでとうございます！
明日は1日目からリスタートされます。*
`獣の足跡 X 1
呼符 X 1
7月交換券(2023) X 1
`*「Fate/Grand Order Fes. 2023 夏祭り ～8th Anniversary～」開催直前カウントダウンログインボーナス*
*開催期間中、1日1回 8日間日替りでログインボーナスをプレゼント！*
`叡智の業火 X 10
`_2023-07-27 19:35:38_
--------
[759adb97f1408e3d56e5b840a52a406c]
`登陆天数: 226天 / 2454天
等级: 146
石头: 151
呼符: 15
友情点: 310 / 7341585`
*連続ログイン2日目
※ログインが途切れるか、7日到達すると
1日目から再開されます*
`聖晶石 X 1
7月交換券(2023) X 1
`*「Fate/Grand Order Fes. 2023 夏祭り ～8th Anniversary～」開催直前カウントダウンログインボーナス*
*開催期間中、1日1回 8日間日替りでログインボーナスをプレゼント！*
`叡智の業火 X 10
`_2023-07-27 19:35:48_
--------
