【登录信息】
[616a3f39c6e3c5632fd0210a65318c96]
`登陆天数: 43天 / 2356天
等级: 157
石头: 49
呼符: 114
友情点: 50 / 18997755`
*連続ログイン1日目
※ログインが途切れるか、7日到達すると
1日目から再開されます*
`フレンドポイント X 2000
4月交換券(2023) X 1
`*Fate/Grand Order 春の新米マスター応援キャンペーン2023！
日替りログインボーナス*
*開催期間中、1日1回 6日間日替りでログインボーナスをプレゼント！*
`聖晶石 X 2
`_2023-03-31 19:35:30_
--------
[759adb97f1408e3d56e5b840a52a406c]
`登陆天数: 108天 / 2336天
等级: 146
石头: 73
呼符: 17
友情点: 60 / 7143575`
*連続ログイン3日目
※ログインが途切れるか、7日到達すると
1日目から再開されます*
`叡智の業火 X 1
4月交換券(2023) X 1
`*Fate/Grand Order 春の新米マスター応援キャンペーン2023！
日替りログインボーナス*
*開催期間中、1日1回 6日間日替りでログインボーナスをプレゼント！*
`聖晶石 X 2
`_2023-03-31 19:35:40_
--------
