【登录信息】
[616a3f39c6e3c5632fd0210a65318c96]
`登陆天数: 44天 / 2357天
等级: 157
石头: 50
呼符: 120
友情点: 0 / 18997755`
*連続ログイン2日目
※ログインが途切れるか、7日到達すると
1日目から再開されます*
`聖晶石 X 1
4月交換券(2023) X 1
`*Fate/Grand Order 春の新米マスター応援キャンペーン2023！
日替りログインボーナス*
*開催期間中、1日1回 6日間日替りでログインボーナスをプレゼント！*
`呼符 X 1
`_2023-04-01 19:35:38_
--------
[759adb97f1408e3d56e5b840a52a406c]
`登陆天数: 109天 / 2337天
等级: 146
石头: 87
呼符: 17
友情点: 0 / 7143695`
*連続ログイン4日目
※ログインが途切れるか、7日到達すると
1日目から再開されます*
`聖晶石 X 1
4月交換券(2023) X 1
`*Fate/Grand Order 春の新米マスター応援キャンペーン2023！
日替りログインボーナス*
*開催期間中、1日1回 6日間日替りでログインボーナスをプレゼント！*
`呼符 X 1
`_2023-04-01 19:35:48_
--------
