【登录信息】
[616a3f39c6e3c5632fd0210a65318c96]
`登陆天数: 50天 / 2363天
等级: 157
石头: 50
呼符: 120
友情点: 0 / 18997805`
*連続ログイン1日目
※ログインが途切れるか、7日到達すると
1日目から再開されます*
`フレンドポイント X 2000
4月交換券(2023) X 1
`*日替りログインボーナス*
*開催期間中、1日1回 4週間日替りでログインボーナスをプレゼント！*
`巡霊の葉 X 30
`_2023-04-07 19:35:55_
--------
[759adb97f1408e3d56e5b840a52a406c]
`登陆天数: 115天 / 2343天
等级: 146
石头: 97
呼符: 22
友情点: 900 / 7150925`
*連続ログイン3日目
※ログインが途切れるか、7日到達すると
1日目から再開されます*
`叡智の業火 X 1
4月交換券(2023) X 1
`*日替りログインボーナス*
*開催期間中、1日1回 4週間日替りでログインボーナスをプレゼント！*
`巡霊の葉 X 30
`_2023-04-07 19:36:04_
--------
