【登录信息】
[616a3f39c6e3c5632fd0210a65318c96]
`登陆天数: 53天 / 2366天
等级: 157
石头: 50
呼符: 120
友情点: 0 / 18997805`
*連続ログイン4日目
※ログインが途切れるか、7日到達すると
1日目から再開されます*
`聖晶石 X 1
4月交換券(2023) X 1
`*日替りログインボーナス*
*開催期間中、1日1回 4週間日替りでログインボーナスをプレゼント！*
`巡霊の葉 X 30
`_2023-04-10 19:35:43_
--------
[759adb97f1408e3d56e5b840a52a406c]
`登陆天数: 118天 / 2346天
等级: 146
石头: 113
呼符: 22
友情点: 100 / 7154505`
*連続ログイン6日目
※ログインが途切れるか、7日到達すると
1日目から再開されます*
`聖晶石 X 2
4月交換券(2023) X 1
`*日替りログインボーナス*
*開催期間中、1日1回 4週間日替りでログインボーナスをプレゼント！*
`巡霊の葉 X 30
`_2023-04-10 19:35:52_
--------
