【登录信息】
[616a3f39c6e3c5632fd0210a65318c96]
`登陆天数: 61天 / 2374天
等级: 157
石头: 50
呼符: 120
友情点: 0 / 18997855`
*連続ログイン5日目
※ログインが途切れるか、7日到達すると
1日目から再開されます*
`叡智の業火 X 2
4月交換券(2023) X 1
`*日替りログインボーナス*
*開催期間中、1日1回 4週間日替りでログインボーナスをプレゼント！*
`巡霊の葉 X 100
`_2023-04-18 19:35:46_
--------
[759adb97f1408e3d56e5b840a52a406c]
`登陆天数: 126天 / 2354天
等级: 146
石头: 161
呼符: 22
友情点: 1220 / 7175285`
*連続ログイン7日間到達おめでとうございます！
明日は1日目からリスタートされます。*
`獣の足跡 X 1
呼符 X 1
4月交換券(2023) X 1
`*日替りログインボーナス*
*開催期間中、1日1回 4週間日替りでログインボーナスをプレゼント！*
`巡霊の葉 X 100
`_2023-04-18 19:35:55_
--------
