【登录信息】
[616a3f39c6e3c5632fd0210a65318c96]
`登陆天数: 66天 / 2379天
等级: 157
石头: 50
呼符: 130
友情点: 0 / 19014005`
*連続ログイン3日目
※ログインが途切れるか、7日到達すると
1日目から再開されます*
`叡智の業火 X 1
4月交換券(2023) X 1
`*日替りログインボーナス*
*開催期間中、1日1回 4週間日替りでログインボーナスをプレゼント！*
`巡霊の葉 X 30
`_2023-04-23 19:36:18_
--------
[759adb97f1408e3d56e5b840a52a406c]
`登陆天数: 131天 / 2359天
等级: 146
石头: 1
呼符: 0
友情点: 340 / 7184420`
*連続ログイン5日目
※ログインが途切れるか、7日到達すると
1日目から再開されます*
`叡智の業火 X 2
4月交換券(2023) X 1
`*日替りログインボーナス*
*開催期間中、1日1回 4週間日替りでログインボーナスをプレゼント！*
`巡霊の葉 X 30
`_2023-04-23 19:36:28_
--------
