【登录信息】
[616a3f39c6e3c5632fd0210a65318c96]
`登陆天数: 71天 / 2384天
等级: 157
石头: 25
呼符: 132
友情点: 0 / 19016110`
*連続ログイン1日目
※ログインが途切れるか、7日到達すると
1日目から再開されます*
`フレンドポイント X 2000
4月交換券(2023) X 1
`*日替りログインボーナス*
*開催期間中、1日1回 4週間日替りでログインボーナスをプレゼント！*
`巡霊の葉 X 30
`_2023-04-28 19:35:28_
--------
[759adb97f1408e3d56e5b840a52a406c]
`登陆天数: 136天 / 2364天
等级: 146
石头: 18
呼符: 0
友情点: 0 / 7194215`
*連続ログイン3日目
※ログインが途切れるか、7日到達すると
1日目から再開されます*
`叡智の業火 X 1
4月交換券(2023) X 1
`*日替りログインボーナス*
*開催期間中、1日1回 4週間日替りでログインボーナスをプレゼント！*
`巡霊の葉 X 30
`_2023-04-28 19:35:38_
--------
