【登录信息】
[616a3f39c6e3c5632fd0210a65318c96]
`登陆天数: 72天 / 2385天
等级: 157
石头: 25
呼符: 132
友情点: 0 / 19016110`
*連続ログイン2日目
※ログインが途切れるか、7日到達すると
1日目から再開されます*
`聖晶石 X 1
4月交換券(2023) X 1
`*日替りログインボーナス*
*開催期間中、1日1回 4週間日替りでログインボーナスをプレゼント！*
`聖晶石 X 9
巡霊の葉 X 50
`_2023-04-29 19:35:44_
--------
[759adb97f1408e3d56e5b840a52a406c]
`登陆天数: 137天 / 2365天
等级: 146
石头: 18
呼符: 0
友情点: 240 / 7194455`
*連続ログイン4日目
※ログインが途切れるか、7日到達すると
1日目から再開されます*
`聖晶石 X 1
4月交換券(2023) X 1
`*日替りログインボーナス*
*開催期間中、1日1回 4週間日替りでログインボーナスをプレゼント！*
`聖晶石 X 9
巡霊の葉 X 50
`_2023-04-29 19:35:53_
--------
