【登录信息】
[616a3f39c6e3c5632fd0210a65318c96]
`登陆天数: 91天 / 2577天
等级: 158
石头: 280
呼符: 224
友情点: 0 / 19709970`
*連続ログイン7日間到達おめでとうございます！
明日は1日目からリスタートされます。*
`獣の足跡 X 1
呼符 X 1
11月交換券(2023) X 1
`*聖杯戦線 ～白天の城、黒夜の城～開幕記念 ログインボーナス*
*開催期間中、1日1回 最大21回ログインボーナスをプレゼント！*
`黄金の果実 X 1
`_2023-11-08 19:33:58_
--------
[759adb97f1408e3d56e5b840a52a406c]
`登陆天数: 330天 / 2558天
等级: 147
石头: 394
呼符: 19
友情点: 460 / 6688185`
*連続ログイン1日目
※ログインが途切れるか、7日到達すると
1日目から再開されます*
`フレンドポイント X 2000
11月交換券(2023) X 1
`*聖杯戦線 ～白天の城、黒夜の城～開幕記念 ログインボーナス*
*開催期間中、1日1回 最大21回ログインボーナスをプレゼント！*
`黄金の果実 X 1
`_2023-11-08 19:34:09_
--------
