【登录信息】
[616a3f39c6e3c5632fd0210a65318c96]
`登陆天数: 93天 / 2579天
等级: 158
石头: 296
呼符: 232
友情点: 50 / 19710495`
*連続ログイン2日目
※ログインが途切れるか、7日到達すると
1日目から再開されます*
`聖晶石 X 1
11月交換券(2023) X 1
`*聖杯戦線 ～白天の城、黒夜の城～開幕記念 ログインボーナス*
*開催期間中、1日1回 最大21回ログインボーナスをプレゼント！*
`白銀の果実 X 1
`_2023-11-10 19:34:01_
--------
[759adb97f1408e3d56e5b840a52a406c]
`登陆天数: 332天 / 2560天
等级: 147
石头: 394
呼符: 20
友情点: 470 / 6692455`
*連続ログイン3日目
※ログインが途切れるか、7日到達すると
1日目から再開されます*
`叡智の業火 X 1
11月交換券(2023) X 1
`*聖杯戦線 ～白天の城、黒夜の城～開幕記念 ログインボーナス*
*開催期間中、1日1回 最大21回ログインボーナスをプレゼント！*
`白銀の果実 X 1
`_2023-11-10 19:34:11_
--------
