【登录信息】
[616a3f39c6e3c5632fd0210a65318c96]
`登陆天数: 94天 / 2580天
等级: 158
石头: 296
呼符: 232
友情点: 0 / 19710595`
*連続ログイン3日目
※ログインが途切れるか、7日到達すると
1日目から再開されます*
`叡智の業火 X 1
11月交換券(2023) X 1
`*聖杯戦線 ～白天の城、黒夜の城～開幕記念 ログインボーナス*
*開催期間中、1日1回 最大21回ログインボーナスをプレゼント！*
`白銀の果実 X 1
`_2023-11-11 19:34:09_
--------
[759adb97f1408e3d56e5b840a52a406c]
`登陆天数: 333天 / 2561天
等级: 147
石头: 395
呼符: 20
友情点: 495 / 6693385`
*連続ログイン4日目
※ログインが途切れるか、7日到達すると
1日目から再開されます*
`聖晶石 X 1
11月交換券(2023) X 1
`*聖杯戦線 ～白天の城、黒夜の城～開幕記念 ログインボーナス*
*開催期間中、1日1回 最大21回ログインボーナスをプレゼント！*
`白銀の果実 X 1
`_2023-11-11 19:34:19_
--------
