【登录信息】
[616a3f39c6e3c5632fd0210a65318c96]
`登陆天数: 100天 / 2586天
等级: 158
石头: 296
呼符: 232
友情点: 25 / 19710645`
*連続ログイン2日目
※ログインが途切れるか、7日到達すると
1日目から再開されます*
`聖晶石 X 1
11月交換券(2023) X 1
`*2900万DL突破記念 特別回数ログインボーナス*
*開催期間中、1日1回 最大10回 回数ログインボーナスをプレゼント！*
`白銀の果実 X 10
`_2023-11-17 19:34:11_
--------
[759adb97f1408e3d56e5b840a52a406c]
`登陆天数: 339天 / 2567天
等级: 147
石头: 9
呼符: 0
友情点: 370 / 6701885`
*連続ログイン3日目
※ログインが途切れるか、7日到達すると
1日目から再開されます*
`叡智の業火 X 1
11月交換券(2023) X 1
`*2900万DL突破記念 特別回数ログインボーナス*
*開催期間中、1日1回 最大10回 回数ログインボーナスをプレゼント！*
`白銀の果実 X 10
`_2023-11-17 19:34:21_
--------
