【登录信息】
[616a3f39c6e3c5632fd0210a65318c96]
`登陆天数: 101天 / 2587天
等级: 158
石头: 296
呼符: 232
友情点: 0 / 19710645`
*連続ログイン3日目
※ログインが途切れるか、7日到達すると
1日目から再開されます*
`叡智の業火 X 1
11月交換券(2023) X 1
`*2900万DL突破記念 特別回数ログインボーナス*
*開催期間中、1日1回 最大10回 回数ログインボーナスをプレゼント！*
`マナプリズム X 100
黄金の果実 X 10
`_2023-11-18 19:34:09_
--------
[759adb97f1408e3d56e5b840a52a406c]
`登陆天数: 340天 / 2568天
等级: 147
石头: 2
呼符: 0
友情点: 290 / 6702675`
*連続ログイン4日目
※ログインが途切れるか、7日到達すると
1日目から再開されます*
`聖晶石 X 1
11月交換券(2023) X 1
`*2900万DL突破記念 特別回数ログインボーナス*
*開催期間中、1日1回 最大10回 回数ログインボーナスをプレゼント！*
`マナプリズム X 100
黄金の果実 X 10
`_2023-11-18 19:34:19_
--------
