【登录信息】
[616a3f39c6e3c5632fd0210a65318c96]
`登陆天数: 103天 / 2589天
等级: 158
石头: 296
呼符: 232
友情点: 100 / 19710745`
*連続ログイン5日目
※ログインが途切れるか、7日到達すると
1日目から再開されます*
`叡智の業火 X 2
11月交換券(2023) X 1
`*2900万DL突破記念 特別回数ログインボーナス*
*開催期間中、1日1回 最大10回 回数ログインボーナスをプレゼント！*
`叡智の業火 X 10
`_2023-11-20 19:34:36_
--------
[759adb97f1408e3d56e5b840a52a406c]
`登陆天数: 342天 / 2570天
等级: 147
石头: 0
呼符: 0
友情点: 130 / 6704275`
*連続ログイン6日目
※ログインが途切れるか、7日到達すると
1日目から再開されます*
`聖晶石 X 2
11月交換券(2023) X 1
`*2900万DL突破記念 特別回数ログインボーナス*
*開催期間中、1日1回 最大10回 回数ログインボーナスをプレゼント！*
`叡智の業火 X 10
`_2023-11-20 19:34:46_
--------
