【登录信息】
[616a3f39c6e3c5632fd0210a65318c96]
`登陆天数: 106天 / 2592天
等级: 158
石头: 79
呼符: 217
友情点: 0 / 19721395`
*連続ログイン1日目
※ログインが途切れるか、7日到達すると
1日目から再開されます*
`フレンドポイント X 2000
11月交換券(2023) X 1
`*日替りログインボーナス*
*開催期間中、1日1回 2週間日替りでログインボーナスをプレゼント！*
`巡霊の葉 X 30
`_2023-11-23 19:33:53_
--------
[759adb97f1408e3d56e5b840a52a406c]
`登陆天数: 345天 / 2573天
等级: 147
石头: 9
呼符: 0
友情点: 450 / 6711100`
*連続ログイン2日目
※ログインが途切れるか、7日到達すると
1日目から再開されます*
`聖晶石 X 1
11月交換券(2023) X 1
`*日替りログインボーナス*
*開催期間中、1日1回 2週間日替りでログインボーナスをプレゼント！*
`巡霊の葉 X 30
`_2023-11-23 19:34:04_
--------
