【登录信息】
[616a3f39c6e3c5632fd0210a65318c96]
`登陆天数: 107天 / 2593天
等级: 158
石头: 98
呼符: 217
友情点: 0 / 19721895`
*連続ログイン2日目
※ログインが途切れるか、7日到達すると
1日目から再開されます*
`聖晶石 X 1
11月交換券(2023) X 1
`*日替りログインボーナス*
*開催期間中、1日1回 2週間日替りでログインボーナスをプレゼント！*
`聖晶石 X 2
巡霊の葉 X 100
`_2023-11-24 19:33:54_
--------
[759adb97f1408e3d56e5b840a52a406c]
`登陆天数: 346天 / 2574天
等级: 147
石头: 27
呼符: 0
友情点: 55 / 6713780`
*連続ログイン3日目
※ログインが途切れるか、7日到達すると
1日目から再開されます*
`叡智の業火 X 1
11月交換券(2023) X 1
`*日替りログインボーナス*
*開催期間中、1日1回 2週間日替りでログインボーナスをプレゼント！*
`聖晶石 X 2
巡霊の葉 X 100
`_2023-11-24 19:34:04_
--------
