【登录信息】
[616a3f39c6e3c5632fd0210a65318c96]
`登陆天数: 109天 / 2595天
等级: 158
石头: 98
呼符: 217
友情点: 100 / 19721995`
*連続ログイン4日目
※ログインが途切れるか、7日到達すると
1日目から再開されます*
`聖晶石 X 1
11月交換券(2023) X 1
`*日替りログインボーナス*
*開催期間中、1日1回 2週間日替りでログインボーナスをプレゼント！*
`巡霊の葉 X 30
`_2023-11-26 19:33:51_
--------
[759adb97f1408e3d56e5b840a52a406c]
`登陆天数: 348天 / 2576天
等级: 147
石头: 1
呼符: 0
友情点: 240 / 6714285`
*連続ログイン5日目
※ログインが途切れるか、7日到達すると
1日目から再開されます*
`叡智の業火 X 2
11月交換券(2023) X 1
`*日替りログインボーナス*
*開催期間中、1日1回 2週間日替りでログインボーナスをプレゼント！*
`巡霊の葉 X 30
`_2023-11-26 19:34:01_
--------
