【登录信息】
[616a3f39c6e3c5632fd0210a65318c96]
`登陆天数: 111天 / 2597天
等级: 158
石头: 98
呼符: 217
友情点: 0 / 19721995`
*連続ログイン6日目
※ログインが途切れるか、7日到達すると
1日目から再開されます*
`聖晶石 X 2
11月交換券(2023) X 1
`*日替りログインボーナス*
*開催期間中、1日1回 2週間日替りでログインボーナスをプレゼント！*
`聖晶石 X 3
巡霊の葉 X 50
`_2023-11-28 19:34:05_
--------
[759adb97f1408e3d56e5b840a52a406c]
`登陆天数: 350天 / 2578天
等级: 147
石头: 0
呼符: 0
友情点: 370 / 6717835`
*連続ログイン7日間到達おめでとうございます！
明日は1日目からリスタートされます。*
`獣の足跡 X 1
呼符 X 1
11月交換券(2023) X 1
`*日替りログインボーナス*
*開催期間中、1日1回 2週間日替りでログインボーナスをプレゼント！*
`聖晶石 X 3
巡霊の葉 X 50
`_2023-11-28 19:34:15_
--------
