【登录信息】
[616a3f39c6e3c5632fd0210a65318c96]
`登陆天数: 80天 / 2393天
等级: 157
石头: 58
呼符: 138
友情点: 0 / 19018985`
*連続ログイン3日目
※ログインが途切れるか、7日到達すると
1日目から再開されます*
`叡智の業火 X 1
5月交換券(2023) X 1
`*「Fate/Grand Order キャストトーク in マチ★アソビvol.26」開催記念プレゼント*
*開催期間中、初回ログインで「聖晶石×10」をプレゼント！*
`聖晶石 X 10
`_2023-05-07 19:35:40_
--------
[759adb97f1408e3d56e5b840a52a406c]
`登陆天数: 145天 / 2373天
等级: 146
石头: 2
呼符: 0
友情点: 730 / 7206715`
*連続ログイン5日目
※ログインが途切れるか、7日到達すると
1日目から再開されます*
`叡智の業火 X 2
5月交換券(2023) X 1
`*「Fate/Grand Order キャストトーク in マチ★アソビvol.26」開催記念プレゼント*
*開催期間中、初回ログインで「聖晶石×10」をプレゼント！*
`聖晶石 X 10
`_2023-05-07 19:35:49_
--------
