【登录信息】
[616a3f39c6e3c5632fd0210a65318c96]
`登陆天数: 83天 / 2396天
等级: 157
石头: 61
呼符: 138
友情点: 0 / 19020085`
*連続ログイン6日目
※ログインが途切れるか、7日到達すると
1日目から再開されます*
`聖晶石 X 2
5月交換券(2023) X 1
`*日替りログインボーナス*
*開催期間中、1日1回 2週間日替りでログインボーナスをプレゼント！*
`巡霊の葉 X 30
`_2023-05-10 19:36:51_
--------
[759adb97f1408e3d56e5b840a52a406c]
`登陆天数: 148天 / 2376天
等级: 146
石头: 2
呼符: 1
友情点: 1870 / 7215365`
*連続ログイン1日目
※ログインが途切れるか、7日到達すると
1日目から再開されます*
`フレンドポイント X 2000
5月交換券(2023) X 1
`*日替りログインボーナス*
*開催期間中、1日1回 2週間日替りでログインボーナスをプレゼント！*
`巡霊の葉 X 30
`_2023-05-10 19:37:00_
--------
