【登录信息】
[616a3f39c6e3c5632fd0210a65318c96]
`登陆天数: 84天 / 2397天
等级: 157
石头: 61
呼符: 138
友情点: 0 / 19020085`
*連続ログイン7日間到達おめでとうございます！
明日は1日目からリスタートされます。*
`獣の足跡 X 1
呼符 X 1
5月交換券(2023) X 1
`*日替りログインボーナス*
*開催期間中、1日1回 2週間日替りでログインボーナスをプレゼント！*
`巡霊の葉 X 30
`_2023-05-11 19:35:41_
--------
[759adb97f1408e3d56e5b840a52a406c]
`登陆天数: 149天 / 2377天
等级: 146
石头: 5
呼符: 1
友情点: 220 / 7218760`
*連続ログイン2日目
※ログインが途切れるか、7日到達すると
1日目から再開されます*
`聖晶石 X 1
5月交換券(2023) X 1
`*日替りログインボーナス*
*開催期間中、1日1回 2週間日替りでログインボーナスをプレゼント！*
`巡霊の葉 X 30
`_2023-05-11 19:35:49_
--------
