【登录信息】
[616a3f39c6e3c5632fd0210a65318c96]
`登陆天数: 85天 / 2398天
等级: 157
石头: 72
呼符: 139
友情点: 0 / 19021330`
*連続ログイン1日目
※ログインが途切れるか、7日到達すると
1日目から再開されます*
`フレンドポイント X 2000
5月交換券(2023) X 1
`*日替りログインボーナス*
*開催期間中、1日1回 2週間日替りでログインボーナスをプレゼント！*
`聖晶石 X 2
巡霊の葉 X 100
`_2023-05-12 19:35:45_
--------
[759adb97f1408e3d56e5b840a52a406c]
`登陆天数: 150天 / 2378天
等级: 146
石头: 5
呼符: 1
友情点: 410 / 7219170`
*連続ログイン3日目
※ログインが途切れるか、7日到達すると
1日目から再開されます*
`叡智の業火 X 1
5月交換券(2023) X 1
`*日替りログインボーナス*
*開催期間中、1日1回 2週間日替りでログインボーナスをプレゼント！*
`聖晶石 X 2
巡霊の葉 X 100
`_2023-05-12 19:35:55_
--------
