【登录信息】
[616a3f39c6e3c5632fd0210a65318c96]
`登陆天数: 87天 / 2400天
等级: 157
石头: 72
呼符: 139
友情点: 25 / 19021405`
*連続ログイン3日目
※ログインが途切れるか、7日到達すると
1日目から再開されます*
`叡智の業火 X 1
5月交換券(2023) X 1
`*日替りログインボーナス*
*開催期間中、1日1回 2週間日替りでログインボーナスをプレゼント！*
`巡霊の葉 X 30
`_2023-05-14 19:35:37_
--------
[759adb97f1408e3d56e5b840a52a406c]
`登陆天数: 152天 / 2380天
等级: 146
石头: 8
呼符: 1
友情点: 615 / 7221365`
*連続ログイン5日目
※ログインが途切れるか、7日到達すると
1日目から再開されます*
`叡智の業火 X 2
5月交換券(2023) X 1
`*日替りログインボーナス*
*開催期間中、1日1回 2週間日替りでログインボーナスをプレゼント！*
`巡霊の葉 X 30
`_2023-05-14 19:35:46_
--------
