【登录信息】
[616a3f39c6e3c5632fd0210a65318c96]
`登陆天数: 94天 / 2407天
等级: 157
石头: 87
呼符: 140
友情点: 0 / 19023225`
*連続ログイン3日目
※ログインが途切れるか、7日到達すると
1日目から再開されます*
`叡智の業火 X 1
5月交換券(2023) X 1
`*日替りログインボーナス*
*開催期間中、1日1回 2週間日替りでログインボーナスをプレゼント！*
`巡霊の葉 X 30
`_2023-05-21 19:35:35_
--------
[759adb97f1408e3d56e5b840a52a406c]
`登陆天数: 159天 / 2387天
等级: 146
石头: 9
呼符: 6
友情点: 930 / 7240120`
*連続ログイン5日目
※ログインが途切れるか、7日到達すると
1日目から再開されます*
`叡智の業火 X 2
5月交換券(2023) X 1
`*日替りログインボーナス*
*開催期間中、1日1回 2週間日替りでログインボーナスをプレゼント！*
`巡霊の葉 X 30
`_2023-05-21 19:35:44_
--------
