【登录信息】
[616a3f39c6e3c5632fd0210a65318c96]
`登陆天数: 96天 / 2409天
等级: 157
石头: 87
呼符: 140
友情点: 25 / 19023250`
*連続ログイン5日目
※ログインが途切れるか、7日到達すると
1日目から再開されます*
`叡智の業火 X 2
5月交換券(2023) X 1
`*日替りログインボーナス*
*開催期間中、1日1回 2週間日替りでログインボーナスをプレゼント！*
`聖晶石 X 3
巡霊の葉 X 50
`_2023-05-23 19:35:36_
--------
[759adb97f1408e3d56e5b840a52a406c]
`登陆天数: 161天 / 2389天
等级: 146
石头: 11
呼符: 6
友情点: 1250 / 7244300`
*連続ログイン7日間到達おめでとうございます！
明日は1日目からリスタートされます。*
`獣の足跡 X 1
呼符 X 1
5月交換券(2023) X 1
`*日替りログインボーナス*
*開催期間中、1日1回 2週間日替りでログインボーナスをプレゼント！*
`聖晶石 X 3
巡霊の葉 X 50
`_2023-05-23 19:35:46_
--------
