【登录信息】
[616a3f39c6e3c5632fd0210a65318c96]
`登陆天数: 97天 / 2410天
等级: 157
石头: 87
呼符: 140
友情点: 25 / 19023275`
*連続ログイン6日目
※ログインが途切れるか、7日到達すると
1日目から再開されます*
`聖晶石 X 2
5月交換券(2023) X 1
`*FGO カルデア放送局 ライト版 FGO Fes. 2023＆ゲーム最新情報 放送記念 初回ログインボーナス*
*開催期間中、初回ログインで「聖晶石×14」をプレゼント！*
`聖晶石 X 14
`_2023-05-24 19:35:33_
--------
[759adb97f1408e3d56e5b840a52a406c]
`登陆天数: 162天 / 2390天
等级: 146
石头: 14
呼符: 7
友情点: 340 / 7246760`
*連続ログイン1日目
※ログインが途切れるか、7日到達すると
1日目から再開されます*
`フレンドポイント X 2000
5月交換券(2023) X 1
`*FGO カルデア放送局 ライト版 FGO Fes. 2023＆ゲーム最新情報 放送記念 初回ログインボーナス*
*開催期間中、初回ログインで「聖晶石×14」をプレゼント！*
`聖晶石 X 14
`_2023-05-24 19:35:43_
--------
