【登录信息】
[616a3f39c6e3c5632fd0210a65318c96]
`登陆天数: 111天 / 2424天
等级: 157
石头: 182
呼符: 151
友情点: 25 / 19035625`
*連続ログイン6日目
※ログインが途切れるか、7日到達すると
1日目から再開されます*
`聖晶石 X 2
6月交換券(2023) X 1
`*奏章Ⅰ 
虚数羅針内界 ペーパームーン
開幕直前ログインボーナス*
*開催期間中、1日1回 7日間日替りでログインボーナスをプレゼント！*
`QP X 3000000
白銀の果実 X 1
`_2023-06-07 19:35:43_
--------
[759adb97f1408e3d56e5b840a52a406c]
`登陆天数: 176天 / 2404天
等级: 146
石头: 81
呼符: 12
友情点: 0 / 7263525`
*連続ログイン1日目
※ログインが途切れるか、7日到達すると
1日目から再開されます*
`フレンドポイント X 2000
6月交換券(2023) X 1
`*奏章Ⅰ 
虚数羅針内界 ペーパームーン
開幕直前ログインボーナス*
*開催期間中、1日1回 7日間日替りでログインボーナスをプレゼント！*
`QP X 3000000
白銀の果実 X 1
`_2023-06-07 19:35:52_
--------
