【登录信息】
[616a3f39c6e3c5632fd0210a65318c96]
`登陆天数: 112天 / 2425天
等级: 157
石头: 182
呼符: 151
友情点: 0 / 19035625`
*連続ログイン7日間到達おめでとうございます！
明日は1日目からリスタートされます。*
`獣の足跡 X 1
呼符 X 1
6月交換券(2023) X 1
`*奏章Ⅰ 
虚数羅針内界 ペーパームーン
開幕直前ログインボーナス*
*開催期間中、1日1回 7日間日替りでログインボーナスをプレゼント！*
`英霊結晶・星のフォウくん X 2
白銀の果実 X 1
`_2023-06-08 19:35:29_
--------
[759adb97f1408e3d56e5b840a52a406c]
`登陆天数: 177天 / 2405天
等级: 146
石头: 81
呼符: 12
友情点: 170 / 7263695`
*連続ログイン2日目
※ログインが途切れるか、7日到達すると
1日目から再開されます*
`聖晶石 X 1
6月交換券(2023) X 1
`*奏章Ⅰ 
虚数羅針内界 ペーパームーン
開幕直前ログインボーナス*
*開催期間中、1日1回 7日間日替りでログインボーナスをプレゼント！*
`英霊結晶・星のフォウくん X 2
白銀の果実 X 1
`_2023-06-08 19:35:39_
--------
