【登录信息】
[616a3f39c6e3c5632fd0210a65318c96]
`登陆天数: 113天 / 2426天
等级: 157
石头: 182
呼符: 151
友情点: 25 / 19035650`
*連続ログイン1日目
※ログインが途切れるか、7日到達すると
1日目から再開されます*
`フレンドポイント X 2000
6月交換券(2023) X 1
`*奏章Ⅰ 
虚数羅針内界 ペーパームーン
開幕直前ログインボーナス*
*開催期間中、1日1回 7日間日替りでログインボーナスをプレゼント！*
`英霊結晶・太陽のフォウくん X 2
白銀の果実 X 1
`_2023-06-09 19:35:30_
--------
[759adb97f1408e3d56e5b840a52a406c]
`登陆天数: 178天 / 2406天
等级: 146
石头: 87
呼符: 12
友情点: 240 / 7266875`
*連続ログイン3日目
※ログインが途切れるか、7日到達すると
1日目から再開されます*
`叡智の業火 X 1
6月交換券(2023) X 1
`*奏章Ⅰ 
虚数羅針内界 ペーパームーン
開幕直前ログインボーナス*
*開催期間中、1日1回 7日間日替りでログインボーナスをプレゼント！*
`英霊結晶・太陽のフォウくん X 2
白銀の果実 X 1
`_2023-06-09 19:35:39_
--------
