【登录信息】
[616a3f39c6e3c5632fd0210a65318c96]
`登陆天数: 114天 / 2427天
等级: 157
石头: 182
呼符: 151
友情点: 0 / 19035650`
*連続ログイン2日目
※ログインが途切れるか、7日到達すると
1日目から再開されます*
`聖晶石 X 1
6月交換券(2023) X 1
`*奏章Ⅰ 
虚数羅針内界 ペーパームーン
開幕直前ログインボーナス*
*開催期間中、1日1回 7日間日替りでログインボーナスをプレゼント！*
`マナプリズム X 50
黄金の果実 X 1
`_2023-06-10 19:35:38_
--------
[759adb97f1408e3d56e5b840a52a406c]
`登陆天数: 179天 / 2407天
等级: 146
石头: 99
呼符: 12
友情点: 350 / 7268005`
*連続ログイン4日目
※ログインが途切れるか、7日到達すると
1日目から再開されます*
`聖晶石 X 1
6月交換券(2023) X 1
`*奏章Ⅰ 
虚数羅針内界 ペーパームーン
開幕直前ログインボーナス*
*開催期間中、1日1回 7日間日替りでログインボーナスをプレゼント！*
`マナプリズム X 50
黄金の果実 X 1
`_2023-06-10 19:35:47_
--------
