【登录信息】
[616a3f39c6e3c5632fd0210a65318c96]
`登陆天数: 115天 / 2428天
等级: 157
石头: 198
呼符: 157
友情点: 0 / 19409650`
*連続ログイン3日目
※ログインが途切れるか、7日到達すると
1日目から再開されます*
`叡智の業火 X 1
6月交換券(2023) X 1
`*奏章Ⅰ 
虚数羅針内界 ペーパームーン
開幕直前ログインボーナス*
*開催期間中、1日1回 7日間日替りでログインボーナスをプレゼント！*
`英霊結晶・星のフォウくん X 3
黄金の果実 X 1
`_2023-06-11 19:35:38_
--------
[759adb97f1408e3d56e5b840a52a406c]
`登陆天数: 180天 / 2408天
等级: 146
石头: 99
呼符: 12
友情点: 1130 / 7269135`
*連続ログイン5日目
※ログインが途切れるか、7日到達すると
1日目から再開されます*
`叡智の業火 X 2
6月交換券(2023) X 1
`*奏章Ⅰ 
虚数羅針内界 ペーパームーン
開幕直前ログインボーナス*
*開催期間中、1日1回 7日間日替りでログインボーナスをプレゼント！*
`英霊結晶・星のフォウくん X 3
黄金の果実 X 1
`_2023-06-11 19:35:46_
--------
