【登录信息】
[616a3f39c6e3c5632fd0210a65318c96]
`登陆天数: 116天 / 2429天
等级: 157
石头: 198
呼符: 157
友情点: 100 / 19409750`
*連続ログイン4日目
※ログインが途切れるか、7日到達すると
1日目から再開されます*
`聖晶石 X 1
6月交換券(2023) X 1
`*奏章Ⅰ 
虚数羅針内界 ペーパームーン
開幕直前ログインボーナス*
*開催期間中、1日1回 7日間日替りでログインボーナスをプレゼント！*
`英霊結晶・太陽のフォウくん X 3
黄金の果実 X 1
`_2023-06-12 19:35:38_
--------
[759adb97f1408e3d56e5b840a52a406c]
`登陆天数: 181天 / 2409天
等级: 146
石头: 100
呼符: 10
友情点: 540 / 7271355`
*連続ログイン6日目
※ログインが途切れるか、7日到達すると
1日目から再開されます*
`聖晶石 X 2
6月交換券(2023) X 1
`*奏章Ⅰ 
虚数羅針内界 ペーパームーン
開幕直前ログインボーナス*
*開催期間中、1日1回 7日間日替りでログインボーナスをプレゼント！*
`英霊結晶・太陽のフォウくん X 3
黄金の果実 X 1
`_2023-06-12 19:35:47_
--------
