【登录信息】
[616a3f39c6e3c5632fd0210a65318c96]
`登陆天数: 117天 / 2430天
等级: 157
石头: 198
呼符: 157
友情点: 0 / 19556750`
*連続ログイン5日目
※ログインが途切れるか、7日到達すると
1日目から再開されます*
`叡智の業火 X 2
6月交換券(2023) X 1
`*奏章Ⅰ 
虚数羅針内界 ペーパームーン
開幕直前ログインボーナス*
*開催期間中、1日1回 7日間日替りでログインボーナスをプレゼント！*
`マナプリズム X 100
黄金の果実 X 2
`_2023-06-13 19:35:44_
--------
[759adb97f1408e3d56e5b840a52a406c]
`登陆天数: 182天 / 2410天
等级: 146
石头: 12
呼符: 2
友情点: 510 / 7274060`
*連続ログイン7日間到達おめでとうございます！
明日は1日目からリスタートされます。*
`獣の足跡 X 1
呼符 X 1
6月交換券(2023) X 1
`*奏章Ⅰ 
虚数羅針内界 ペーパームーン
開幕直前ログインボーナス*
*開催期間中、1日1回 7日間日替りでログインボーナスをプレゼント！*
`マナプリズム X 100
黄金の果実 X 2
`_2023-06-13 19:35:53_
--------
