【登录信息】
[616a3f39c6e3c5632fd0210a65318c96]
`登陆天数: 118天 / 2431天
等级: 157
石头: 198
呼符: 157
友情点: 0 / 19556750`
*連続ログイン6日目
※ログインが途切れるか、7日到達すると
1日目から再開されます*
`聖晶石 X 2
6月交換券(2023) X 1
`*Dandelion1 生放送放送 初回ログインボーナス*
*開催期間中、初回ログインで「聖晶石×14」をプレゼント！*
`聖晶石 X 14
`_2023-06-14 19:35:30_
--------
[759adb97f1408e3d56e5b840a52a406c]
`登陆天数: 183天 / 2411天
等级: 146
石头: 12
呼符: 3
友情点: 1380 / 7279540`
*連続ログイン1日目
※ログインが途切れるか、7日到達すると
1日目から再開されます*
`フレンドポイント X 2000
6月交換券(2023) X 1
`*Dandelion1 生放送放送 初回ログインボーナス*
*開催期間中、初回ログインで「聖晶石×14」をプレゼント！*
`聖晶石 X 14
`_2023-06-14 19:35:40_
--------
