【登录信息】
[616a3f39c6e3c5632fd0210a65318c96]
`登陆天数: 132天 / 2445天
等级: 157
石头: 231
呼符: 159
友情点: 0 / 19563650`
*連続ログイン6日目
※ログインが途切れるか、7日到達すると
1日目から再開されます*
`聖晶石 X 2
6月交換券(2023) X 1
`*2800万DL突破記念 特別回数ログインボーナス*
*開催期間中、1日1回 最大10回 回数ログインボーナスをプレゼント！*
`白銀の果実 X 10
星見のティーポット X 3
`_2023-06-28 19:35:44_
--------
[759adb97f1408e3d56e5b840a52a406c]
`登陆天数: 197天 / 2425天
等级: 146
石头: 9
呼符: 3
友情点: 120 / 7302335`
*連続ログイン1日目
※ログインが途切れるか、7日到達すると
1日目から再開されます*
`フレンドポイント X 2000
6月交換券(2023) X 1
`*2800万DL突破記念 特別回数ログインボーナス*
*開催期間中、1日1回 最大10回 回数ログインボーナスをプレゼント！*
`白銀の果実 X 10
星見のティーポット X 3
`_2023-06-28 19:35:53_
--------
