【登录信息】
[616a3f39c6e3c5632fd0210a65318c96]
`登陆天数: 133天 / 2446天
等级: 157
石头: 215
呼符: 164
友情点: 0 / 19564100`
*連続ログイン7日間到達おめでとうございます！
明日は1日目からリスタートされます。*
`獣の足跡 X 1
呼符 X 1
6月交換券(2023) X 1
`*2800万DL突破記念 特別回数ログインボーナス*
*開催期間中、1日1回 最大10回 回数ログインボーナスをプレゼント！*
`マナプリズム X 100
黄金の果実 X 10
`_2023-06-29 19:35:38_
--------
[759adb97f1408e3d56e5b840a52a406c]
`登陆天数: 198天 / 2426天
等级: 146
石头: 14
呼符: 4
友情点: 160 / 7304655`
*連続ログイン2日目
※ログインが途切れるか、7日到達すると
1日目から再開されます*
`聖晶石 X 1
6月交換券(2023) X 1
`*2800万DL突破記念 特別回数ログインボーナス*
*開催期間中、1日1回 最大10回 回数ログインボーナスをプレゼント！*
`マナプリズム X 100
黄金の果実 X 10
`_2023-06-29 19:35:47_
--------
