【登录信息】
[616a3f39c6e3c5632fd0210a65318c96]
`登陆天数: 114天 / 2600天
等级: 158
石头: 165
呼符: 225
友情点: 0 / 19727220`
*連続ログイン2日目
※ログインが途切れるか、7日到達すると
1日目から再開されます*
`聖晶石 X 1
12月交換券(2023) X 1
`*日替りログインボーナス*
*開催期間中、1日1回 2週間日替りでログインボーナスをプレゼント！*
`聖晶石 X 2
巡霊の葉 X 100
`_2023-12-01 19:34:02_
--------
[759adb97f1408e3d56e5b840a52a406c]
`登陆天数: 353天 / 2581天
等级: 147
石头: 4
呼符: 1
友情点: 120 / 6723835`
*連続ログイン3日目
※ログインが途切れるか、7日到達すると
1日目から再開されます*
`叡智の業火 X 1
12月交換券(2023) X 1
`*日替りログインボーナス*
*開催期間中、1日1回 2週間日替りでログインボーナスをプレゼント！*
`聖晶石 X 2
巡霊の葉 X 100
`_2023-12-01 19:34:12_
--------
