【登录信息】
[616a3f39c6e3c5632fd0210a65318c96]
`登陆天数: 115天 / 2601天
等级: 158
石头: 168
呼符: 225
友情点: 0 / 19727270`
*連続ログイン3日目
※ログインが途切れるか、7日到達すると
1日目から再開されます*
`叡智の業火 X 1
12月交換券(2023) X 1
`*日替りログインボーナス*
*開催期間中、1日1回 2週間日替りでログインボーナスをプレゼント！*
`巡霊の葉 X 30
`_2023-12-02 19:34:08_
--------
[759adb97f1408e3d56e5b840a52a406c]
`登陆天数: 354天 / 2582天
等级: 147
石头: 7
呼符: 2
友情点: 340 / 6725545`
*連続ログイン4日目
※ログインが途切れるか、7日到達すると
1日目から再開されます*
`聖晶石 X 1
12月交換券(2023) X 1
`*日替りログインボーナス*
*開催期間中、1日1回 2週間日替りでログインボーナスをプレゼント！*
`巡霊の葉 X 30
`_2023-12-02 19:34:19_
--------
