【登录信息】
[616a3f39c6e3c5632fd0210a65318c96]
`登陆天数: 123天 / 2609天
等级: 158
石头: 21
呼符: 211
友情点: 0 / 19728820`
*連続ログイン4日目
※ログインが途切れるか、7日到達すると
1日目から再開されます*
`聖晶石 X 1
12月交換券(2023) X 1
`*激走！川中島24時 ぐだぐだ超五稜郭 殺しのサインはM51
開幕記念 ログインボーナス*
*開催期間中、1日1回 最大21回ログインボーナスをプレゼント！*
`白銀の果実 X 1
`_2023-12-10 19:33:52_
--------
[759adb97f1408e3d56e5b840a52a406c]
`登陆天数: 362天 / 2590天
等级: 147
石头: 17
呼符: 0
友情点: 360 / 6737730`
*連続ログイン5日目
※ログインが途切れるか、7日到達すると
1日目から再開されます*
`叡智の業火 X 2
12月交換券(2023) X 1
`*激走！川中島24時 ぐだぐだ超五稜郭 殺しのサインはM51
開幕記念 ログインボーナス*
*開催期間中、1日1回 最大21回ログインボーナスをプレゼント！*
`白銀の果実 X 1
`_2023-12-10 19:34:03_
--------
