【登录信息】
[616a3f39c6e3c5632fd0210a65318c96]
`登陆天数: 125天 / 2611天
等级: 158
石头: 21
呼符: 212
友情点: 0 / 19728970`
*連続ログイン6日目
※ログインが途切れるか、7日到達すると
1日目から再開されます*
`聖晶石 X 2
12月交換券(2023) X 1
`*激走！川中島24時 ぐだぐだ超五稜郭 殺しのサインはM51
開幕記念 ログインボーナス*
*開催期間中、1日1回 最大21回ログインボーナスをプレゼント！*
`黄金の果実 X 1
`_2023-12-12 19:34:20_
--------
[759adb97f1408e3d56e5b840a52a406c]
`登陆天数: 364天 / 2592天
等级: 147
石头: 19
呼符: 0
友情点: 110 / 6739680`
*連続ログイン7日間到達おめでとうございます！
明日は1日目からリスタートされます。*
`獣の足跡 X 1
呼符 X 1
12月交換券(2023) X 1
`*激走！川中島24時 ぐだぐだ超五稜郭 殺しのサインはM51
開幕記念 ログインボーナス*
*開催期間中、1日1回 最大21回ログインボーナスをプレゼント！*
`黄金の果実 X 1
`_2023-12-12 19:34:30_
--------
