【登录信息】
[616a3f39c6e3c5632fd0210a65318c96]
`登陆天数: 133天 / 2619天
等级: 158
石头: 26
呼符: 212
友情点: 0 / 19729870`
*連続ログイン7日間到達おめでとうございます！
明日は1日目からリスタートされます。*
`獣の足跡 X 1
呼符 X 1
12月交換券(2023) X 1
`*雪原のメリー・クリスマス2023 ～7days / 8years Snow Carol～開幕記念 ログインボーナス*
*開催期間中、1日1回 最大10回ログインボーナスをプレゼント！*
`黄金の果実 X 1
`_2023-12-20 19:33:55_
--------
[759adb97f1408e3d56e5b840a52a406c]
`登陆天数: 372天 / 2600天
等级: 147
石头: 21
呼符: 1
友情点: 200 / 6746765`
*連続ログイン1日目
※ログインが途切れるか、7日到達すると
1日目から再開されます*
`フレンドポイント X 2000
12月交換券(2023) X 1
`*雪原のメリー・クリスマス2023 ～7days / 8years Snow Carol～開幕記念 ログインボーナス*
*開催期間中、1日1回 最大10回ログインボーナスをプレゼント！*
`黄金の果実 X 1
`_2023-12-20 19:34:04_
--------
