【登录信息】
[616a3f39c6e3c5632fd0210a65318c96]
`登陆天数: 134天 / 2620天
等级: 158
石头: 26
呼符: 212
友情点: 25 / 19729895`
*連続ログイン1日目
※ログインが途切れるか、7日到達すると
1日目から再開されます*
`フレンドポイント X 2000
12月交換券(2023) X 1
`*雪原のメリー・クリスマス2023 ～7days / 8years Snow Carol～開幕記念 ログインボーナス*
*開催期間中、1日1回 最大10回ログインボーナスをプレゼント！*
`白銀の果実 X 1
`_2023-12-21 19:33:56_
--------
[759adb97f1408e3d56e5b840a52a406c]
`登陆天数: 373天 / 2601天
等级: 147
石头: 62
呼符: 2
友情点: 180 / 6752565`
*連続ログイン2日目
※ログインが途切れるか、7日到達すると
1日目から再開されます*
`聖晶石 X 1
12月交換券(2023) X 1
`*雪原のメリー・クリスマス2023 ～7days / 8years Snow Carol～開幕記念 ログインボーナス*
*開催期間中、1日1回 最大10回ログインボーナスをプレゼント！*
`白銀の果実 X 1
`_2023-12-21 19:34:05_
--------
