【登录信息】
[616a3f39c6e3c5632fd0210a65318c96]
`登陆天数: 136天 / 2622天
等级: 158
石头: 79
呼符: 215
友情点: 0 / 19735945`
*連続ログイン3日目
※ログインが途切れるか、7日到達すると
1日目から再開されます*
`叡智の業火 X 1
12月交換券(2023) X 1
`*雪原のメリー・クリスマス2023 ～7days / 8years Snow Carol～開幕記念 ログインボーナス*
*開催期間中、1日1回 最大10回ログインボーナスをプレゼント！*
`白銀の果実 X 1
`_2023-12-23 19:33:55_
--------
[759adb97f1408e3d56e5b840a52a406c]
`登陆天数: 375天 / 2603天
等级: 147
石头: 65
呼符: 2
友情点: 175 / 6755375`
*連続ログイン4日目
※ログインが途切れるか、7日到達すると
1日目から再開されます*
`聖晶石 X 1
12月交換券(2023) X 1
`*雪原のメリー・クリスマス2023 ～7days / 8years Snow Carol～開幕記念 ログインボーナス*
*開催期間中、1日1回 最大10回ログインボーナスをプレゼント！*
`白銀の果実 X 1
`_2023-12-23 19:34:05_
--------
