【登录信息】
[616a3f39c6e3c5632fd0210a65318c96]
`登陆天数: 137天 / 2623天
等级: 158
石头: 79
呼符: 215
友情点: 0 / 19735945`
*連続ログイン4日目
※ログインが途切れるか、7日到達すると
1日目から再開されます*
`聖晶石 X 1
12月交換券(2023) X 1
`*ネモ〔サンタ〕からのクリスマスプレゼント*
*開催期間中、初回ログインで「聖晶石×10」をプレゼント！*
`聖晶石 X 10
`_2023-12-24 19:33:45_
--------
[759adb97f1408e3d56e5b840a52a406c]
`登陆天数: 376天 / 2604天
等级: 147
石头: 66
呼符: 2
友情点: 275 / 6756755`
*連続ログイン5日目
※ログインが途切れるか、7日到達すると
1日目から再開されます*
`叡智の業火 X 2
12月交換券(2023) X 1
`*ネモ〔サンタ〕からのクリスマスプレゼント*
*開催期間中、初回ログインで「聖晶石×10」をプレゼント！*
`聖晶石 X 10
`_2023-12-24 19:33:54_
--------
