【登录信息】
[616a3f39c6e3c5632fd0210a65318c96]
`登陆天数: 138天 / 2624天
等级: 158
石头: 87
呼符: 215
友情点: 0 / 19737395`
*連続ログイン5日目
※ログインが途切れるか、7日到達すると
1日目から再開されます*
`叡智の業火 X 2
12月交換券(2023) X 1
`*雪原のメリー・クリスマス2023 ～7days / 8years Snow Carol～開幕記念 ログインボーナス*
*開催期間中、1日1回 最大10回ログインボーナスをプレゼント！*
`白銀の果実 X 1
`_2023-12-25 19:34:13_
--------
[759adb97f1408e3d56e5b840a52a406c]
`登陆天数: 377天 / 2605天
等级: 147
石头: 79
呼符: 2
友情点: 215 / 6758055`
*連続ログイン6日目
※ログインが途切れるか、7日到達すると
1日目から再開されます*
`聖晶石 X 2
12月交換券(2023) X 1
`*雪原のメリー・クリスマス2023 ～7days / 8years Snow Carol～開幕記念 ログインボーナス*
*開催期間中、1日1回 最大10回ログインボーナスをプレゼント！*
`白銀の果実 X 1
`_2023-12-25 19:34:22_
--------
