【登录信息】
[616a3f39c6e3c5632fd0210a65318c96]
`登陆天数: 140天 / 2626天
等级: 158
石头: 96
呼符: 215
友情点: 0 / 19738445`
*連続ログイン7日間到達おめでとうございます！
明日は1日目からリスタートされます。*
`獣の足跡 X 1
呼符 X 1
12月交換券(2023) X 1
`*「FGO カルデア・サテライトステーション 2023-2024」京都会場開催直前 ログインボーナス*
*開催期間中、1日1回 最大3回 ログインボーナスをプレゼント！*
`黄金の果実 X 1
`_2023-12-27 19:33:59_
--------
[759adb97f1408e3d56e5b840a52a406c]
`登陆天数: 379天 / 2607天
等级: 147
石头: 83
呼符: 3
友情点: 130 / 6770465`
*連続ログイン1日目
※ログインが途切れるか、7日到達すると
1日目から再開されます*
`フレンドポイント X 2000
12月交換券(2023) X 1
`*「FGO カルデア・サテライトステーション 2023-2024」京都会場開催直前 ログインボーナス*
*開催期間中、1日1回 最大3回 ログインボーナスをプレゼント！*
`黄金の果実 X 1
`_2023-12-27 19:34:08_
--------
