【登录信息】
[616a3f39c6e3c5632fd0210a65318c96]
`登陆天数: 141天 / 2627天
等级: 158
石头: 108
呼符: 215
友情点: 0 / 19739995`
*連続ログイン1日目
※ログインが途切れるか、7日到達すると
1日目から再開されます*
`フレンドポイント X 2000
12月交換券(2023) X 1
`*「FGO カルデア・サテライトステーション 2023-2024」京都会場開催直前 ログインボーナス*
*開催期間中、1日1回 最大3回 ログインボーナスをプレゼント！*
`黄金の果実 X 1
`_2023-12-28 19:34:10_
--------
[759adb97f1408e3d56e5b840a52a406c]
`登陆天数: 380天 / 2608天
等级: 147
石头: 83
呼符: 3
友情点: 170 / 6773255`
*連続ログイン2日目
※ログインが途切れるか、7日到達すると
1日目から再開されます*
`聖晶石 X 1
12月交換券(2023) X 1
`*「FGO カルデア・サテライトステーション 2023-2024」京都会場開催直前 ログインボーナス*
*開催期間中、1日1回 最大3回 ログインボーナスをプレゼント！*
`黄金の果実 X 1
`_2023-12-28 19:34:19_
--------
