【登录信息】
[616a3f39c6e3c5632fd0210a65318c96]
`登陆天数: 62天 / 2548天
等级: 158
石头: 286
呼符: 210
友情点: 0 / 19694995`
*連続ログイン6日目
※ログインが途切れるか、7日到達すると
1日目から再開されます*
`聖晶石 X 2
10月交換券(2023) X 1
`*ワンジナ・ワールドツアー！ ～大精霊と巡る世界一周～開幕記念 ログインボーナス*
*開催期間中、1日1回 最大21回ログインボーナスをプレゼント！*
`白銀の果実 X 1
`_2023-10-10 19:33:58_
--------
[759adb97f1408e3d56e5b840a52a406c]
`登陆天数: 301天 / 2529天
等级: 147
石头: 250
呼符: 11
友情点: 200 / 6656055`
*連続ログイン7日間到達おめでとうございます！
明日は1日目からリスタートされます。*
`獣の足跡 X 1
呼符 X 1
10月交換券(2023) X 1
`_2023-10-10 19:34:08_
--------
