【登录信息】
[616a3f39c6e3c5632fd0210a65318c96]
`登陆天数: 63天 / 2549天
等级: 158
石头: 286
呼符: 210
友情点: 25 / 19695020`
*連続ログイン7日間到達おめでとうございます！
明日は1日目からリスタートされます。*
`獣の足跡 X 1
呼符 X 1
10月交換券(2023) X 1
`*日替りログインボーナス*
*開催期間中、1日1回 2週間日替りでログインボーナスをプレゼント！*
`巡霊の葉 X 30
`_2023-10-11 19:34:07_
--------
[759adb97f1408e3d56e5b840a52a406c]
`登陆天数: 302天 / 2530天
等级: 147
石头: 257
呼符: 12
友情点: 160 / 6656655`
*連続ログイン1日目
※ログインが途切れるか、7日到達すると
1日目から再開されます*
`フレンドポイント X 2000
10月交換券(2023) X 1
`*日替りログインボーナス*
*開催期間中、1日1回 2週間日替りでログインボーナスをプレゼント！*
`巡霊の葉 X 30
`_2023-10-11 19:34:17_
--------
