【登录信息】
[616a3f39c6e3c5632fd0210a65318c96]
`登陆天数: 64天 / 2550天
等级: 158
石头: 286
呼符: 210
友情点: 25 / 19695045`
*連続ログイン1日目
※ログインが途切れるか、7日到達すると
1日目から再開されます*
`フレンドポイント X 2000
10月交換券(2023) X 1
`*日替りログインボーナス*
*開催期間中、1日1回 2週間日替りでログインボーナスをプレゼント！*
`巡霊の葉 X 30
`_2023-10-12 19:34:20_
--------
[759adb97f1408e3d56e5b840a52a406c]
`登陆天数: 303天 / 2531天
等级: 147
石头: 257
呼符: 12
友情点: 190 / 6657455`
*連続ログイン2日目
※ログインが途切れるか、7日到達すると
1日目から再開されます*
`聖晶石 X 1
10月交換券(2023) X 1
`*日替りログインボーナス*
*開催期間中、1日1回 2週間日替りでログインボーナスをプレゼント！*
`巡霊の葉 X 30
`_2023-10-12 19:34:30_
--------
