【登录信息】
[616a3f39c6e3c5632fd0210a65318c96]
`登陆天数: 65天 / 2551天
等级: 158
石头: 286
呼符: 210
友情点: 0 / 19695045`
*連続ログイン2日目
※ログインが途切れるか、7日到達すると
1日目から再開されます*
`聖晶石 X 1
10月交換券(2023) X 1
`*日替りログインボーナス*
*開催期間中、1日1回 2週間日替りでログインボーナスをプレゼント！*
`聖晶石 X 2
巡霊の葉 X 100
`_2023-10-13 19:34:16_
--------
[759adb97f1408e3d56e5b840a52a406c]
`登陆天数: 304天 / 2532天
等级: 147
石头: 263
呼符: 12
友情点: 245 / 6660015`
*連続ログイン3日目
※ログインが途切れるか、7日到達すると
1日目から再開されます*
`叡智の業火 X 1
10月交換券(2023) X 1
`*日替りログインボーナス*
*開催期間中、1日1回 2週間日替りでログインボーナスをプレゼント！*
`聖晶石 X 2
巡霊の葉 X 100
`_2023-10-13 19:34:26_
--------
