【登录信息】
[616a3f39c6e3c5632fd0210a65318c96]
`登陆天数: 69天 / 2555天
等级: 158
石头: 286
呼符: 210
友情点: 25 / 19695095`
*連続ログイン6日目
※ログインが途切れるか、7日到達すると
1日目から再開されます*
`聖晶石 X 2
10月交換券(2023) X 1
`*日替りログインボーナス*
*開催期間中、1日1回 2週間日替りでログインボーナスをプレゼント！*
`聖晶石 X 3
巡霊の葉 X 50
`_2023-10-17 19:34:21_
--------
[759adb97f1408e3d56e5b840a52a406c]
`登陆天数: 308天 / 2536天
等级: 147
石头: 306
呼符: 10
友情点: 260 / 6663335`
*連続ログイン7日間到達おめでとうございます！
明日は1日目からリスタートされます。*
`獣の足跡 X 1
呼符 X 1
10月交換券(2023) X 1
`*日替りログインボーナス*
*開催期間中、1日1回 2週間日替りでログインボーナスをプレゼント！*
`聖晶石 X 3
巡霊の葉 X 50
`_2023-10-17 19:34:31_
--------
