【登录信息】
[616a3f39c6e3c5632fd0210a65318c96]
`登陆天数: 74天 / 2560天
等级: 158
石头: 271
呼符: 223
友情点: 0 / 19709670`
*連続ログイン4日目
※ログインが途切れるか、7日到達すると
1日目から再開されます*
`聖晶石 X 1
10月交換券(2023) X 1
`*日替りログインボーナス*
*開催期間中、1日1回 2週間日替りでログインボーナスをプレゼント！*
`巡霊の葉 X 30
`_2023-10-22 19:33:57_
--------
[759adb97f1408e3d56e5b840a52a406c]
`登陆天数: 313天 / 2541天
等级: 147
石头: 317
呼符: 11
友情点: 295 / 6672680`
*連続ログイン5日目
※ログインが途切れるか、7日到達すると
1日目から再開されます*
`叡智の業火 X 2
10月交換券(2023) X 1
`*日替りログインボーナス*
*開催期間中、1日1回 2週間日替りでログインボーナスをプレゼント！*
`巡霊の葉 X 30
`_2023-10-22 19:34:07_
--------
