【登录信息】
[616a3f39c6e3c5632fd0210a65318c96]
`登陆天数: 75天 / 2561天
等级: 158
石头: 271
呼符: 223
友情点: 0 / 19709695`
*連続ログイン5日目
※ログインが途切れるか、7日到達すると
1日目から再開されます*
`叡智の業火 X 2
10月交換券(2023) X 1
`*日替りログインボーナス*
*開催期間中、1日1回 2週間日替りでログインボーナスをプレゼント！*
`巡霊の葉 X 30
`_2023-10-23 19:34:20_
--------
[759adb97f1408e3d56e5b840a52a406c]
`登陆天数: 314天 / 2542天
等级: 147
石头: 317
呼符: 11
友情点: 110 / 6673010`
*連続ログイン6日目
※ログインが途切れるか、7日到達すると
1日目から再開されます*
`聖晶石 X 2
10月交換券(2023) X 1
`*日替りログインボーナス*
*開催期間中、1日1回 2週間日替りでログインボーナスをプレゼント！*
`巡霊の葉 X 30
`_2023-10-23 19:34:30_
--------
