【登录信息】
[616a3f39c6e3c5632fd0210a65318c96]
`登陆天数: 76天 / 2562天
等级: 158
石头: 278
呼符: 223
友情点: 0 / 19709695`
*連続ログイン6日目
※ログインが途切れるか、7日到達すると
1日目から再開されます*
`聖晶石 X 2
10月交換券(2023) X 1
`*日替りログインボーナス*
*開催期間中、1日1回 2週間日替りでログインボーナスをプレゼント！*
`聖晶石 X 3
巡霊の葉 X 50
`_2023-10-24 19:34:10_
--------
[759adb97f1408e3d56e5b840a52a406c]
`登陆天数: 315天 / 2543天
等级: 147
石头: 317
呼符: 11
友情点: 1090 / 6674300`
*連続ログイン7日間到達おめでとうございます！
明日は1日目からリスタートされます。*
`獣の足跡 X 1
呼符 X 1
10月交換券(2023) X 1
`*日替りログインボーナス*
*開催期間中、1日1回 2週間日替りでログインボーナスをプレゼント！*
`聖晶石 X 3
巡霊の葉 X 50
`_2023-10-24 19:34:19_
--------
