【登录信息】
[616a3f39c6e3c5632fd0210a65318c96]
`登陆天数: 77天 / 2563天
等级: 158
石头: 278
呼符: 223
友情点: 0 / 19709695`
*連続ログイン7日間到達おめでとうございます！
明日は1日目からリスタートされます。*
`獣の足跡 X 1
呼符 X 1
10月交換券(2023) X 1
`*FGO カルデア放送局 ライト版 聖杯戦線 ～白天の城、黒夜の城～放送記念 初回ログインボーナス*
*開催期間中、初回ログインで「聖晶石×14」をプレゼント！*
`聖晶石 X 14
`_2023-10-25 19:36:12_
--------
[759adb97f1408e3d56e5b840a52a406c]
`登陆天数: 316天 / 2544天
等级: 147
石头: 325
呼符: 12
友情点: 190 / 6675050`
*連続ログイン1日目
※ログインが途切れるか、7日到達すると
1日目から再開されます*
`フレンドポイント X 2000
10月交換券(2023) X 1
`*FGO カルデア放送局 ライト版 聖杯戦線 ～白天の城、黒夜の城～放送記念 初回ログインボーナス*
*開催期間中、初回ログインで「聖晶石×14」をプレゼント！*
`聖晶石 X 14
`_2023-10-25 19:36:22_
--------
