【登录信息】
[616a3f39c6e3c5632fd0210a65318c96]
`登陆天数: 78天 / 2564天
等级: 158
石头: 278
呼符: 223
友情点: 0 / 19709695`
*連続ログイン1日目
※ログインが途切れるか、7日到達すると
1日目から再開されます*
`フレンドポイント X 2000
10月交換券(2023) X 1
`*聖杯戦線 ～白天の城、黒夜の城～開幕記念 ログインボーナス*
*開催期間中、1日1回 最大21回ログインボーナスをプレゼント！*
`白銀の果実 X 1
`_2023-10-26 19:34:02_
--------
[759adb97f1408e3d56e5b840a52a406c]
`登陆天数: 317天 / 2545天
等级: 147
石头: 344
呼符: 12
友情点: 160 / 6677815`
*連続ログイン2日目
※ログインが途切れるか、7日到達すると
1日目から再開されます*
`聖晶石 X 1
10月交換券(2023) X 1
`*聖杯戦線 ～白天の城、黒夜の城～開幕記念 ログインボーナス*
*開催期間中、1日1回 最大21回ログインボーナスをプレゼント！*
`白銀の果実 X 1
`_2023-10-26 19:34:13_
--------
