【登录信息】
[616a3f39c6e3c5632fd0210a65318c96]
`登陆天数: 81天 / 2567天
等级: 158
石头: 278
呼符: 223
友情点: 0 / 19709695`
*連続ログイン4日目
※ログインが途切れるか、7日到達すると
1日目から再開されます*
`聖晶石 X 1
10月交換券(2023) X 1
`*初回ログインボーナス*
*開催期間中、初回ログインボーナスをプレゼント！*
`聖晶石 X 10
`_2023-10-29 19:33:49_
--------
[759adb97f1408e3d56e5b840a52a406c]
`登陆天数: 320天 / 2548天
等级: 147
石头: 345
呼符: 12
友情点: 450 / 6679585`
*連続ログイン5日目
※ログインが途切れるか、7日到達すると
1日目から再開されます*
`叡智の業火 X 2
10月交換券(2023) X 1
`*初回ログインボーナス*
*開催期間中、初回ログインボーナスをプレゼント！*
`聖晶石 X 10
`_2023-10-29 19:33:59_
--------
