【登录信息】
[616a3f39c6e3c5632fd0210a65318c96]
`登陆天数: 179天 / 2270天
等级: 157
石头: 44
呼符: 114
友情点: 50 / 18905930`
*連続ログイン4日目
※ログインが途切れるか、7日到達すると
1日目から再開されます*
`聖晶石 X 1
1月交換券(2023) X 1
`*2023年お正月キャンペーン　三が日限定ログインボーナス*
*開催期間中、三が日限定のログインボーナスをプレゼント！*
`伝承結晶 X 1
`_2022-12-31 19:38:16_
--------
[759adb97f1408e3d56e5b840a52a406c]
`登陆天数: 18天 / 2246天
等级: 146
石头: 25
呼符: 9
友情点: 145 / 7155715`
*連続ログイン4日目
※ログインが途切れるか、7日到達すると
1日目から再開されます*
`聖晶石 X 1
1月交換券(2023) X 1
`*2023年お正月キャンペーン　三が日限定ログインボーナス*
*開催期間中、三が日限定のログインボーナスをプレゼント！*
`伝承結晶 X 1
`_2022-12-31 19:38:25_
--------
