【登录信息】
[616a3f39c6e3c5632fd0210a65318c96]
`登陆天数: 180天 / 2271天
等级: 157
石头: 61
呼符: 114
友情点: 0 / 18905930`
*連続ログイン5日目
※ログインが途切れるか、7日到達すると
1日目から再開されます*
`叡智の業火 X 2
1月交換券(2023) X 1
`*2023年お正月キャンペーン　三が日限定ログインボーナス*
*開催期間中、三が日限定のログインボーナスをプレゼント！*
`叡智の業火 X 50
`_2023-01-01 19:38:12_
--------
[759adb97f1408e3d56e5b840a52a406c]
`登陆天数: 19天 / 2247天
等级: 146
石头: 33
呼符: 9
友情点: 550 / 7158340`
*連続ログイン5日目
※ログインが途切れるか、7日到達すると
1日目から再開されます*
`叡智の業火 X 2
1月交換券(2023) X 1
`*2023年お正月キャンペーン　三が日限定ログインボーナス*
*開催期間中、三が日限定のログインボーナスをプレゼント！*
`叡智の業火 X 50
`_2023-01-01 19:38:21_
--------
