【登录信息】
[616a3f39c6e3c5632fd0210a65318c96]
`登陆天数: 181天 / 2272天
等级: 157
石头: 61
呼符: 114
友情点: 0 / 18905930`
*連続ログイン6日目
※ログインが途切れるか、7日到達すると
1日目から再開されます*
`聖晶石 X 2
1月交換券(2023) X 1
`*2023年お正月キャンペーン　三が日限定ログインボーナス*
*開催期間中、三が日限定のログインボーナスをプレゼント！*
`聖杯 X 1
`_2023-01-02 19:38:23_
--------
[759adb97f1408e3d56e5b840a52a406c]
`登陆天数: 20天 / 2248天
等级: 146
石头: 33
呼符: 9
友情点: 270 / 7158900`
*連続ログイン6日目
※ログインが途切れるか、7日到達すると
1日目から再開されます*
`聖晶石 X 2
1月交換券(2023) X 1
`*2023年お正月キャンペーン　三が日限定ログインボーナス*
*開催期間中、三が日限定のログインボーナスをプレゼント！*
`聖杯 X 1
`_2023-01-02 19:38:31_
--------
