【登录信息】
[616a3f39c6e3c5632fd0210a65318c96]
`登陆天数: 182天 / 2273天
等级: 157
石头: 61
呼符: 114
友情点: 25 / 18905955`
*連続ログイン7日間到達おめでとうございます！
明日は1日目からリスタートされます。*
`獣の足跡 X 1
呼符 X 1
1月交換券(2023) X 1
`*2023年お正月キャンペーン 10万リツイート達成プレゼント*
*開催期間中、初回ログインでお正月限定概念礼装&2023万QPをプレゼント！*
`ラヴ・イット X 1
QP X 20230000
`_2023-01-03 19:38:12_
--------
[759adb97f1408e3d56e5b840a52a406c]
`登陆天数: 21天 / 2249天
等级: 146
石头: 35
呼符: 9
友情点: 140 / 7159630`
*連続ログイン7日間到達おめでとうございます！
明日は1日目からリスタートされます。*
`獣の足跡 X 1
呼符 X 1
1月交換券(2023) X 1
`*2023年お正月キャンペーン 10万リツイート達成プレゼント*
*開催期間中、初回ログインでお正月限定概念礼装&2023万QPをプレゼント！*
`ラヴ・イット X 1
QP X 20230000
`_2023-01-03 19:38:21_
--------
