【登录信息】
[616a3f39c6e3c5632fd0210a65318c96]
`登陆天数: 2天 / 2280天
等级: 157
石头: 61
呼符: 114
友情点: 0 / 18906030`
*連続ログイン2日目
※ログインが途切れるか、7日到達すると
1日目から再開されます*
`聖晶石 X 1
1月交換券(2023) X 1
`*「Lostbelt No.7 黄金樹海紀行 ナウイ・ミクトラン 惑星を統べるもの」(後編)開幕直前連続ログインボーナス*
*開催期間中、1日1回 最大7回 連続ログインボーナスをプレゼント！*
`黄金の果実 X 1
`_2023-01-11 19:38:12_
--------
[759adb97f1408e3d56e5b840a52a406c]
`登陆天数: 29天 / 2257天
等级: 146
石头: 8
呼符: 1
友情点: 1370 / 7168950`
*連続ログイン1日目
※ログインが途切れるか、7日到達すると
1日目から再開されます*
`フレンドポイント X 2000
1月交換券(2023) X 1
`*「Lostbelt No.7 黄金樹海紀行 ナウイ・ミクトラン 惑星を統べるもの」(後編)開幕直前連続ログインボーナス*
*開催期間中、1日1回 最大7回 連続ログインボーナスをプレゼント！*
`黄金の果実 X 1
`_2023-01-11 19:38:21_
--------
