【登录信息】
[616a3f39c6e3c5632fd0210a65318c96]
`登陆天数: 5天 / 2283天
等级: 157
石头: 61
呼符: 114
友情点: 0 / 18906030`
*連続ログイン5日目
※ログインが途切れるか、7日到達すると
1日目から再開されます*
`叡智の業火 X 2
1月交換券(2023) X 1
`*「Lostbelt No.7 黄金樹海紀行 ナウイ・ミクトラン 惑星を統べるもの」(後編)開幕直前連続ログインボーナス*
*開催期間中、1日1回 最大7回 連続ログインボーナスをプレゼント！*
`聖晶石 X 3
`_2023-01-14 19:38:06_
--------
[759adb97f1408e3d56e5b840a52a406c]
`登陆天数: 32天 / 2260天
等级: 146
石头: 23
呼符: 1
友情点: 75 / 7176875`
*連続ログイン4日目
※ログインが途切れるか、7日到達すると
1日目から再開されます*
`聖晶石 X 1
1月交換券(2023) X 1
`*「Lostbelt No.7 黄金樹海紀行 ナウイ・ミクトラン 惑星を統べるもの」(後編)開幕直前連続ログインボーナス*
*開催期間中、1日1回 最大7回 連続ログインボーナスをプレゼント！*
`聖晶石 X 3
`_2023-01-14 19:38:15_
--------
