【登录信息】
[616a3f39c6e3c5632fd0210a65318c96]
`登陆天数: 21天 / 2334天
等级: 157
石头: 49
呼符: 114
友情点: 0 / 18997580`
*連続ログイン7日間到達おめでとうございます！
明日は1日目からリスタートされます。*
`獣の足跡 X 1
呼符 X 1
3月交換券(2023) X 1
`*「FGO ウィンターパーティー 2022-2023」大阪会場開催直前 ログインボーナス*
*開催期間中、1日1回 最大3回 ログインボーナスをプレゼント！*
`黄金の果実 X 1
`_2023-03-09 19:36:13_
--------
[759adb97f1408e3d56e5b840a52a406c]
`登陆天数: 86天 / 2314天
等级: 146
石头: 41
呼符: 8
友情点: 10 / 7134525`
*連続ログイン2日目
※ログインが途切れるか、7日到達すると
1日目から再開されます*
`聖晶石 X 1
3月交換券(2023) X 1
`*「FGO ウィンターパーティー 2022-2023」大阪会場開催直前 ログインボーナス*
*開催期間中、1日1回 最大3回 ログインボーナスをプレゼント！*
`黄金の果実 X 1
`_2023-03-09 19:36:23_
--------
