【登录信息】
[616a3f39c6e3c5632fd0210a65318c96]
`登陆天数: 22天 / 2335天
等级: 157
石头: 49
呼符: 114
友情点: 0 / 18997580`
*連続ログイン1日目
※ログインが途切れるか、7日到達すると
1日目から再開されます*
`フレンドポイント X 2000
3月交換券(2023) X 1
`*「FGO ウィンターパーティー 2022-2023」大阪会場開催直前 ログインボーナス*
*開催期間中、1日1回 最大3回 ログインボーナスをプレゼント！*
`黄金の果実 X 1
`_2023-03-10 19:35:37_
--------
[759adb97f1408e3d56e5b840a52a406c]
`登陆天数: 87天 / 2315天
等级: 146
石头: 42
呼符: 8
友情点: 35 / 7134655`
*連続ログイン3日目
※ログインが途切れるか、7日到達すると
1日目から再開されます*
`叡智の業火 X 1
3月交換券(2023) X 1
`*「FGO ウィンターパーティー 2022-2023」大阪会場開催直前 ログインボーナス*
*開催期間中、1日1回 最大3回 ログインボーナスをプレゼント！*
`黄金の果実 X 1
`_2023-03-10 19:35:46_
--------
