【登录信息】
[616a3f39c6e3c5632fd0210a65318c96]
`登陆天数: 24天 / 2337天
等级: 157
石头: 49
呼符: 114
友情点: 0 / 18997580`
*連続ログイン3日目
※ログインが途切れるか、7日到達すると
1日目から再開されます*
`叡智の業火 X 1
3月交換券(2023) X 1
`*CBC2023開催直前特別連続ログインボーナス*
*開催期間中、1日1回 最大7回 連続ログインボーナスをプレゼント！*
`英霊結晶・太陽のフォウくん X 3
`_2023-03-12 19:35:37_
--------
[759adb97f1408e3d56e5b840a52a406c]
`登陆天数: 89天 / 2317天
等级: 146
石头: 43
呼符: 8
友情点: 0 / 7134780`
*連続ログイン5日目
※ログインが途切れるか、7日到達すると
1日目から再開されます*
`叡智の業火 X 2
3月交換券(2023) X 1
`*CBC2023開催直前特別連続ログインボーナス*
*開催期間中、1日1回 最大7回 連続ログインボーナスをプレゼント！*
`白銀の果実 X 2
`_2023-03-12 19:35:47_
--------
