【登录信息】
[616a3f39c6e3c5632fd0210a65318c96]
`登陆天数: 29天 / 2342天
等级: 157
石头: 49
呼符: 114
友情点: 0 / 18997680`
*連続ログイン1日目
※ログインが途切れるか、7日到達すると
1日目から再開されます*
`フレンドポイント X 2000
3月交換券(2023) X 1
`*「カルデアボーイズコレクション2023」開催記念初回ログインボーナス*
*開催期間中、初回ログインで「CBC2023特別優待券」をプレゼント！*
`CBC2023特別優待券 X 1
`_2023-03-17 19:35:40_
--------
[759adb97f1408e3d56e5b840a52a406c]
`登陆天数: 94天 / 2322天
等级: 146
石头: 70
呼符: 13
友情点: 0 / 7136980`
*連続ログイン3日目
※ログインが途切れるか、7日到達すると
1日目から再開されます*
`叡智の業火 X 1
3月交換券(2023) X 1
`_2023-03-17 19:35:49_
--------
