【登录信息】
[616a3f39c6e3c5632fd0210a65318c96]
`登陆天数: 38天 / 2351天
等级: 157
石头: 49
呼符: 114
友情点: 0 / 18997705`
*連続ログイン3日目
※ログインが途切れるか、7日到達すると
1日目から再開されます*
`叡智の業火 X 1
3月交換券(2023) X 1
`*「AnimeJapan 2023」出展記念 初回ログインボーナス*
*開催期間中、初回ログインで「聖晶石×10」をプレゼント！*
`聖晶石 X 10
`_2023-03-26 19:35:52_
--------
[759adb97f1408e3d56e5b840a52a406c]
`登陆天数: 103天 / 2331天
等级: 146
石头: 45
呼符: 14
友情点: 0 / 7140265`
*連続ログイン5日目
※ログインが途切れるか、7日到達すると
1日目から再開されます*
`叡智の業火 X 2
3月交換券(2023) X 1
`*「AnimeJapan 2023」出展記念 初回ログインボーナス*
*開催期間中、初回ログインで「聖晶石×10」をプレゼント！*
`聖晶石 X 10
`_2023-03-26 19:36:01_
--------
