【登录信息】
[616a3f39c6e3c5632fd0210a65318c96]
`登陆天数: 40天 / 2353天
等级: 157
石头: 49
呼符: 114
友情点: 0 / 18997705`
*連続ログイン5日目
※ログインが途切れるか、7日到達すると
1日目から再開されます*
`叡智の業火 X 2
3月交換券(2023) X 1
`*リリース2800日突破キャンペーン 初回ログインボーナス*
*開催期間中、初回ログインで「聖晶石×10」をプレゼント！*
`聖晶石 X 10
`_2023-03-28 19:35:47_
--------
[759adb97f1408e3d56e5b840a52a406c]
`登陆天数: 105天 / 2333天
等级: 146
石头: 57
呼符: 16
友情点: 0 / 7140445`
*連続ログイン7日間到達おめでとうございます！
明日は1日目からリスタートされます。*
`獣の足跡 X 1
呼符 X 1
3月交換券(2023) X 1
`*リリース2800日突破キャンペーン 初回ログインボーナス*
*開催期間中、初回ログインで「聖晶石×10」をプレゼント！*
`聖晶石 X 10
`_2023-03-28 19:35:56_
--------
