【登录信息】
[616a3f39c6e3c5632fd0210a65318c96]
`登陆天数: 41天 / 2354天
等级: 157
石头: 49
呼符: 114
友情点: 0 / 18997705`
*連続ログイン6日目
※ログインが途切れるか、7日到達すると
1日目から再開されます*
`聖晶石 X 2
3月交換券(2023) X 1
`*Fate/Grand Order 春の新米マスター応援キャンペーン2023！
日替りログインボーナス*
*開催期間中、1日1回 6日間日替りでログインボーナスをプレゼント！*
`聖晶石 X 2
`_2023-03-29 19:35:35_
--------
[759adb97f1408e3d56e5b840a52a406c]
`登陆天数: 106天 / 2334天
等级: 146
石头: 68
呼符: 17
友情点: 20 / 7140505`
*連続ログイン1日目
※ログインが途切れるか、7日到達すると
1日目から再開されます*
`フレンドポイント X 2000
3月交換券(2023) X 1
`*Fate/Grand Order 春の新米マスター応援キャンペーン2023！
日替りログインボーナス*
*開催期間中、1日1回 6日間日替りでログインボーナスをプレゼント！*
`聖晶石 X 2
`_2023-03-29 19:35:45_
--------
