【登录信息】
[616a3f39c6e3c5632fd0210a65318c96]
`登陆天数: 42天 / 2355天
等级: 157
石头: 49
呼符: 114
友情点: 0 / 18997705`
*連続ログイン7日間到達おめでとうございます！
明日は1日目からリスタートされます。*
`獣の足跡 X 1
呼符 X 1
3月交換券(2023) X 1
`*Fate/Grand Order 春の新米マスター応援キャンペーン2023！
日替りログインボーナス*
*開催期間中、1日1回 6日間日替りでログインボーナスをプレゼント！*
`聖晶石 X 1
`_2023-03-30 19:35:39_
--------
[759adb97f1408e3d56e5b840a52a406c]
`登陆天数: 107天 / 2335天
等级: 146
石头: 71
呼符: 17
友情点: 140 / 7143435`
*連続ログイン2日目
※ログインが途切れるか、7日到達すると
1日目から再開されます*
`聖晶石 X 1
3月交換券(2023) X 1
`*Fate/Grand Order 春の新米マスター応援キャンペーン2023！
日替りログインボーナス*
*開催期間中、1日1回 6日間日替りでログインボーナスをプレゼント！*
`聖晶石 X 1
`_2023-03-30 19:35:49_
--------
