【登录信息】
*616a3f39c6e3c5632fd0210a65318c96*
`登陆天数: 1天 / 2825天
等级: 160
石头: 19
呼符: 0
体力: 4021.2 / 144
友情点: 85 / 21378690`
*連続ログイン1日目
※ログインが途切れるか、7日到達すると
1日目から再開されます*
`フレンドポイント X 2000
9月交換券(2024) X 1
`*使用期限付コンティニューアイテムプレゼント！*
*開催期間中、初回ログインでコンティニューアイテム「霊脈石×3」をプレゼント！*
`霊脈石 X 3
`_2024-09-02 19:38:57_
--------
*759adb97f1408e3d56e5b840a52a406c*
`登陆天数: 103天 / 2851天
等级: 150
石头: 93
呼符: 4
体力: 187.18666666666667 / 142
友情点: 400 / 7947635`
*連続ログイン5日目
※ログインが途切れるか、7日到達すると
1日目から再開されます*
`叡智の業火 X 2
9月交換券(2024) X 1
`*奏章Ⅲ 新霊長後継戦 アーキタイプ・インセプション 開幕記念 ログインボーナス*
*開催期間中、1日1回 最大78回 ログインボーナスをプレゼント！*
`白銀の果実 X 1
`_2024-09-02 19:39:07_
--------
