【登录信息】
*616a3f39c6e3c5632fd0210a65318c96*
`登陆天数: 2天 / 2826天
等级: 160
石头: 19
呼符: 0
体力: 4309.09 / 144
友情点: 870 / 21380560`
*連続ログイン2日目
※ログインが途切れるか、7日到達すると
1日目から再開されます*
`聖晶石 X 1
9月交換券(2024) X 1
`*奏章Ⅲ 新霊長後継戦 アーキタイプ・インセプション 開幕記念 ログインボーナス*
*開催期間中、1日1回 最大78回 ログインボーナスをプレゼント！*
`白銀の果実 X 1
`_2024-09-03 19:38:25_
--------
*759adb97f1408e3d56e5b840a52a406c*
`登陆天数: 104天 / 2852天
等级: 150
石头: 93
呼符: 4
体力: 475.07666666666665 / 142
友情点: 1120 / 7949155`
*連続ログイン6日目
※ログインが途切れるか、7日到達すると
1日目から再開されます*
`聖晶石 X 2
9月交換券(2024) X 1
`*奏章Ⅲ 新霊長後継戦 アーキタイプ・インセプション 開幕記念 ログインボーナス*
*開催期間中、1日1回 最大78回 ログインボーナスをプレゼント！*
`黄金の果実 X 1
`_2024-09-03 19:38:34_
--------
