【登录信息】
*616a3f39c6e3c5632fd0210a65318c96*
`登陆天数: 3天 / 2827天
等级: 160
石头: 19
呼符: 0
体力: 4596.9 / 144
友情点: 630 / 21381790`
*連続ログイン3日目
※ログインが途切れるか、7日到達すると
1日目から再開されます*
`叡智の業火 X 1
9月交換券(2024) X 1
`*奏章Ⅲ 新霊長後継戦 アーキタイプ・インセプション 開幕記念 ログインボーナス*
*開催期間中、1日1回 最大78回 ログインボーナスをプレゼント！*
`黄金の果実 X 1
`_2024-09-04 19:37:28_
--------
*759adb97f1408e3d56e5b840a52a406c*
`登陆天数: 105天 / 2853天
等级: 150
石头: 99
呼符: 4
体力: 762.8866666666667 / 142
友情点: 1520 / 7951555`
*連続ログイン7日間到達おめでとうございます！
明日は1日目からリスタートされます。*
`獣の足跡 X 1
呼符 X 1
9月交換券(2024) X 1
`*奏章Ⅲ 新霊長後継戦 アーキタイプ・インセプション 開幕記念 ログインボーナス*
*開催期間中、1日1回 最大78回 ログインボーナスをプレゼント！*
`白銀の果実 X 1
`_2024-09-04 19:37:37_
--------
