【登录信息】
*616a3f39c6e3c5632fd0210a65318c96*
`登陆天数: 5天 / 2829天
等级: 160
石头: 19
呼符: 0
体力: 5173.163333333333 / 144
友情点: 2090 / 21385890`
*連続ログイン5日目
※ログインが途切れるか、7日到達すると
1日目から再開されます*
`叡智の業火 X 2
9月交換券(2024) X 1
`*「奏章Ⅲ 新霊長後継戦 アーキタイプ・インセプション」(中編)開幕直前カウントダウンログインボーナス*
*開催期間中、1日1回 6日間日替わりでログインボーナスをプレゼント！*
`叡智の業火 X 10
`_2024-09-06 19:38:46_
--------
*759adb97f1408e3d56e5b840a52a406c*
`登陆天数: 107天 / 2855天
等级: 151
石头: 118
呼符: 4
体力: 340.57666666666665 / 142
友情点: 1340 / 7963205`
*連続ログイン2日目
※ログインが途切れるか、7日到達すると
1日目から再開されます*
`聖晶石 X 1
9月交換券(2024) X 1
`*「奏章Ⅲ 新霊長後継戦 アーキタイプ・インセプション」(中編)開幕直前カウントダウンログインボーナス*
*開催期間中、1日1回 6日間日替わりでログインボーナスをプレゼント！*
`叡智の業火 X 10
`_2024-09-06 19:38:56_
--------
