【登录信息】
*616a3f39c6e3c5632fd0210a65318c96*
`登陆天数: 7天 / 2831天
等级: 160
石头: 32
呼符: 0
体力: 5748.96 / 144
友情点: 1370 / 21391840`
*連続ログイン7日間到達おめでとうございます！
明日は1日目からリスタートされます。*
`獣の足跡 X 1
呼符 X 1
9月交換券(2024) X 1
`*「奏章Ⅲ 新霊長後継戦 アーキタイプ・インセプション」(中編)開幕直前カウントダウンログインボーナス*
*開催期間中、1日1回 6日間日替わりでログインボーナスをプレゼント！*
`英霊結晶・星のフォウくん X 10
`_2024-09-08 19:37:45_
--------
*759adb97f1408e3d56e5b840a52a406c*
`登陆天数: 109天 / 2857天
等级: 151
石头: 119
呼符: 4
体力: 550.7633333333333 / 142
友情点: 845 / 7972695`
*連続ログイン4日目
※ログインが途切れるか、7日到達すると
1日目から再開されます*
`聖晶石 X 1
9月交換券(2024) X 1
`*「奏章Ⅲ 新霊長後継戦 アーキタイプ・インセプション」(中編)開幕直前カウントダウンログインボーナス*
*開催期間中、1日1回 6日間日替わりでログインボーナスをプレゼント！*
`英霊結晶・星のフォウくん X 10
`_2024-09-08 19:37:56_
--------
