【登录信息】
*616a3f39c6e3c5632fd0210a65318c96*
`登陆天数: 8天 / 2832天
等级: 160
石头: 32
呼符: 0
体力: 6036.9 / 144
友情点: 1330 / 21394570`
*連続ログイン1日目
※ログインが途切れるか、7日到達すると
1日目から再開されます*
`フレンドポイント X 2000
9月交換券(2024) X 1
`*「奏章Ⅲ 新霊長後継戦 アーキタイプ・インセプション」(中編)開幕直前カウントダウンログインボーナス*
*開催期間中、1日1回 6日間日替わりでログインボーナスをプレゼント！*
`英霊結晶・太陽のフォウくん X 10
`_2024-09-09 19:37:28_
--------
*759adb97f1408e3d56e5b840a52a406c*
`登陆天数: 110天 / 2858天
等级: 151
石头: 120
呼符: 4
体力: 154.93 / 142
友情点: 4265 / 7980400`
*連続ログイン5日目
※ログインが途切れるか、7日到達すると
1日目から再開されます*
`叡智の業火 X 2
9月交換券(2024) X 1
`*「奏章Ⅲ 新霊長後継戦 アーキタイプ・インセプション」(中編)開幕直前カウントダウンログインボーナス*
*開催期間中、1日1回 6日間日替わりでログインボーナスをプレゼント！*
`英霊結晶・太陽のフォウくん X 10
`_2024-09-09 19:37:38_
--------
