【登录信息】
*616a3f39c6e3c5632fd0210a65318c96*
`登陆天数: 11天 / 2835天
等级: 160
石头: 32
呼符: 0
体力: 6900.99 / 144
友情点: 1180 / 21400280`
*連続ログイン4日目
※ログインが途切れるか、7日到達すると
1日目から再開されます*
`聖晶石 X 1
9月交換券(2024) X 1
`*奏章Ⅲ 新霊長後継戦 アーキタイプ・インセプション 開幕記念 ログインボーナス*
*開催期間中、1日1回 最大78回 ログインボーナスをプレゼント！*
`白銀の果実 X 1
`_2024-09-12 19:37:54_
--------
*759adb97f1408e3d56e5b840a52a406c*
`登陆天数: 113天 / 2861天
等级: 151
石头: 127
呼符: 4
体力: 1019.02 / 142
友情点: 2355 / 7994800`
*連続ログイン1日目
※ログインが途切れるか、7日到達すると
1日目から再開されます*
`フレンドポイント X 2000
9月交換券(2024) X 1
`*奏章Ⅲ 新霊長後継戦 アーキタイプ・インセプション 開幕記念 ログインボーナス*
*開催期間中、1日1回 最大78回 ログインボーナスをプレゼント！*
`白銀の果実 X 1
`_2024-09-12 19:38:04_
--------
