【登录信息】
*616a3f39c6e3c5632fd0210a65318c96*
`登陆天数: 12天 / 2836天
等级: 160
石头: 32
呼符: 0
体力: 7188.946666666667 / 144
友情点: 1180 / 21401460`
*連続ログイン5日目
※ログインが途切れるか、7日到達すると
1日目から再開されます*
`叡智の業火 X 2
9月交換券(2024) X 1
`*奏章Ⅲ 新霊長後継戦 アーキタイプ・インセプション 開幕記念 ログインボーナス*
*開催期間中、1日1回 最大78回 ログインボーナスをプレゼント！*
`白銀の果実 X 1
`_2024-09-13 19:37:42_
--------
*759adb97f1408e3d56e5b840a52a406c*
`登陆天数: 114天 / 2862天
等级: 151
石头: 127
呼符: 4
体力: 1306.98 / 142
友情点: 3010 / 7998220`
*連続ログイン2日目
※ログインが途切れるか、7日到達すると
1日目から再開されます*
`聖晶石 X 1
9月交換券(2024) X 1
`*奏章Ⅲ 新霊長後継戦 アーキタイプ・インセプション 開幕記念 ログインボーナス*
*開催期間中、1日1回 最大78回 ログインボーナスをプレゼント！*
`白銀の果実 X 1
`_2024-09-13 19:37:52_
--------
