【登录信息】
*616a3f39c6e3c5632fd0210a65318c96*
`登陆天数: 14天 / 2838天
等级: 160
石头: 32
呼符: 0
体力: 7764.893333333333 / 144
友情点: 1540 / 21406560`
*連続ログイン7日間到達おめでとうございます！
明日は1日目からリスタートされます。*
`獣の足跡 X 1
呼符 X 1
9月交換券(2024) X 1
`*奏章Ⅲ 新霊長後継戦 アーキタイプ・インセプション 開幕記念 ログインボーナス*
*開催期間中、1日1回 最大78回 ログインボーナスをプレゼント！*
`白銀の果実 X 1
`_2024-09-15 19:37:26_
--------
*759adb97f1408e3d56e5b840a52a406c*
`登陆天数: 116天 / 2864天
等级: 151
石头: 136
呼符: 4
体力: 461.18 / 142
友情点: 1335 / 8012290`
*連続ログイン4日目
※ログインが途切れるか、7日到達すると
1日目から再開されます*
`聖晶石 X 1
9月交換券(2024) X 1
`*奏章Ⅲ 新霊長後継戦 アーキタイプ・インセプション 開幕記念 ログインボーナス*
*開催期間中、1日1回 最大78回 ログインボーナスをプレゼント！*
`白銀の果実 X 1
`_2024-09-15 19:37:36_
--------
