【登录信息】
*616a3f39c6e3c5632fd0210a65318c96*
`登陆天数: 15天 / 2839天
等级: 160
石头: 41
呼符: 0
体力: 170.95666666666668 / 144
友情点: 830 / 21411165`
*連続ログイン1日目
※ログインが途切れるか、7日到達すると
1日目から再開されます*
`フレンドポイント X 2000
9月交換券(2024) X 1
`*奏章Ⅲ 新霊長後継戦 アーキタイプ・インセプション 開幕記念 ログインボーナス*
*開催期間中、1日1回 最大78回 ログインボーナスをプレゼント！*
`白銀の果実 X 1
`_2024-09-16 19:37:41_
--------
*759adb97f1408e3d56e5b840a52a406c*
`登陆天数: 117天 / 2865天
等级: 151
石头: 137
呼符: 4
体力: 83.81666666666666 / 142
友情点: 780 / 8020190`
*連続ログイン5日目
※ログインが途切れるか、7日到達すると
1日目から再開されます*
`叡智の業火 X 2
9月交換券(2024) X 1
`*奏章Ⅲ 新霊長後継戦 アーキタイプ・インセプション 開幕記念 ログインボーナス*
*開催期間中、1日1回 最大78回 ログインボーナスをプレゼント！*
`白銀の果実 X 1
`_2024-09-16 19:37:51_
--------
