【登录信息】
*616a3f39c6e3c5632fd0210a65318c96*
`登陆天数: 16天 / 2840天
等级: 160
石头: 41
呼符: 0
体力: 459.21 / 144
友情点: 1710 / 21413895`
*連続ログイン2日目
※ログインが途切れるか、7日到達すると
1日目から再開されます*
`聖晶石 X 1
9月交換券(2024) X 1
`*「奏章Ⅲ 新霊長後継戦 アーキタイプ・インセプション」(後編)
開幕直前&攻略応援特別ログインボーナス*
*開催期間中、1日1回 最大8回 ログインボーナスをプレゼント！*
`黄金の果実 X 2
`_2024-09-17 19:38:58_
--------
*759adb97f1408e3d56e5b840a52a406c*
`登陆天数: 118天 / 2866天
等级: 151
石头: 137
呼符: 4
体力: 372.07 / 142
友情点: 2120 / 8022310`
*連続ログイン6日目
※ログインが途切れるか、7日到達すると
1日目から再開されます*
`聖晶石 X 2
9月交換券(2024) X 1
`*「奏章Ⅲ 新霊長後継戦 アーキタイプ・インセプション」(後編)
開幕直前&攻略応援特別ログインボーナス*
*開催期間中、1日1回 最大8回 ログインボーナスをプレゼント！*
`黄金の果実 X 2
`_2024-09-17 19:39:07_
--------
