【登录信息】
*616a3f39c6e3c5632fd0210a65318c96*
`登陆天数: 17天 / 2841天
等级: 160
石头: 41
呼符: 0
体力: 174.74333333333334 / 144
友情点: 850 / 21416230`
*連続ログイン3日目
※ログインが途切れるか、7日到達すると
1日目から再開されます*
`叡智の業火 X 1
9月交換券(2024) X 1
`*「奏章Ⅲ 新霊長後継戦 アーキタイプ・インセプション」(後編)
開幕直前&攻略応援特別ログインボーナス*
*開催期間中、1日1回 最大8回 ログインボーナスをプレゼント！*
`叡智の業火 X 10
`_2024-09-18 19:38:02_
--------
*759adb97f1408e3d56e5b840a52a406c*
`登陆天数: 119天 / 2867天
等级: 151
石头: 139
呼符: 4
体力: 659.8833333333333 / 142
友情点: 2195 / 8025665`
*連続ログイン7日間到達おめでとうございます！
明日は1日目からリスタートされます。*
`獣の足跡 X 1
呼符 X 1
9月交換券(2024) X 1
`*「奏章Ⅲ 新霊長後継戦 アーキタイプ・インセプション」(後編)
開幕直前&攻略応援特別ログインボーナス*
*開催期間中、1日1回 最大8回 ログインボーナスをプレゼント！*
`叡智の業火 X 10
`_2024-09-18 19:38:11_
--------
