【登录信息】
*616a3f39c6e3c5632fd0210a65318c96*
`登陆天数: 18天 / 2842天
等级: 160
石头: 41
呼符: 0
体力: 462.85 / 144
友情点: 740 / 21419800`
*連続ログイン4日目
※ログインが途切れるか、7日到達すると
1日目から再開されます*
`聖晶石 X 1
9月交換券(2024) X 1
`*「奏章Ⅲ 新霊長後継戦 アーキタイプ・インセプション」(後編)
開幕直前&攻略応援特別ログインボーナス*
*開催期間中、1日1回 最大8回 ログインボーナスをプレゼント！*
`QP X 3000000
`_2024-09-19 19:38:32_
--------
*759adb97f1408e3d56e5b840a52a406c*
`登陆天数: 120天 / 2868天
等级: 151
石头: 139
呼符: 5
体力: 947.9933333333333 / 142
友情点: 1520 / 8029965`
*連続ログイン1日目
※ログインが途切れるか、7日到達すると
1日目から再開されます*
`フレンドポイント X 2000
9月交換券(2024) X 1
`*「奏章Ⅲ 新霊長後継戦 アーキタイプ・インセプション」(後編)
開幕直前&攻略応援特別ログインボーナス*
*開催期間中、1日1回 最大8回 ログインボーナスをプレゼント！*
`QP X 3000000
`_2024-09-19 19:38:43_
--------
