【登录信息】
*616a3f39c6e3c5632fd0210a65318c96*
`登陆天数: 19天 / 2843天
等级: 160
石头: 41
呼符: 0
体力: 750.7266666666667 / 144
友情点: 1770 / 21421970`
*連続ログイン5日目
※ログインが途切れるか、7日到達すると
1日目から再開されます*
`叡智の業火 X 2
9月交換券(2024) X 1
`*「奏章Ⅲ 新霊長後継戦 アーキタイプ・インセプション」(後編)
開幕直前&攻略応援特別ログインボーナス*
*開催期間中、1日1回 最大8回 ログインボーナスをプレゼント！*
`英霊結晶・星のフォウくん X 10
`_2024-09-20 19:37:56_
--------
*759adb97f1408e3d56e5b840a52a406c*
`登陆天数: 121天 / 2869天
等级: 151
石头: 139
呼符: 5
体力: 1235.8666666666666 / 142
友情点: 1180 / 8036445`
*連続ログイン2日目
※ログインが途切れるか、7日到達すると
1日目から再開されます*
`聖晶石 X 1
9月交換券(2024) X 1
`*「奏章Ⅲ 新霊長後継戦 アーキタイプ・インセプション」(後編)
開幕直前&攻略応援特別ログインボーナス*
*開催期間中、1日1回 最大8回 ログインボーナスをプレゼント！*
`英霊結晶・星のフォウくん X 10
`_2024-09-20 19:38:06_
--------
