【登录信息】
*616a3f39c6e3c5632fd0210a65318c96*
`登陆天数: 20天 / 2844天
等级: 160
石头: 18
呼符: 0
体力: 136.69 / 144
友情点: 820 / 21425980`
*連続ログイン6日目
※ログインが途切れるか、7日到達すると
1日目から再開されます*
`聖晶石 X 2
9月交換券(2024) X 1
`*「奏章Ⅲ 新霊長後継戦 アーキタイプ・インセプション」(後編)
開幕直前&攻略応援特別ログインボーナス*
*開催期間中、1日1回 最大8回 ログインボーナスをプレゼント！*
`英霊結晶・太陽のフォウくん X 10
`_2024-09-21 19:37:30_
--------
*759adb97f1408e3d56e5b840a52a406c*
`登陆天数: 122天 / 2870天
等级: 151
石头: 147
呼符: 4
体力: 141.27666666666667 / 142
友情点: 400 / 8038615`
*連続ログイン3日目
※ログインが途切れるか、7日到達すると
1日目から再開されます*
`叡智の業火 X 1
9月交換券(2024) X 1
`*「奏章Ⅲ 新霊長後継戦 アーキタイプ・インセプション」(後編)
開幕直前&攻略応援特別ログインボーナス*
*開催期間中、1日1回 最大8回 ログインボーナスをプレゼント！*
`英霊結晶・太陽のフォウくん X 10
`_2024-09-21 19:37:40_
--------
