【登录信息】
*616a3f39c6e3c5632fd0210a65318c96*
`登陆天数: 21天 / 2845天
等级: 160
石头: 19
呼符: 1
体力: 70.39333333333333 / 144
友情点: 90 / 21428740`
*連続ログイン7日間到達おめでとうございます！
明日は1日目からリスタートされます。*
`獣の足跡 X 1
呼符 X 1
9月交換券(2024) X 1
`*「京都国際マンガ・アニメフェア2024」出展記念 初回ログインボーナス*
*開催期間中、初回ログインで「聖晶石×10」をプレゼント！*
`聖晶石 X 10
`_2024-09-22 19:37:38_
--------
*759adb97f1408e3d56e5b840a52a406c*
`登陆天数: 123天 / 2871天
等级: 151
石头: 147
呼符: 4
体力: 182.42333333333335 / 142
友情点: 520 / 8042635`
*連続ログイン4日目
※ログインが途切れるか、7日到達すると
1日目から再開されます*
`聖晶石 X 1
9月交換券(2024) X 1
`*「京都国際マンガ・アニメフェア2024」出展記念 初回ログインボーナス*
*開催期間中、初回ログインで「聖晶石×10」をプレゼント！*
`聖晶石 X 10
`_2024-09-22 19:37:48_
--------
