【登录信息】
*616a3f39c6e3c5632fd0210a65318c96*
`登陆天数: 22天 / 2846天
等级: 160
石头: 19
呼符: 1
体力: 358.50666666666666 / 144
友情点: 320 / 21429460`
*連続ログイン1日目
※ログインが途切れるか、7日到達すると
1日目から再開されます*
`フレンドポイント X 2000
9月交換券(2024) X 1
`*「奏章Ⅲ 新霊長後継戦 アーキタイプ・インセプション」(後編)
開幕直前&攻略応援特別ログインボーナス*
*開催期間中、1日1回 最大8回 ログインボーナスをプレゼント！*
`獣の足跡 X 1
`_2024-09-23 19:38:12_
--------
*759adb97f1408e3d56e5b840a52a406c*
`登陆天数: 124天 / 2872天
等级: 151
石头: 158
呼符: 4
体力: 132.05666666666667 / 142
友情点: 575 / 8045570`
*連続ログイン5日目
※ログインが途切れるか、7日到達すると
1日目から再開されます*
`叡智の業火 X 2
9月交換券(2024) X 1
`*「奏章Ⅲ 新霊長後継戦 アーキタイプ・インセプション」(後編)
開幕直前&攻略応援特別ログインボーナス*
*開催期間中、1日1回 最大8回 ログインボーナスをプレゼント！*
`獣の足跡 X 1
`_2024-09-23 19:38:22_
--------
