【登录信息】
*616a3f39c6e3c5632fd0210a65318c96*
`登陆天数: 23天 / 2847天
等级: 160
石头: 33
呼符: 2
体力: 137.68 / 144
友情点: 270 / 21432985`
*連続ログイン2日目
※ログインが途切れるか、7日到達すると
1日目から再開されます*
`聖晶石 X 1
9月交換券(2024) X 1
`*「奏章Ⅲ 新霊長後継戦 アーキタイプ・インセプション」(後編)
開幕直前&攻略応援特別ログインボーナス*
*開催期間中、1日1回 最大8回 ログインボーナスをプレゼント！*
`星見のティーポット X 3
`_2024-09-24 19:38:46_
--------
*759adb97f1408e3d56e5b840a52a406c*
`登陆天数: 125天 / 2873天
等级: 151
石头: 158
呼符: 4
体力: 212.5 / 142
友情点: 1240 / 8050720`
*連続ログイン6日目
※ログインが途切れるか、7日到達すると
1日目から再開されます*
`聖晶石 X 2
9月交換券(2024) X 1
`*「奏章Ⅲ 新霊長後継戦 アーキタイプ・インセプション」(後編)
開幕直前&攻略応援特別ログインボーナス*
*開催期間中、1日1回 最大8回 ログインボーナスをプレゼント！*
`星見のティーポット X 3
`_2024-09-24 19:38:56_
--------
