【登录信息】
*616a3f39c6e3c5632fd0210a65318c96*
`登陆天数: 25天 / 2849天
等级: 160
石头: 33
呼符: 2
体力: 713.4833333333333 / 144
友情点: 1510 / 21436545`
*連続ログイン4日目
※ログインが途切れるか、7日到達すると
1日目から再開されます*
`聖晶石 X 1
9月交換券(2024) X 1
`*奏章Ⅲ 新霊長後継戦 アーキタイプ・インセプション 開幕記念 ログインボーナス*
*開催期間中、1日1回 最大78回 ログインボーナスをプレゼント！*
`白銀の果実 X 1
`_2024-09-26 19:37:48_
--------
*759adb97f1408e3d56e5b840a52a406c*
`登陆天数: 127天 / 2875天
等级: 151
石头: 162
呼符: 5
体力: 401.46 / 142
友情点: 4380 / 8069245`
*連続ログイン1日目
※ログインが途切れるか、7日到達すると
1日目から再開されます*
`フレンドポイント X 2000
9月交換券(2024) X 1
`*奏章Ⅲ 新霊長後継戦 アーキタイプ・インセプション 開幕記念 ログインボーナス*
*開催期間中、1日1回 最大78回 ログインボーナスをプレゼント！*
`白銀の果実 X 1
`_2024-09-26 19:37:58_
--------
