【登录信息】
*616a3f39c6e3c5632fd0210a65318c96*
`登陆天数: 26天 / 2850天
等级: 160
石头: 38
呼符: 0
体力: 125.03333333333333 / 144
友情点: 280 / 21438900`
*連続ログイン5日目
※ログインが途切れるか、7日到達すると
1日目から再開されます*
`叡智の業火 X 2
9月交換券(2024) X 1
`*奏章Ⅲ 新霊長後継戦 アーキタイプ・インセプション 開幕記念 ログインボーナス*
*開催期間中、1日1回 最大78回 ログインボーナスをプレゼント！*
`白銀の果実 X 1
`_2024-09-27 19:38:19_
--------
*759adb97f1408e3d56e5b840a52a406c*
`登陆天数: 128天 / 2876天
等级: 151
石头: 162
呼符: 5
体力: 689.56 / 142
友情点: 910 / 8076805`
*連続ログイン2日目
※ログインが途切れるか、7日到達すると
1日目から再開されます*
`聖晶石 X 1
9月交換券(2024) X 1
`*奏章Ⅲ 新霊長後継戦 アーキタイプ・インセプション 開幕記念 ログインボーナス*
*開催期間中、1日1回 最大78回 ログインボーナスをプレゼント！*
`白銀の果実 X 1
`_2024-09-27 19:38:28_
--------
