【登录信息】
*616a3f39c6e3c5632fd0210a65318c96*
`登陆天数: 27天 / 2851天
等级: 160
石头: 39
呼符: 0
体力: 173.78 / 144
友情点: 865 / 21438985`
*連続ログイン6日目
※ログインが途切れるか、7日到達すると
1日目から再開されます*
`聖晶石 X 2
9月交換券(2024) X 1
`*奏章Ⅲ 新霊長後継戦 アーキタイプ・インセプション 開幕記念 ログインボーナス*
*開催期間中、1日1回 最大78回 ログインボーナスをプレゼント！*
`白銀の果実 X 1
`_2024-09-28 19:37:33_
--------
*759adb97f1408e3d56e5b840a52a406c*
`登陆天数: 129天 / 2877天
等级: 151
石头: 163
呼符: 5
体力: 977.42 / 142
友情点: 1040 / 8081675`
*連続ログイン3日目
※ログインが途切れるか、7日到達すると
1日目から再開されます*
`叡智の業火 X 1
9月交換券(2024) X 1
`*奏章Ⅲ 新霊長後継戦 アーキタイプ・インセプション 開幕記念 ログインボーナス*
*開催期間中、1日1回 最大78回 ログインボーナスをプレゼント！*
`白銀の果実 X 1
`_2024-09-28 19:37:44_
--------
