【登录信息】
*616a3f39c6e3c5632fd0210a65318c96*
`登陆天数: 28天 / 2852天
等级: 160
石头: 19
呼符: 0
体力: 126.78666666666666 / 144
友情点: 1000 / 21442235`
*連続ログイン7日間到達おめでとうございます！
明日は1日目からリスタートされます。*
`獣の足跡 X 1
呼符 X 1
9月交換券(2024) X 1
`*奏章Ⅲ 新霊長後継戦 アーキタイプ・インセプション 開幕記念 ログインボーナス*
*開催期間中、1日1回 最大78回 ログインボーナスをプレゼント！*
`白銀の果実 X 1
`_2024-09-29 19:37:53_
--------
*759adb97f1408e3d56e5b840a52a406c*
`登陆天数: 130天 / 2878天
等级: 151
石头: 163
呼符: 5
体力: 79.41 / 142
友情点: 720 / 8085255`
*連続ログイン4日目
※ログインが途切れるか、7日到達すると
1日目から再開されます*
`聖晶石 X 1
9月交換券(2024) X 1
`*奏章Ⅲ 新霊長後継戦 アーキタイプ・インセプション 開幕記念 ログインボーナス*
*開催期間中、1日1回 最大78回 ログインボーナスをプレゼント！*
`白銀の果実 X 1
`_2024-09-29 19:38:04_
--------
