【登录信息】
*616a3f39c6e3c5632fd0210a65318c96*
`登陆天数: 29天 / 2853天
等级: 160
石头: 20
呼符: 0
体力: 150.27666666666667 / 144
友情点: 1620 / 21448200`
*連続ログイン1日目
※ログインが途切れるか、7日到達すると
1日目から再開されます*
`フレンドポイント X 2000
10月交換券(2024) X 1
`*奏章Ⅲ 新霊長後継戦 アーキタイプ・インセプション 開幕記念 ログインボーナス*
*開催期間中、1日1回 最大78回 ログインボーナスをプレゼント！*
`白銀の果実 X 1
`_2024-09-30 19:37:58_
--------
*759adb97f1408e3d56e5b840a52a406c*
`登陆天数: 131天 / 2879天
等级: 151
石头: 163
呼符: 5
体力: 367.42333333333335 / 142
友情点: 3340 / 8089005`
*連続ログイン5日目
※ログインが途切れるか、7日到達すると
1日目から再開されます*
`叡智の業火 X 2
10月交換券(2024) X 1
`*奏章Ⅲ 新霊長後継戦 アーキタイプ・インセプション 開幕記念 ログインボーナス*
*開催期間中、1日1回 最大78回 ログインボーナスをプレゼント！*
`白銀の果実 X 1
`_2024-09-30 19:38:08_
--------
