【登录信息】
*616a3f39c6e3c5632fd0210a65318c96*
`登陆天数: 30天 / 2854天
等级: 160
石头: 30
呼符: 3
体力: 34.44333333333333 / 144
友情点: 510 / 21454345`
*連続ログイン2日目
※ログインが途切れるか、7日到達すると
1日目から再開されます*
`聖晶石 X 1
10月交換券(2024) X 1
`*奏章Ⅲ 新霊長後継戦 アーキタイプ・インセプション 開幕記念 ログインボーナス*
*開催期間中、1日1回 最大78回 ログインボーナスをプレゼント！*
`白銀の果実 X 1
`_2024-10-01 19:38:30_
--------
*759adb97f1408e3d56e5b840a52a406c*
`登陆天数: 132天 / 2880天
等级: 151
石头: 164
呼符: 10
体力: 169.26666666666665 / 142
友情点: 1980 / 8094150`
*連続ログイン6日目
※ログインが途切れるか、7日到達すると
1日目から再開されます*
`聖晶石 X 2
10月交換券(2024) X 1
`*使用期限付コンティニューアイテムプレゼント！*
*開催期間中、初回ログインでコンティニューアイテム「霊脈石×3」をプレゼント！*
`霊脈石 X 3
`_2024-10-01 19:38:39_
--------
