【登录信息】
*616a3f39c6e3c5632fd0210a65318c96*
`登陆天数: 31天 / 2855天
等级: 160
石头: 30
呼符: 3
体力: 229.87 / 144
友情点: 160 / 21461045`
*連続ログイン3日目
※ログインが途切れるか、7日到達すると
1日目から再開されます*
`叡智の業火 X 1
10月交換券(2024) X 1
`*奏章Ⅲ 新霊長後継戦 アーキタイプ・インセプション 開幕記念 ログインボーナス*
*開催期間中、1日1回 最大78回 ログインボーナスをプレゼント！*
`黄金の果実 X 1
`_2024-10-02 19:38:56_
--------
*759adb97f1408e3d56e5b840a52a406c*
`登陆天数: 133天 / 2881天
等级: 151
石头: 178
呼符: 10
体力: 139.81 / 142
友情点: 1625 / 8100655`
*連続ログイン7日間到達おめでとうございます！
明日は1日目からリスタートされます。*
`獣の足跡 X 1
呼符 X 1
10月交換券(2024) X 1
`*奏章Ⅲ 新霊長後継戦 アーキタイプ・インセプション 開幕記念 ログインボーナス*
*開催期間中、1日1回 最大78回 ログインボーナスをプレゼント！*
`白銀の果実 X 1
`_2024-10-02 19:39:07_
--------
