【登录信息】
*616a3f39c6e3c5632fd0210a65318c96*
`登陆天数: 32天 / 2856天
等级: 160
石头: 30
呼符: 3
体力: 517.86 / 144
友情点: 1980 / 21465425`
*連続ログイン4日目
※ログインが途切れるか、7日到達すると
1日目から再開されます*
`聖晶石 X 1
10月交換券(2024) X 1
`*奏章Ⅲ 新霊長後継戦 アーキタイプ・インセプション 開幕記念 ログインボーナス*
*開催期間中、1日1回 最大78回 ログインボーナスをプレゼント！*
`白銀の果実 X 1
`_2024-10-03 19:38:52_
--------
*759adb97f1408e3d56e5b840a52a406c*
`登陆天数: 134天 / 2882天
等级: 151
石头: 192
呼符: 11
体力: 143.0 / 142
友情点: 715 / 8108545`
*連続ログイン1日目
※ログインが途切れるか、7日到達すると
1日目から再開されます*
`フレンドポイント X 2000
10月交換券(2024) X 1
`*奏章Ⅲ 新霊長後継戦 アーキタイプ・インセプション 開幕記念 ログインボーナス*
*開催期間中、1日1回 最大78回 ログインボーナスをプレゼント！*
`白銀の果実 X 1
`_2024-10-03 19:39:03_
--------
