【登录信息】
*616a3f39c6e3c5632fd0210a65318c96*
`登陆天数: 33天 / 2857天
等级: 160
石头: 30
呼符: 3
体力: 805.7166666666667 / 144
友情点: 1750 / 21469375`
*連続ログイン5日目
※ログインが途切れるか、7日到達すると
1日目から再開されます*
`叡智の業火 X 2
10月交換券(2024) X 1
`*3000万DL記念 特別回数ログインボーナス*
*開催期間中、1日1回 最大10回 回数ログインボーナスをプレゼント！*
`白銀の果実 X 30
`_2024-10-04 19:38:02_
--------
*759adb97f1408e3d56e5b840a52a406c*
`登陆天数: 135天 / 2883天
等级: 151
石头: 194
呼符: 11
体力: 114.11 / 142
友情点: 40 / 8116000`
*連続ログイン2日目
※ログインが途切れるか、7日到達すると
1日目から再開されます*
`聖晶石 X 1
10月交換券(2024) X 1
`*3000万DL記念 特別回数ログインボーナス*
*開催期間中、1日1回 最大10回 回数ログインボーナスをプレゼント！*
`白銀の果実 X 30
`_2024-10-04 19:38:20_
--------
