【登录信息】
*616a3f39c6e3c5632fd0210a65318c96*
`登陆天数: 34天 / 2858天
等级: 160
石头: 30
呼符: 3
体力: 1093.6066666666666 / 144
友情点: 900 / 21471075`
*連続ログイン6日目
※ログインが途切れるか、7日到達すると
1日目から再開されます*
`聖晶石 X 2
10月交換券(2024) X 1
`*3000万DL記念 特別回数ログインボーナス*
*開催期間中、1日1回 最大10回 回数ログインボーナスをプレゼント！*
`叡智の業火 X 30
`_2024-10-05 19:37:36_
--------
*759adb97f1408e3d56e5b840a52a406c*
`登陆天数: 136天 / 2884天
等级: 151
石头: 214
呼符: 26
体力: 126.46000000000001 / 142
友情点: 680 / 8119415`
*連続ログイン3日目
※ログインが途切れるか、7日到達すると
1日目から再開されます*
`叡智の業火 X 1
10月交換券(2024) X 1
`*3000万DL記念 特別回数ログインボーナス*
*開催期間中、1日1回 最大10回 回数ログインボーナスをプレゼント！*
`叡智の業火 X 30
`_2024-10-05 19:37:47_
--------
