【登录信息】
*616a3f39c6e3c5632fd0210a65318c96*
`登陆天数: 36天 / 2860天
等级: 160
石头: 31
呼符: 3
体力: 489.17 / 144
友情点: 1160 / 21473560`
*連続ログイン1日目
※ログインが途切れるか、7日到達すると
1日目から再開されます*
`フレンドポイント X 2000
10月交換券(2024) X 1
`*3000万DL記念 特別回数ログインボーナス*
*開催期間中、1日1回 最大10回 回数ログインボーナスをプレゼント！*
`QP X 30000000
`_2024-10-07 19:38:00_
--------
*759adb97f1408e3d56e5b840a52a406c*
`登陆天数: 138天 / 2886天
等级: 151
石头: 262
呼符: 26
体力: 296.99 / 142
友情点: 1860 / 8131455`
*連続ログイン5日目
※ログインが途切れるか、7日到達すると
1日目から再開されます*
`叡智の業火 X 2
10月交換券(2024) X 1
`*3000万DL記念 特別回数ログインボーナス*
*開催期間中、1日1回 最大10回 回数ログインボーナスをプレゼント！*
`QP X 30000000
`_2024-10-07 19:38:10_
--------
