【登录信息】
*616a3f39c6e3c5632fd0210a65318c96*
`登陆天数: 37天 / 2861天
等级: 160
石头: 31
呼符: 3
体力: 777.0733333333334 / 144
友情点: 1130 / 21475110`
*連続ログイン2日目
※ログインが途切れるか、7日到達すると
1日目から再開されます*
`聖晶石 X 1
10月交換券(2024) X 1
`*3000万DL記念 特別回数ログインボーナス*
*開催期間中、1日1回 最大10回 回数ログインボーナスをプレゼント！*
`英霊結晶・星のフォウくん X 30
英霊結晶・太陽のフォウくん X 30
`_2024-10-08 19:37:30_
--------
*759adb97f1408e3d56e5b840a52a406c*
`登陆天数: 139天 / 2887天
等级: 151
石头: 265
呼符: 26
体力: 228.31333333333333 / 142
友情点: 3220 / 8138545`
*連続ログイン6日目
※ログインが途切れるか、7日到達すると
1日目から再開されます*
`聖晶石 X 2
10月交換券(2024) X 1
`*3000万DL記念 特別回数ログインボーナス*
*開催期間中、1日1回 最大10回 回数ログインボーナスをプレゼント！*
`英霊結晶・星のフォウくん X 30
英霊結晶・太陽のフォウくん X 30
`_2024-10-08 19:37:41_
--------
