【登录信息】
*616a3f39c6e3c5632fd0210a65318c96*
`登陆天数: 38天 / 2862天
等级: 160
石头: 31
呼符: 3
体力: 1065.22 / 144
友情点: 1135 / 21476245`
*連続ログイン3日目
※ログインが途切れるか、7日到達すると
1日目から再開されます*
`叡智の業火 X 1
10月交換券(2024) X 1
`*「10月開幕予定 期間限定イベント」直前ログインボーナス*
*開催期間中、1日1回 最大7回 ログインボーナスをプレゼント！*
`聖晶石 X 1
霊脈石 X 1
`_2024-10-09 19:38:15_
--------
*759adb97f1408e3d56e5b840a52a406c*
`登陆天数: 140天 / 2888天
等级: 151
石头: 280
呼符: 26
体力: 49.620000000000005 / 142
友情点: 3330 / 8147405`
*連続ログイン7日間到達おめでとうございます！
明日は1日目からリスタートされます。*
`獣の足跡 X 1
呼符 X 1
10月交換券(2024) X 1
`*「10月開幕予定 期間限定イベント」直前ログインボーナス*
*開催期間中、1日1回 最大7回 ログインボーナスをプレゼント！*
`聖晶石 X 1
霊脈石 X 1
`_2024-10-09 19:38:25_
--------
