【登录信息】
*616a3f39c6e3c5632fd0210a65318c96*
`登陆天数: 39天 / 2863天
等级: 160
石头: 31
呼符: 3
体力: 1353.2266666666667 / 144
友情点: 1470 / 21478515`
*連続ログイン4日目
※ログインが途切れるか、7日到達すると
1日目から再開されます*
`聖晶石 X 1
10月交換券(2024) X 1
`*「10月開幕予定 期間限定イベント」直前ログインボーナス*
*開催期間中、1日1回 最大7回 ログインボーナスをプレゼント！*
`黄金の果実 X 1
霊脈石 X 1
`_2024-10-10 19:38:15_
--------
*759adb97f1408e3d56e5b840a52a406c*
`登陆天数: 141天 / 2889天
等级: 151
石头: 322
呼符: 27
体力: 184.02333333333334 / 142
友情点: 4080 / 8156975`
*連続ログイン1日目
※ログインが途切れるか、7日到達すると
1日目から再開されます*
`フレンドポイント X 2000
10月交換券(2024) X 1
`*「10月開幕予定 期間限定イベント」直前ログインボーナス*
*開催期間中、1日1回 最大7回 ログインボーナスをプレゼント！*
`黄金の果実 X 1
霊脈石 X 1
`_2024-10-10 19:38:26_
--------
