【登录信息】
*616a3f39c6e3c5632fd0210a65318c96*
`登陆天数: 41天 / 2865天
等级: 160
石头: 32
呼符: 3
体力: 449.0133333333333 / 144
友情点: 1320 / 21485915`
*連続ログイン6日目
※ログインが途切れるか、7日到達すると
1日目から再開されます*
`聖晶石 X 2
10月交換券(2024) X 1
`*「10月開幕予定 期間限定イベント」直前ログインボーナス*
*開催期間中、1日1回 最大7回 ログインボーナスをプレゼント！*
`聖晶石 X 1
霊脈石 X 1
`_2024-10-12 19:37:57_
--------
*759adb97f1408e3d56e5b840a52a406c*
`登陆天数: 143天 / 2891天
等级: 151
石头: 323
呼符: 27
体力: 456.9033333333333 / 142
友情点: 3065 / 8182785`
*連続ログイン3日目
※ログインが途切れるか、7日到達すると
1日目から再開されます*
`叡智の業火 X 1
10月交換券(2024) X 1
`*「10月開幕予定 期間限定イベント」直前ログインボーナス*
*開催期間中、1日1回 最大7回 ログインボーナスをプレゼント！*
`聖晶石 X 1
霊脈石 X 1
`_2024-10-12 19:38:07_
--------
