【登录信息】
*616a3f39c6e3c5632fd0210a65318c96*
`登陆天数: 43天 / 2867天
等级: 160
石头: 32
呼符: 3
体力: 1025.0733333333333 / 144
友情点: 3480 / 21491875`
*連続ログイン1日目
※ログインが途切れるか、7日到達すると
1日目から再開されます*
`フレンドポイント X 2000
10月交換券(2024) X 1
`*「10月開幕予定 期間限定イベント」直前ログインボーナス*
*開催期間中、1日1回 最大7回 ログインボーナスをプレゼント！*
`英霊結晶・太陽のフォウくん X 5
霊脈石 X 1
`_2024-10-14 19:38:15_
--------
*759adb97f1408e3d56e5b840a52a406c*
`登陆天数: 145天 / 2893天
等级: 151
石头: 360
呼符: 27
体力: 160.09666666666666 / 142
友情点: 910 / 8198490`
*連続ログイン5日目
※ログインが途切れるか、7日到達すると
1日目から再開されます*
`叡智の業火 X 2
10月交換券(2024) X 1
`*「10月開幕予定 期間限定イベント」直前ログインボーナス*
*開催期間中、1日1回 最大7回 ログインボーナスをプレゼント！*
`英霊結晶・太陽のフォウくん X 5
霊脈石 X 1
`_2024-10-14 19:38:24_
--------
