【登录信息】
*616a3f39c6e3c5632fd0210a65318c96*
`登陆天数: 44天 / 2868天
等级: 160
石头: 32
呼符: 3
体力: 1313.14 / 144
友情点: 1970 / 21493845`
*連続ログイン2日目
※ログインが途切れるか、7日到達すると
1日目から再開されます*
`聖晶石 X 1
10月交換券(2024) X 1
`*「10月開幕予定 期間限定イベント」直前ログインボーナス*
*開催期間中、1日1回 最大7回 ログインボーナスをプレゼント！*
`聖晶石 X 1
霊脈石 X 1
`_2024-10-15 19:38:34_
--------
*759adb97f1408e3d56e5b840a52a406c*
`登陆天数: 146天 / 2894天
等级: 151
石头: 363
呼符: 27
体力: 132.97666666666666 / 142
友情点: 1375 / 8209220`
*連続ログイン6日目
※ログインが途切れるか、7日到達すると
1日目から再開されます*
`聖晶石 X 2
10月交換券(2024) X 1
`*「10月開幕予定 期間限定イベント」直前ログインボーナス*
*開催期間中、1日1回 最大7回 ログインボーナスをプレゼント！*
`聖晶石 X 1
霊脈石 X 1
`_2024-10-15 19:38:44_
--------
