【登录信息】
*616a3f39c6e3c5632fd0210a65318c96*
`登陆天数: 45天 / 2869天
等级: 160
石头: 32
呼符: 3
体力: 1601.23 / 144
友情点: 2050 / 21497495`
*連続ログイン3日目
※ログインが途切れるか、7日到達すると
1日目から再開されます*
`叡智の業火 X 1
10月交換券(2024) X 1
`*Fate/Grand Order カルデア放送局 ライト版 ゲーム最新情報 配信記念 初回ログインボーナス*
*開催期間中、初回ログインで「聖晶石×14」をプレゼント！*
`聖晶石 X 14
`_2024-10-16 19:39:01_
--------
*759adb97f1408e3d56e5b840a52a406c*
`登陆天数: 147天 / 2895天
等级: 151
石头: 366
呼符: 25
体力: 57.16 / 142
友情点: 540 / 7801815`
*連続ログイン7日間到達おめでとうございます！
明日は1日目からリスタートされます。*
`獣の足跡 X 1
呼符 X 1
10月交換券(2024) X 1
`*Fate/Grand Order カルデア放送局 ライト版 ゲーム最新情報 配信記念 初回ログインボーナス*
*開催期間中、初回ログインで「聖晶石×14」をプレゼント！*
`聖晶石 X 14
`_2024-10-16 19:39:12_
--------
