【登录信息】
*616a3f39c6e3c5632fd0210a65318c96*
`登陆天数: 46天 / 2870天
等级: 160
石头: 32
呼符: 3
体力: 1889.26 / 144
友情点: 1250 / 21500745`
*連続ログイン4日目
※ログインが途切れるか、7日到達すると
1日目から再開されます*
`聖晶石 X 1
10月交換券(2024) X 1
`*妖精双六虫籠遊戯 まだ見ぬ完璧なあなたへ 開幕記念 ログインボーナス*
*開催期間中、1日1回 最大78回 ログインボーナスをプレゼント！*
`白銀の果実 X 1
`_2024-10-17 19:39:10_
--------
*759adb97f1408e3d56e5b840a52a406c*
`登陆天数: 148天 / 2896天
等级: 151
石头: 384
呼符: 18
体力: 182.15666666666667 / 142
友情点: 2110 / 7791180`
*連続ログイン1日目
※ログインが途切れるか、7日到達すると
1日目から再開されます*
`フレンドポイント X 2000
10月交換券(2024) X 1
`*妖精双六虫籠遊戯 まだ見ぬ完璧なあなたへ 開幕記念 ログインボーナス*
*開催期間中、1日1回 最大78回 ログインボーナスをプレゼント！*
`白銀の果実 X 1
`_2024-10-17 19:39:21_
--------
