【登录信息】
*616a3f39c6e3c5632fd0210a65318c96*
`登陆天数: 47天 / 2871天
等级: 160
石头: 32
呼符: 3
体力: 2177.0333333333333 / 144
友情点: 400 / 21501345`
*連続ログイン5日目
※ログインが途切れるか、7日到達すると
1日目から再開されます*
`叡智の業火 X 2
10月交換券(2024) X 1
`*妖精双六虫籠遊戯 まだ見ぬ完璧なあなたへ 開幕記念 ログインボーナス*
*開催期間中、1日1回 最大78回 ログインボーナスをプレゼント！*
`白銀の果実 X 1
`_2024-10-18 19:38:02_
--------
*759adb97f1408e3d56e5b840a52a406c*
`登陆天数: 149天 / 2897天
等级: 151
石头: 386
呼符: 18
体力: 110.81666666666666 / 142
友情点: 420 / 7794345`
*連続ログイン2日目
※ログインが途切れるか、7日到達すると
1日目から再開されます*
`聖晶石 X 1
10月交換券(2024) X 1
`*妖精双六虫籠遊戯 まだ見ぬ完璧なあなたへ 開幕記念 ログインボーナス*
*開催期間中、1日1回 最大78回 ログインボーナスをプレゼント！*
`白銀の果実 X 1
`_2024-10-18 19:38:12_
--------
