【登录信息】
*616a3f39c6e3c5632fd0210a65318c96*
`登陆天数: 48天 / 2872天
等级: 160
石头: 32
呼符: 3
体力: 2465.016666666667 / 144
友情点: 1070 / 21503815`
*連続ログイン6日目
※ログインが途切れるか、7日到達すると
1日目から再開されます*
`聖晶石 X 2
10月交換券(2024) X 1
`*妖精双六虫籠遊戯 まだ見ぬ完璧なあなたへ 開幕記念 ログインボーナス*
*開催期間中、1日1回 最大78回 ログインボーナスをプレゼント！*
`白銀の果実 X 1
`_2024-10-19 19:37:57_
--------
*759adb97f1408e3d56e5b840a52a406c*
`登陆天数: 150天 / 2898天
等级: 151
石头: 390
呼符: 18
体力: 97.34 / 142
友情点: 315 / 7809035`
*連続ログイン3日目
※ログインが途切れるか、7日到達すると
1日目から再開されます*
`叡智の業火 X 1
10月交換券(2024) X 1
`*妖精双六虫籠遊戯 まだ見ぬ完璧なあなたへ 開幕記念 ログインボーナス*
*開催期間中、1日1回 最大78回 ログインボーナスをプレゼント！*
`白銀の果実 X 1
`_2024-10-19 19:38:07_
--------
