【登录信息】
*616a3f39c6e3c5632fd0210a65318c96*
`登陆天数: 49天 / 2873天
等级: 160
石头: 136
呼符: 5
体力: 98.57333333333332 / 144
友情点: 275 / 21514140`
*連続ログイン7日間到達おめでとうございます！
明日は1日目からリスタートされます。*
`獣の足跡 X 1
呼符 X 1
10月交換券(2024) X 1
`*妖精双六虫籠遊戯 まだ見ぬ完璧なあなたへ 開幕記念 ログインボーナス*
*開催期間中、1日1回 最大78回 ログインボーナスをプレゼント！*
`白銀の果実 X 1
`_2024-10-20 19:38:26_
--------
*759adb97f1408e3d56e5b840a52a406c*
`登陆天数: 151天 / 2899天
等级: 151
石头: 390
呼符: 18
体力: 385.44 / 142
友情点: 4050 / 7814095`
*連続ログイン4日目
※ログインが途切れるか、7日到達すると
1日目から再開されます*
`聖晶石 X 1
10月交換券(2024) X 1
`*妖精双六虫籠遊戯 まだ見ぬ完璧なあなたへ 開幕記念 ログインボーナス*
*開催期間中、1日1回 最大78回 ログインボーナスをプレゼント！*
`白銀の果実 X 1
`_2024-10-20 19:38:37_
--------
