【登录信息】
*616a3f39c6e3c5632fd0210a65318c96*
`登陆天数: 50天 / 2874天
等级: 160
石头: 136
呼符: 5
体力: 386.53999999999996 / 144
友情点: 1110 / 21516850`
*連続ログイン1日目
※ログインが途切れるか、7日到達すると
1日目から再開されます*
`フレンドポイント X 2000
10月交換券(2024) X 1
`*妖精双六虫籠遊戯 まだ見ぬ完璧なあなたへ 開幕記念 ログインボーナス*
*開催期間中、1日1回 最大78回 ログインボーナスをプレゼント！*
`白銀の果実 X 1
`_2024-10-21 19:38:17_
--------
*759adb97f1408e3d56e5b840a52a406c*
`登陆天数: 152天 / 2900天
等级: 151
石头: 392
呼符: 18
体力: 155.95333333333332 / 142
友情点: 3520 / 7830585`
*連続ログイン5日目
※ログインが途切れるか、7日到達すると
1日目から再開されます*
`叡智の業火 X 2
10月交換券(2024) X 1
`*妖精双六虫籠遊戯 まだ見ぬ完璧なあなたへ 開幕記念 ログインボーナス*
*開催期間中、1日1回 最大78回 ログインボーナスをプレゼント！*
`白銀の果実 X 1
`_2024-10-21 19:38:27_
--------
