【登录信息】
*616a3f39c6e3c5632fd0210a65318c96*
`登陆天数: 52天 / 2876天
等级: 160
石头: 137
呼符: 5
体力: 470.44 / 144
友情点: 1460 / 21523280`
*連続ログイン3日目
※ログインが途切れるか、7日到達すると
1日目から再開されます*
`叡智の業火 X 1
10月交換券(2024) X 1
`*妖精双六虫籠遊戯 まだ見ぬ完璧なあなたへ 開幕記念 ログインボーナス*
*開催期間中、1日1回 最大78回 ログインボーナスをプレゼント！*
`黄金の果実 X 1
`_2024-10-23 19:38:38_
--------
*759adb97f1408e3d56e5b840a52a406c*
`登陆天数: 154天 / 2902天
等级: 151
石头: 429
呼符: 18
体力: 141.88333333333333 / 142
友情点: 1935 / 7863150`
*連続ログイン7日間到達おめでとうございます！
明日は1日目からリスタートされます。*
`獣の足跡 X 1
呼符 X 1
10月交換券(2024) X 1
`*妖精双六虫籠遊戯 まだ見ぬ完璧なあなたへ 開幕記念 ログインボーナス*
*開催期間中、1日1回 最大78回 ログインボーナスをプレゼント！*
`白銀の果実 X 1
`_2024-10-23 19:38:48_
--------
