【登录信息】
*616a3f39c6e3c5632fd0210a65318c96*
`登陆天数: 53天 / 2877天
等级: 160
石头: 137
呼符: 5
体力: 758.3166666666667 / 144
友情点: 1740 / 21527820`
*連続ログイン4日目
※ログインが途切れるか、7日到達すると
1日目から再開されます*
`聖晶石 X 1
10月交換券(2024) X 1
`*妖精双六虫籠遊戯 まだ見ぬ完璧なあなたへ 開幕記念 ログインボーナス*
*開催期間中、1日1回 最大78回 ログインボーナスをプレゼント！*
`白銀の果実 X 1
`_2024-10-24 19:38:00_
--------
*759adb97f1408e3d56e5b840a52a406c*
`登陆天数: 155天 / 2903天
等级: 151
石头: 429
呼符: 18
体力: 429.76 / 142
友情点: 2530 / 7869490`
*連続ログイン1日目
※ログインが途切れるか、7日到達すると
1日目から再開されます*
`フレンドポイント X 2000
10月交換券(2024) X 1
`*妖精双六虫籠遊戯 まだ見ぬ完璧なあなたへ 開幕記念 ログインボーナス*
*開催期間中、1日1回 最大78回 ログインボーナスをプレゼント！*
`白銀の果実 X 1
`_2024-10-24 19:38:11_
--------
