【登录信息】
*616a3f39c6e3c5632fd0210a65318c96*
`登陆天数: 54天 / 2878天
等级: 160
石头: 137
呼符: 5
体力: 192.68333333333334 / 144
友情点: 450 / 21533500`
*連続ログイン5日目
※ログインが途切れるか、7日到達すると
1日目から再開されます*
`叡智の業火 X 2
10月交換券(2024) X 1
`*妖精双六虫籠遊戯 まだ見ぬ完璧なあなたへ 開幕記念 ログインボーナス*
*開催期間中、1日1回 最大78回 ログインボーナスをプレゼント！*
`白銀の果実 X 1
`_2024-10-25 19:37:59_
--------
*759adb97f1408e3d56e5b840a52a406c*
`登陆天数: 156天 / 2904天
等级: 151
石头: 435
呼符: 21
体力: 65.88666666666667 / 142
友情点: 1135 / 7890225`
*連続ログイン2日目
※ログインが途切れるか、7日到達すると
1日目から再開されます*
`聖晶石 X 1
10月交換券(2024) X 1
`*妖精双六虫籠遊戯 まだ見ぬ完璧なあなたへ 開幕記念 ログインボーナス*
*開催期間中、1日1回 最大78回 ログインボーナスをプレゼント！*
`白銀の果実 X 1
`_2024-10-25 19:38:09_
--------
