【登录信息】
*616a3f39c6e3c5632fd0210a65318c96*
`登陆天数: 56天 / 2880天
等级: 160
石头: 148
呼符: 5
体力: 432.94666666666666 / 144
友情点: 2500 / 21546650`
*連続ログイン7日間到達おめでとうございます！
明日は1日目からリスタートされます。*
`獣の足跡 X 1
呼符 X 1
10月交換券(2024) X 1
`*妖精双六虫籠遊戯 まだ見ぬ完璧なあなたへ 開幕記念 ログインボーナス*
*開催期間中、1日1回 最大78回 ログインボーナスをプレゼント！*
`白銀の果実 X 1
`_2024-10-27 19:38:28_
--------
*759adb97f1408e3d56e5b840a52a406c*
`登陆天数: 158天 / 2906天
等级: 151
石头: 436
呼符: 20
体力: 182.96333333333334 / 142
友情点: 1560 / 7907420`
*連続ログイン4日目
※ログインが途切れるか、7日到達すると
1日目から再開されます*
`聖晶石 X 1
10月交換券(2024) X 1
`*妖精双六虫籠遊戯 まだ見ぬ完璧なあなたへ 開幕記念 ログインボーナス*
*開催期間中、1日1回 最大78回 ログインボーナスをプレゼント！*
`白銀の果実 X 1
`_2024-10-27 19:38:38_
--------
