【登录信息】
*616a3f39c6e3c5632fd0210a65318c96*
`登陆天数: 58天 / 2882天
等级: 160
石头: 191
呼符: 7
体力: 85.55333333333334 / 144
友情点: 390 / 21571375`
*連続ログイン2日目
※ログインが途切れるか、7日到達すると
1日目から再開されます*
`聖晶石 X 1
10月交換券(2024) X 1
`*妖精双六虫籠遊戯 まだ見ぬ完璧なあなたへ 開幕記念 ログインボーナス*
*開催期間中、1日1回 最大78回 ログインボーナスをプレゼント！*
`白銀の果実 X 1
`_2024-10-29 19:38:36_
--------
*759adb97f1408e3d56e5b840a52a406c*
`登陆天数: 160天 / 2908天
等级: 151
石头: 437
呼符: 20
体力: 460.93666666666667 / 142
友情点: 2300 / 7924190`
*連続ログイン6日目
※ログインが途切れるか、7日到達すると
1日目から再開されます*
`聖晶石 X 2
10月交換券(2024) X 1
`*妖精双六虫籠遊戯 まだ見ぬ完璧なあなたへ 開幕記念 ログインボーナス*
*開催期間中、1日1回 最大78回 ログインボーナスをプレゼント！*
`黄金の果実 X 1
`_2024-10-29 19:38:46_
--------
