【登录信息】
*616a3f39c6e3c5632fd0210a65318c96*
`登陆天数: 59天 / 2883天
等级: 160
石头: 244
呼符: 8
体力: 30.010000000000005 / 144
友情点: 360 / 21638240`
*連続ログイン3日目
※ログインが途切れるか、7日到達すると
1日目から再開されます*
`叡智の業火 X 1
10月交換券(2024) X 1
`*秋の戦力増強キャンペーン特別ログインボーナス！*
*開催期間中、1日1回 最大7回 ログインボーナスをプレゼント！*
`英霊結晶・星のフォウくん X 5
`_2024-10-30 19:38:26_
--------
*759adb97f1408e3d56e5b840a52a406c*
`登陆天数: 161天 / 2909天
等级: 151
石头: 446
呼符: 20
体力: 78.40333333333334 / 142
友情点: 610 / 7928770`
*連続ログイン7日間到達おめでとうございます！
明日は1日目からリスタートされます。*
`獣の足跡 X 1
呼符 X 1
10月交換券(2024) X 1
`*秋の戦力増強キャンペーン特別ログインボーナス！*
*開催期間中、1日1回 最大7回 ログインボーナスをプレゼント！*
`英霊結晶・星のフォウくん X 5
`_2024-10-30 19:38:36_
--------
