【登录信息】
*616a3f39c6e3c5632fd0210a65318c96*
`登陆天数: 4天 / 2751天
等级: 160
石头: 86
呼符: 91
体力: 525.3299999999999 / 144
友情点: 1050 / 20891115`
*連続ログイン4日目
※ログインが途切れるか、7日到達すると
1日目から再開されます*
`聖晶石 X 1
6月交換券(2024) X 1
`*「踊るドラゴン・キャッスル！ ～深海の姫君とふたつの宝玉～」
開幕直前特別ログインボーナス*
*開催期間中、1日1回 最大7回 ログインボーナスをプレゼント！*
`聖晶石 X 1
`_2024-06-19 19:37:14_
--------
*759adb97f1408e3d56e5b840a52a406c*
`登陆天数: 28天 / 2776天
等级: 149
石头: 1
呼符: 0
体力: 344.48 / 142
友情点: 1220 / 7412665`
*連続ログイン7日間到達おめでとうございます！
明日は1日目からリスタートされます。*
`獣の足跡 X 1
呼符 X 1
6月交換券(2024) X 1
`*「踊るドラゴン・キャッスル！ ～深海の姫君とふたつの宝玉～」
開幕直前特別ログインボーナス*
*開催期間中、1日1回 最大7回 ログインボーナスをプレゼント！*
`聖晶石 X 1
`_2024-06-19 19:37:24_
--------
