【登录信息】
*616a3f39c6e3c5632fd0210a65318c96*
`登陆天数: 5天 / 2752天
等级: 160
石头: 86
呼符: 91
体力: 813.4033333333333 / 144
友情点: 3520 / 20898835`
*連続ログイン5日目
※ログインが途切れるか、7日到達すると
1日目から再開されます*
`叡智の業火 X 2
6月交換券(2024) X 1
`*「踊るドラゴン・キャッスル！ ～深海の姫君とふたつの宝玉～」
開幕直前特別ログインボーナス*
*開催期間中、1日1回 最大7回 ログインボーナスをプレゼント！*
`黄金の果実 X 1
`_2024-06-20 19:37:37_
--------
*759adb97f1408e3d56e5b840a52a406c*
`登陆天数: 29天 / 2777天
等级: 149
石头: 0
呼符: 0
体力: 79.12666666666667 / 142
友情点: 590 / 7419650`
*連続ログイン1日目
※ログインが途切れるか、7日到達すると
1日目から再開されます*
`フレンドポイント X 2000
6月交換券(2024) X 1
`*「踊るドラゴン・キャッスル！ ～深海の姫君とふたつの宝玉～」
開幕直前特別ログインボーナス*
*開催期間中、1日1回 最大7回 ログインボーナスをプレゼント！*
`黄金の果実 X 1
`_2024-06-20 19:37:46_
--------
