【登录信息】
*616a3f39c6e3c5632fd0210a65318c96*
`登陆天数: 7天 / 2754天
等级: 160
石头: 86
呼符: 91
体力: 1389.3433333333332 / 144
友情点: 2610 / 20908885`
*連続ログイン7日間到達おめでとうございます！
明日は1日目からリスタートされます。*
`獣の足跡 X 1
呼符 X 1
6月交換券(2024) X 1
`*幕間の物語キャンペーン 第20弾 特別ログインボーナス*
*開催期間中、1日1回 最大5回 特別ログインボーナスをプレゼント！*
`叡智の業火 X 3
`_2024-06-22 19:37:18_
--------
*759adb97f1408e3d56e5b840a52a406c*
`登陆天数: 31天 / 2779天
等级: 149
石头: 0
呼符: 0
体力: 437.51 / 142
友情点: 675 / 7439470`
*連続ログイン3日目
※ログインが途切れるか、7日到達すると
1日目から再開されます*
`叡智の業火 X 1
6月交換券(2024) X 1
`*幕間の物語キャンペーン 第20弾 特別ログインボーナス*
*開催期間中、1日1回 最大5回 特別ログインボーナスをプレゼント！*
`叡智の業火 X 3
`_2024-06-22 19:37:29_
--------
