【登录信息】
*616a3f39c6e3c5632fd0210a65318c96*
`登陆天数: 8天 / 2755天
等级: 160
石头: 86
呼符: 91
体力: 1677.33 / 144
友情点: 4430 / 20915715`
*連続ログイン1日目
※ログインが途切れるか、7日到達すると
1日目から再開されます*
`フレンドポイント X 2000
6月交換券(2024) X 1
`*幕間の物語キャンペーン 第20弾 特別ログインボーナス*
*開催期間中、1日1回 最大5回 特別ログインボーナスをプレゼント！*
`叡智の業火 X 3
`_2024-06-23 19:37:15_
--------
*759adb97f1408e3d56e5b840a52a406c*
`登陆天数: 32天 / 2780天
等级: 149
石头: 1
呼符: 0
体力: 725.4933333333333 / 142
友情点: 1210 / 7448675`
*連続ログイン4日目
※ログインが途切れるか、7日到達すると
1日目から再開されます*
`聖晶石 X 1
6月交換券(2024) X 1
`*幕間の物語キャンペーン 第20弾 特別ログインボーナス*
*開催期間中、1日1回 最大5回 特別ログインボーナスをプレゼント！*
`叡智の業火 X 3
`_2024-06-23 19:37:24_
--------
