【登录信息】
*616a3f39c6e3c5632fd0210a65318c96*
`登陆天数: 9天 / 2756天
等级: 160
石头: 86
呼符: 91
体力: 1965.37 / 144
友情点: 4630 / 20925345`
*連続ログイン2日目
※ログインが途切れるか、7日到達すると
1日目から再開されます*
`聖晶石 X 1
6月交換券(2024) X 1
`*幕間の物語キャンペーン 第20弾 特別ログインボーナス*
*開催期間中、1日1回 最大5回 特別ログインボーナスをプレゼント！*
`呼符 X 1
`_2024-06-24 19:37:28_
--------
*759adb97f1408e3d56e5b840a52a406c*
`登陆天数: 33天 / 2781天
等级: 149
石头: 1
呼符: 0
体力: 305.36333333333334 / 142
友情点: 220 / 7457750`
*連続ログイン5日目
※ログインが途切れるか、7日到達すると
1日目から再開されます*
`叡智の業火 X 2
6月交換券(2024) X 1
`*幕間の物語キャンペーン 第20弾 特別ログインボーナス*
*開催期間中、1日1回 最大5回 特別ログインボーナスをプレゼント！*
`呼符 X 1
`_2024-06-24 19:37:37_
--------
