【登录信息】
*616a3f39c6e3c5632fd0210a65318c96*
`登陆天数: 10天 / 2757天
等级: 160
石头: 86
呼符: 91
体力: 2253.36 / 144
友情点: 3340 / 20934485`
*連続ログイン3日目
※ログインが途切れるか、7日到達すると
1日目から再開されます*
`叡智の業火 X 1
6月交換券(2024) X 1
`*「踊るドラゴン・キャッスル！ ～深海の姫君とふたつの宝玉～」
開幕直前特別ログインボーナス*
*開催期間中、1日1回 最大7回 ログインボーナスをプレゼント！*
`聖晶石 X 1
`_2024-06-25 19:37:24_
--------
*759adb97f1408e3d56e5b840a52a406c*
`登陆天数: 34天 / 2782天
等级: 149
石头: 1
呼符: 0
体力: 593.35 / 142
友情点: 340 / 7465420`
*連続ログイン6日目
※ログインが途切れるか、7日到達すると
1日目から再開されます*
`聖晶石 X 2
6月交換券(2024) X 1
`*「踊るドラゴン・キャッスル！ ～深海の姫君とふたつの宝玉～」
開幕直前特別ログインボーナス*
*開催期間中、1日1回 最大7回 ログインボーナスをプレゼント！*
`聖晶石 X 1
`_2024-06-25 19:37:33_
--------
