【登录信息】
*616a3f39c6e3c5632fd0210a65318c96*
`登陆天数: 13天 / 2760天
等级: 160
石头: 86
呼符: 91
体力: 3117.39 / 144
友情点: 3290 / 20955705`
*連続ログイン6日目
※ログインが途切れるか、7日到達すると
1日目から再開されます*
`聖晶石 X 2
6月交換券(2024) X 1
`*FGO カルデア放送局 ライト版 FGO Fes. 2024＆ゲーム最新情報 放送記念 初回ログインボーナス*
*開催期間中、初回ログインで「聖晶石×14」をプレゼント！*
`聖晶石 X 14
`_2024-06-28 19:37:32_
--------
*759adb97f1408e3d56e5b840a52a406c*
`登陆天数: 37天 / 2785天
等级: 149
石头: 1
呼符: 0
体力: 1457.38 / 142
友情点: 1260 / 7490065`
*連続ログイン2日目
※ログインが途切れるか、7日到達すると
1日目から再開されます*
`聖晶石 X 1
6月交換券(2024) X 1
`*FGO カルデア放送局 ライト版 FGO Fes. 2024＆ゲーム最新情報 放送記念 初回ログインボーナス*
*開催期間中、初回ログインで「聖晶石×14」をプレゼント！*
`聖晶石 X 14
`_2024-06-28 19:37:42_
--------
