【登录信息】
[616a3f39c6e3c5632fd0210a65318c96]
`登陆天数: 164天 / 2255天
等级: 157
石头: 35
呼符: 112
友情点: 0 / 18819705`
*連続ログイン3日目
※ログインが途切れるか、7日到達すると
1日目から再開されます*
`叡智の業火 X 1
12月交換券(2022) X 1
`*「Lostbelt No.7」開幕前メインクエストクリア応援特別ログインボーナス*
*開催期間中、1日1回 最大7回 ログインボーナスをプレゼント！*
`聖晶石 X 1
`_2022-12-16 19:38:07_
--------
[759adb97f1408e3d56e5b840a52a406c]
`登陆天数: 3天 / 2231天
等级: 146
石头: 40
呼符: 1
友情点: 20 / 7053405`
*連続ログイン3日目
※ログインが途切れるか、7日到達すると
1日目から再開されます*
`叡智の業火 X 1
12月交換券(2022) X 1
`*「Lostbelt No.7」開幕前メインクエストクリア応援特別ログインボーナス*
*開催期間中、1日1回 最大7回 ログインボーナスをプレゼント！*
`聖晶石 X 1
`_2022-12-16 19:38:16_
--------
