【登录信息】
[616a3f39c6e3c5632fd0210a65318c96]
`登陆天数: 165天 / 2256天
等级: 157
石头: 44
呼符: 114
友情点: 0 / 18905805`
*連続ログイン4日目
※ログインが途切れるか、7日到達すると
1日目から再開されます*
`聖晶石 X 1
12月交換券(2022) X 1
`*「Lostbelt No.7」開幕前メインクエストクリア応援特別ログインボーナス*
*開催期間中、1日1回 最大7回 ログインボーナスをプレゼント！*
`聖晶石 X 2
`_2022-12-17 19:38:11_
--------
[759adb97f1408e3d56e5b840a52a406c]
`登陆天数: 4天 / 2232天
等级: 146
石头: 55
呼符: 1
友情点: 0 / 7053425`
*連続ログイン4日目
※ログインが途切れるか、7日到達すると
1日目から再開されます*
`聖晶石 X 1
12月交換券(2022) X 1
`*「Lostbelt No.7」開幕前メインクエストクリア応援特別ログインボーナス*
*開催期間中、1日1回 最大7回 ログインボーナスをプレゼント！*
`聖晶石 X 2
`_2022-12-17 19:38:20_
--------
