【登录信息】
[616a3f39c6e3c5632fd0210a65318c96]
`登陆天数: 168天 / 2259天
等级: 157
石头: 44
呼符: 114
友情点: 0 / 18905805`
*連続ログイン7日間到達おめでとうございます！
明日は1日目からリスタートされます。*
`獣の足跡 X 1
呼符 X 1
12月交換券(2022) X 1
`*「Lostbelt No.7」開幕直前
カウントダウンログインボーナス*
*開催期間中、1日1回 6日間日替りでログインボーナスをプレゼント！*
`英霊結晶・星のフォウくん X 7
英霊結晶・太陽のフォウくん X 7
`_2022-12-20 19:38:09_
--------
[759adb97f1408e3d56e5b840a52a406c]
`登陆天数: 7天 / 2235天
等级: 146
石头: 80
呼符: 1
友情点: 20 / 7061360`
*連続ログイン7日間到達おめでとうございます！
明日は1日目からリスタートされます。*
`獣の足跡 X 1
呼符 X 1
12月交換券(2022) X 1
`*「Lostbelt No.7」開幕直前
カウントダウンログインボーナス*
*開催期間中、1日1回 6日間日替りでログインボーナスをプレゼント！*
`英霊結晶・星のフォウくん X 7
英霊結晶・太陽のフォウくん X 7
`_2022-12-20 19:38:18_
--------
