【登录信息】
[616a3f39c6e3c5632fd0210a65318c96]
`登陆天数: 169天 / 2260天
等级: 157
石头: 44
呼符: 114
友情点: 0 / 18905805`
*連続ログイン1日目
※ログインが途切れるか、7日到達すると
1日目から再開されます*
`フレンドポイント X 2000
12月交換券(2022) X 1
`*「Lostbelt No.7」開幕直前
カウントダウンログインボーナス*
*開催期間中、1日1回 6日間日替りでログインボーナスをプレゼント！*
`マナプリズム X 70
`_2022-12-21 19:38:33_
--------
[759adb97f1408e3d56e5b840a52a406c]
`登陆天数: 8天 / 2236天
等级: 146
石头: 83
呼符: 2
友情点: 80 / 7061440`
*連続ログイン1日目
※ログインが途切れるか、7日到達すると
1日目から再開されます*
`フレンドポイント X 2000
12月交換券(2022) X 1
`*「Lostbelt No.7」開幕直前
カウントダウンログインボーナス*
*開催期間中、1日1回 6日間日替りでログインボーナスをプレゼント！*
`マナプリズム X 70
`_2022-12-21 19:38:43_
--------
