【登录信息】
[616a3f39c6e3c5632fd0210a65318c96]
`登陆天数: 170天 / 2261天
等级: 157
石头: 44
呼符: 114
友情点: 0 / 18905805`
*連続ログイン2日目
※ログインが途切れるか、7日到達すると
1日目から再開されます*
`聖晶石 X 1
12月交換券(2022) X 1
`*「Lostbelt No.7」開幕直前
カウントダウンログインボーナス*
*開催期間中、1日1回 6日間日替りでログインボーナスをプレゼント！*
`フレンドポイント X 70000
`_2022-12-22 19:38:22_
--------
[759adb97f1408e3d56e5b840a52a406c]
`登陆天数: 9天 / 2237天
等级: 146
石头: 83
呼符: 2
友情点: 20 / 7063460`
*連続ログイン2日目
※ログインが途切れるか、7日到達すると
1日目から再開されます*
`聖晶石 X 1
12月交換券(2022) X 1
`*「Lostbelt No.7」開幕直前
カウントダウンログインボーナス*
*開催期間中、1日1回 6日間日替りでログインボーナスをプレゼント！*
`フレンドポイント X 70000
`_2022-12-22 19:38:31_
--------
