【登录信息】
[616a3f39c6e3c5632fd0210a65318c96]
`登陆天数: 171天 / 2262天
等级: 157
石头: 44
呼符: 114
友情点: 0 / 18905805`
*連続ログイン3日目
※ログインが途切れるか、7日到達すると
1日目から再開されます*
`叡智の業火 X 1
12月交換券(2022) X 1
`*「FGO ウィンターパーティー 2022-2023」北海道会場開催直前 ログインボーナス*
*開催期間中、1日1回 最大3回 ログインボーナスをプレゼント！*
`黄金の果実 X 1
`_2022-12-23 19:38:19_
--------
[759adb97f1408e3d56e5b840a52a406c]
`登陆天数: 10天 / 2238天
等级: 146
石头: 84
呼符: 2
友情点: 20 / 7133510`
*連続ログイン3日目
※ログインが途切れるか、7日到達すると
1日目から再開されます*
`叡智の業火 X 1
12月交換券(2022) X 1
`*「FGO ウィンターパーティー 2022-2023」北海道会場開催直前 ログインボーナス*
*開催期間中、1日1回 最大3回 ログインボーナスをプレゼント！*
`黄金の果実 X 1
`_2022-12-23 19:38:29_
--------
