【登录信息】
[616a3f39c6e3c5632fd0210a65318c96]
`登陆天数: 172天 / 2263天
等级: 157
石头: 44
呼符: 114
友情点: 0 / 18905805`
*連続ログイン4日目
※ログインが途切れるか、7日到達すると
1日目から再開されます*
`聖晶石 X 1
12月交換券(2022) X 1
`*新所長からのクリスマスプレゼント*
*開催期間中、初回ログインで「聖晶石×10」をプレゼント！*
`聖晶石 X 10
`_2022-12-24 19:38:19_
--------
[759adb97f1408e3d56e5b840a52a406c]
`登陆天数: 11天 / 2239天
等级: 146
石头: 86
呼符: 2
友情点: 95 / 7133790`
*連続ログイン4日目
※ログインが途切れるか、7日到達すると
1日目から再開されます*
`聖晶石 X 1
12月交換券(2022) X 1
`*新所長からのクリスマスプレゼント*
*開催期間中、初回ログインで「聖晶石×10」をプレゼント！*
`聖晶石 X 10
`_2022-12-24 19:38:28_
--------
