【登录信息】
[616a3f39c6e3c5632fd0210a65318c96]
`登陆天数: 176天 / 2267天
等级: 157
石头: 44
呼符: 114
友情点: 0 / 18905880`
*連続ログイン1日目
※ログインが途切れるか、7日到達すると
1日目から再開されます*
`フレンドポイント X 2000
12月交換券(2022) X 1
`*Fate Project 大晦日TVスペシャル2022 放送カウントダウンログインボーナス*
*開催期間中、1日1回 3日間日替りでログインボーナスをプレゼント！*
`黄金の果実 X 1
`_2022-12-28 19:38:29_
--------
[759adb97f1408e3d56e5b840a52a406c]
`登陆天数: 15天 / 2243天
等级: 146
石头: 132
呼符: 3
友情点: 610 / 7136565`
*連続ログイン1日目
※ログインが途切れるか、7日到達すると
1日目から再開されます*
`フレンドポイント X 2000
12月交換券(2022) X 1
`*Fate Project 大晦日TVスペシャル2022 放送カウントダウンログインボーナス*
*開催期間中、1日1回 3日間日替りでログインボーナスをプレゼント！*
`黄金の果実 X 1
`_2022-12-28 19:38:38_
--------
