【登录信息】
[616a3f39c6e3c5632fd0210a65318c96]
`登陆天数: 177天 / 2268天
等级: 157
石头: 44
呼符: 114
友情点: 0 / 18905880`
*連続ログイン2日目
※ログインが途切れるか、7日到達すると
1日目から再開されます*
`聖晶石 X 1
12月交換券(2022) X 1
`*Fate Project 大晦日TVスペシャル2022 放送カウントダウンログインボーナス*
*開催期間中、1日1回 3日間日替りでログインボーナスをプレゼント！*
`黄金の果実 X 1
`_2022-12-29 19:38:21_
--------
[759adb97f1408e3d56e5b840a52a406c]
`登陆天数: 16天 / 2244天
等级: 146
石头: 132
呼符: 3
友情点: 790 / 7140150`
*連続ログイン2日目
※ログインが途切れるか、7日到達すると
1日目から再開されます*
`聖晶石 X 1
12月交換券(2022) X 1
`*Fate Project 大晦日TVスペシャル2022 放送カウントダウンログインボーナス*
*開催期間中、1日1回 3日間日替りでログインボーナスをプレゼント！*
`黄金の果実 X 1
`_2022-12-29 19:38:31_
--------
