【登录信息】
[616a3f39c6e3c5632fd0210a65318c96]
`登陆天数: 23天 / 2509天
等级: 158
石头: 256
呼符: 210
友情点: 75 / 19693665`
*連続ログイン2日目
※ログインが途切れるか、7日到達すると
1日目から再開されます*
`聖晶石 X 1
9月交換券(2023) X 1
`*ハンティングクエスト 第13弾
特別ログインボーナス*
*開催期間中、1日1回 最大7回ログインボーナスをプレゼント！*
`黄金の果実 X 1
`_2023-09-01 19:35:43_
--------
[759adb97f1408e3d56e5b840a52a406c]
`登陆天数: 262天 / 2490天
等级: 147
石头: 180
呼符: 8
友情点: 385 / 6613905`
*連続ログイン3日目
※ログインが途切れるか、7日到達すると
1日目から再開されます*
`叡智の業火 X 1
9月交換券(2023) X 1
`*ハンティングクエスト 第13弾
特別ログインボーナス*
*開催期間中、1日1回 最大7回ログインボーナスをプレゼント！*
`黄金の果実 X 1
`_2023-09-01 19:35:52_
--------
