【登录信息】
[616a3f39c6e3c5632fd0210a65318c96]
`登陆天数: 27天 / 2513天
等级: 158
石头: 285
呼符: 210
友情点: 0 / 19693790`
*連続ログイン6日目
※ログインが途切れるか、7日到達すると
1日目から再開されます*
`聖晶石 X 2
9月交換券(2023) X 1
`*ハンティングクエスト 第13弾
特別ログインボーナス*
*開催期間中、1日1回 最大7回ログインボーナスをプレゼント！*
`黄金の果実 X 1
`_2023-09-05 19:35:42_
--------
[759adb97f1408e3d56e5b840a52a406c]
`登陆天数: 266天 / 2494天
等级: 147
石头: 163
呼符: 3
友情点: 900 / 6618510`
*連続ログイン7日間到達おめでとうございます！
明日は1日目からリスタートされます。*
`獣の足跡 X 1
呼符 X 1
9月交換券(2023) X 1
`*ハンティングクエスト 第13弾
特別ログインボーナス*
*開催期間中、1日1回 最大7回ログインボーナスをプレゼント！*
`黄金の果実 X 1
`_2023-09-05 19:35:52_
--------
