【登录信息】
[616a3f39c6e3c5632fd0210a65318c96]
`登陆天数: 29天 / 2515天
等级: 158
石头: 285
呼符: 210
友情点: 0 / 19693840`
*連続ログイン1日目
※ログインが途切れるか、7日到達すると
1日目から再開されます*
`フレンドポイント X 2000
9月交換券(2023) X 1
`*ハンティングクエスト 第13弾
特別ログインボーナス*
*開催期間中、1日1回 最大7回ログインボーナスをプレゼント！*
`黄金の果実 X 1
`_2023-09-07 19:35:49_
--------
[759adb97f1408e3d56e5b840a52a406c]
`登陆天数: 268天 / 2496天
等级: 147
石头: 165
呼符: 4
友情点: 180 / 6622145`
*連続ログイン2日目
※ログインが途切れるか、7日到達すると
1日目から再開されます*
`聖晶石 X 1
9月交換券(2023) X 1
`*ハンティングクエスト 第13弾
特別ログインボーナス*
*開催期間中、1日1回 最大7回ログインボーナスをプレゼント！*
`黄金の果実 X 1
`_2023-09-07 19:35:59_
--------
