【登录信息】
[616a3f39c6e3c5632fd0210a65318c96]
`登陆天数: 35天 / 2521天
等级: 158
石头: 285
呼符: 210
友情点: 100 / 19693965`
*連続ログイン7日間到達おめでとうございます！
明日は1日目からリスタートされます。*
`獣の足跡 X 1
呼符 X 1
9月交換券(2023) X 1
`*日替りログインボーナス*
*開催期間中、1日1回 2週間日替りでログインボーナスをプレゼント！*
`巡霊の葉 X 30
`_2023-09-13 19:35:44_
--------
[759adb97f1408e3d56e5b840a52a406c]
`登陆天数: 274天 / 2502天
等级: 147
石头: 207
呼符: 3
友情点: 300 / 6626060`
*連続ログイン1日目
※ログインが途切れるか、7日到達すると
1日目から再開されます*
`フレンドポイント X 2000
9月交換券(2023) X 1
`*日替りログインボーナス*
*開催期間中、1日1回 2週間日替りでログインボーナスをプレゼント！*
`巡霊の葉 X 30
`_2023-09-13 19:35:56_
--------
