【登录信息】
[616a3f39c6e3c5632fd0210a65318c96]
`登陆天数: 39天 / 2525天
等级: 158
石头: 285
呼符: 210
友情点: 100 / 19694065`
*連続ログイン4日目
※ログインが途切れるか、7日到達すると
1日目から再開されます*
`聖晶石 X 1
9月交換券(2023) X 1
`*日替りログインボーナス*
*開催期間中、1日1回 2週間日替りでログインボーナスをプレゼント！*
`巡霊の葉 X 30
`_2023-09-17 19:35:39_
--------
[759adb97f1408e3d56e5b840a52a406c]
`登陆天数: 278天 / 2506天
等级: 147
石头: 214
呼符: 4
友情点: 90 / 6632905`
*連続ログイン5日目
※ログインが途切れるか、7日到達すると
1日目から再開されます*
`叡智の業火 X 2
9月交換券(2023) X 1
`*日替りログインボーナス*
*開催期間中、1日1回 2週間日替りでログインボーナスをプレゼント！*
`巡霊の葉 X 30
`_2023-09-17 19:35:49_
--------
