【登录信息】
[616a3f39c6e3c5632fd0210a65318c96]
`登陆天数: 41天 / 2527天
等级: 158
石头: 285
呼符: 210
友情点: 0 / 19694065`
*連続ログイン6日目
※ログインが途切れるか、7日到達すると
1日目から再開されます*
`聖晶石 X 2
9月交換券(2023) X 1
`*日替りログインボーナス*
*開催期間中、1日1回 2週間日替りでログインボーナスをプレゼント！*
`聖晶石 X 3
巡霊の葉 X 50
`_2023-09-19 19:35:26_
--------
[759adb97f1408e3d56e5b840a52a406c]
`登陆天数: 280天 / 2508天
等级: 147
石头: 226
呼符: 4
友情点: 260 / 6634110`
*連続ログイン7日間到達おめでとうございます！
明日は1日目からリスタートされます。*
`獣の足跡 X 1
呼符 X 1
9月交換券(2023) X 1
`*日替りログインボーナス*
*開催期間中、1日1回 2週間日替りでログインボーナスをプレゼント！*
`聖晶石 X 3
巡霊の葉 X 50
`_2023-09-19 19:35:37_
--------
