【登录信息】
[616a3f39c6e3c5632fd0210a65318c96]
`登陆天数: 45天 / 2531天
等级: 158
石头: 285
呼符: 210
友情点: 0 / 19694090`
*連続ログイン3日目
※ログインが途切れるか、7日到達すると
1日目から再開されます*
`叡智の業火 X 1
9月交換券(2023) X 1
`*日替りログインボーナス*
*開催期間中、1日1回 2週間日替りでログインボーナスをプレゼント！*
`巡霊の葉 X 30
`_2023-09-23 19:35:49_
--------
[759adb97f1408e3d56e5b840a52a406c]
`登陆天数: 284天 / 2512天
等级: 147
石头: 236
呼符: 4
友情点: 430 / 6639330`
*連続ログイン4日目
※ログインが途切れるか、7日到達すると
1日目から再開されます*
`聖晶石 X 1
9月交換券(2023) X 1
`*日替りログインボーナス*
*開催期間中、1日1回 2週間日替りでログインボーナスをプレゼント！*
`巡霊の葉 X 30
`_2023-09-23 19:35:59_
--------
