【登录信息】
[616a3f39c6e3c5632fd0210a65318c96]
`登陆天数: 47天 / 2533天
等级: 158
石头: 286
呼符: 210
友情点: 30 / 19694995`
*連続ログイン5日目
※ログインが途切れるか、7日到達すると
1日目から再開されます*
`叡智の業火 X 2
9月交換券(2023) X 1
`*日替りログインボーナス*
*開催期間中、1日1回 2週間日替りでログインボーナスをプレゼント！*
`巡霊の葉 X 30
`_2023-09-25 19:35:39_
--------
[759adb97f1408e3d56e5b840a52a406c]
`登陆天数: 286天 / 2514天
等级: 147
石头: 239
呼符: 4
友情点: 250 / 6640985`
*連続ログイン6日目
※ログインが途切れるか、7日到達すると
1日目から再開されます*
`聖晶石 X 2
9月交換券(2023) X 1
`*日替りログインボーナス*
*開催期間中、1日1回 2週間日替りでログインボーナスをプレゼント！*
`巡霊の葉 X 30
`_2023-09-25 19:35:49_
--------
