【登录信息】
[616a3f39c6e3c5632fd0210a65318c96]
`登陆天数: 50天 / 2536天
等级: 158
石头: 286
呼符: 210
友情点: 0 / 19694995`
*連続ログイン1日目
※ログインが途切れるか、7日到達すると
1日目から再開されます*
`フレンドポイント X 2000
9月交換券(2023) X 1
`*「Fate/Samurai Remnant」発売記念 特別ログインボーナス*
*開催期間中、初回ログインで「限定概念礼装」をプレゼント！*
`Samurai Remnant X 1
`_2023-09-28 19:35:46_
--------
[759adb97f1408e3d56e5b840a52a406c]
`登陆天数: 289天 / 2517天
等级: 147
石头: 244
呼符: 5
友情点: 160 / 6646400`
*連続ログイン2日目
※ログインが途切れるか、7日到達すると
1日目から再開されます*
`聖晶石 X 1
9月交換券(2023) X 1
`*ワンジナ・ワールドツアー！ ～大精霊と巡る世界一周～開幕記念 ログインボーナス*
*開催期間中、1日1回 最大21回ログインボーナスをプレゼント！*
`白銀の果実 X 1
`_2023-09-28 19:35:56_
--------
